mode: set
github.com/rombintu/goyametricsv2/cmd/agent/main.go:16.13,46.12 17 0
github.com/rombintu/goyametricsv2/cmd/agent/main.go:46.12,50.3 3 0
github.com/rombintu/goyametricsv2/cmd/agent/main.go:53.2,54.65 2 0
github.com/rombintu/goyametricsv2/cmd/server/main.go:16.13,19.70 2 0
github.com/rombintu/goyametricsv2/cmd/server/main.go:19.70,21.3 1 0
github.com/rombintu/goyametricsv2/cmd/server/main.go:23.2,32.46 6 0
github.com/rombintu/goyametricsv2/cmd/server/main.go:32.46,33.13 1 0
github.com/rombintu/goyametricsv2/cmd/server/main.go:33.13,36.8 3 0
github.com/rombintu/goyametricsv2/cmd/server/main.go:36.8,37.12 1 0
github.com/rombintu/goyametricsv2/cmd/server/main.go:38.21,39.34 1 0
github.com/rombintu/goyametricsv2/cmd/server/main.go:40.17,42.12 2 0
github.com/rombintu/goyametricsv2/cmd/server/main.go:49.2,58.65 6 0
github.com/rombintu/goyametricsv2/internal/logger/logger.go:22.42,25.14 3 1
github.com/rombintu/goyametricsv2/internal/logger/logger.go:26.16,29.17 3 1
github.com/rombintu/goyametricsv2/internal/logger/logger.go:29.17,31.4 1 0
github.com/rombintu/goyametricsv2/internal/logger/logger.go:32.10,35.17 3 1
github.com/rombintu/goyametricsv2/internal/logger/logger.go:35.17,37.4 1 0
github.com/rombintu/goyametricsv2/internal/logger/logger.go:41.2,44.16 3 1
github.com/rombintu/goyametricsv2/internal/logger/logger.go:44.16,46.3 1 0
github.com/rombintu/goyametricsv2/internal/logger/logger.go:47.2,50.12 3 1
github.com/rombintu/goyametricsv2/internal/logger/logger.go:55.60,56.36 1 0
github.com/rombintu/goyametricsv2/internal/logger/logger.go:56.36,59.17 3 0
github.com/rombintu/goyametricsv2/internal/logger/logger.go:59.17,61.4 1 0
github.com/rombintu/goyametricsv2/internal/logger/logger.go:62.3,86.13 6 0
github.com/rombintu/goyametricsv2/internal/mocks/mock_storage.go:26.59,30.2 3 0
github.com/rombintu/goyametricsv2/internal/mocks/mock_storage.go:33.57,35.2 1 0
github.com/rombintu/goyametricsv2/internal/mocks/mock_storage.go:38.37,43.2 4 0
github.com/rombintu/goyametricsv2/internal/mocks/mock_storage.go:46.57,49.2 2 0
github.com/rombintu/goyametricsv2/internal/mocks/mock_storage.go:52.62,58.2 5 0
github.com/rombintu/goyametricsv2/internal/mocks/mock_storage.go:61.77,64.2 2 0
github.com/rombintu/goyametricsv2/internal/mocks/mock_storage.go:67.45,72.2 4 0
github.com/rombintu/goyametricsv2/internal/mocks/mock_storage.go:75.58,78.2 2 0
github.com/rombintu/goyametricsv2/internal/mocks/mock_storage.go:81.36,86.2 4 0
github.com/rombintu/goyametricsv2/internal/mocks/mock_storage.go:89.56,92.2 2 0
github.com/rombintu/goyametricsv2/internal/mocks/mock_storage.go:95.36,100.2 4 0
github.com/rombintu/goyametricsv2/internal/mocks/mock_storage.go:103.56,106.2 2 0
github.com/rombintu/goyametricsv2/internal/mocks/mock_storage.go:109.39,114.2 4 0
github.com/rombintu/goyametricsv2/internal/mocks/mock_storage.go:117.59,120.2 2 0
github.com/rombintu/goyametricsv2/internal/mocks/mock_storage.go:123.36,128.2 4 0
github.com/rombintu/goyametricsv2/internal/mocks/mock_storage.go:131.56,134.2 2 0
github.com/rombintu/goyametricsv2/internal/mocks/mock_storage.go:137.61,142.2 4 0
github.com/rombintu/goyametricsv2/internal/mocks/mock_storage.go:145.86,148.2 2 0
github.com/rombintu/goyametricsv2/internal/mocks/mock_storage.go:151.58,156.2 4 0
github.com/rombintu/goyametricsv2/internal/mocks/mock_storage.go:159.77,162.2 2 0
github.com/rombintu/goyametricsv2/internal/config/agent.go:17.45,33.2 13 0
github.com/rombintu/goyametricsv2/internal/config/agent.go:36.36,48.2 8 0
github.com/rombintu/goyametricsv2/internal/config/default.go:50.51,52.9 2 1
github.com/rombintu/goyametricsv2/internal/config/default.go:52.9,54.3 1 1
github.com/rombintu/goyametricsv2/internal/config/default.go:54.8,56.3 1 0
github.com/rombintu/goyametricsv2/internal/config/default.go:59.61,61.9 2 1
github.com/rombintu/goyametricsv2/internal/config/default.go:61.9,63.3 1 1
github.com/rombintu/goyametricsv2/internal/config/default.go:63.8,65.17 2 0
github.com/rombintu/goyametricsv2/internal/config/default.go:65.17,67.4 1 0
github.com/rombintu/goyametricsv2/internal/config/default.go:67.9,69.4 1 0
github.com/rombintu/goyametricsv2/internal/config/default.go:73.58,75.9 2 1
github.com/rombintu/goyametricsv2/internal/config/default.go:75.9,77.3 1 1
github.com/rombintu/goyametricsv2/internal/config/default.go:77.8,79.17 2 0
github.com/rombintu/goyametricsv2/internal/config/default.go:79.17,81.4 1 0
github.com/rombintu/goyametricsv2/internal/config/default.go:81.9,83.4 1 0
github.com/rombintu/goyametricsv2/internal/config/server.go:24.47,54.2 19 1
github.com/rombintu/goyametricsv2/internal/config/server.go:56.38,69.31 9 1
github.com/rombintu/goyametricsv2/internal/config/server.go:69.31,71.3 1 0
github.com/rombintu/goyametricsv2/internal/config/server.go:74.2,76.29 2 1
github.com/rombintu/goyametricsv2/internal/config/server.go:76.29,78.3 1 0
github.com/rombintu/goyametricsv2/internal/config/server.go:78.8,78.85 1 1
github.com/rombintu/goyametricsv2/internal/config/server.go:78.85,80.3 1 0
github.com/rombintu/goyametricsv2/internal/config/server.go:82.2,82.15 1 1
github.com/rombintu/goyametricsv2/internal/agent/agent.go:54.44,63.2 1 1
github.com/rombintu/goyametricsv2/internal/agent/agent.go:65.29,67.21 1 0
github.com/rombintu/goyametricsv2/internal/agent/agent.go:67.21,69.3 1 0
github.com/rombintu/goyametricsv2/internal/agent/agent.go:72.38,73.39 1 1
github.com/rombintu/goyametricsv2/internal/agent/agent.go:73.39,75.3 1 1
github.com/rombintu/goyametricsv2/internal/agent/agent.go:75.8,77.3 1 1
github.com/rombintu/goyametricsv2/internal/agent/agent.go:80.32,82.2 1 1
github.com/rombintu/goyametricsv2/internal/agent/agent.go:84.61,85.47 1 0
github.com/rombintu/goyametricsv2/internal/agent/agent.go:85.47,87.3 1 0
github.com/rombintu/goyametricsv2/internal/agent/agent.go:88.2,89.16 2 0
github.com/rombintu/goyametricsv2/internal/agent/agent.go:89.16,91.3 1 0
github.com/rombintu/goyametricsv2/internal/agent/agent.go:94.2,96.16 3 0
github.com/rombintu/goyametricsv2/internal/agent/agent.go:96.16,99.3 2 0
github.com/rombintu/goyametricsv2/internal/agent/agent.go:100.2,101.16 2 0
github.com/rombintu/goyametricsv2/internal/agent/agent.go:101.16,104.3 2 0
github.com/rombintu/goyametricsv2/internal/agent/agent.go:105.2,110.16 3 0
github.com/rombintu/goyametricsv2/internal/agent/agent.go:110.16,112.3 1 0
github.com/rombintu/goyametricsv2/internal/agent/agent.go:115.2,115.21 1 0
github.com/rombintu/goyametricsv2/internal/agent/agent.go:115.21,118.3 2 0
github.com/rombintu/goyametricsv2/internal/agent/agent.go:120.2,126.16 5 0
github.com/rombintu/goyametricsv2/internal/agent/agent.go:126.16,128.3 1 0
github.com/rombintu/goyametricsv2/internal/agent/agent.go:130.2,131.12 2 0
github.com/rombintu/goyametricsv2/internal/agent/agent.go:134.54,138.34 3 0
github.com/rombintu/goyametricsv2/internal/agent/agent.go:138.34,145.3 2 0
github.com/rombintu/goyametricsv2/internal/agent/agent.go:147.2,147.32 1 0
github.com/rombintu/goyametricsv2/internal/agent/agent.go:147.32,154.3 2 0
github.com/rombintu/goyametricsv2/internal/agent/agent.go:156.2,156.56 1 0
github.com/rombintu/goyametricsv2/internal/agent/agent.go:156.56,158.3 1 0
github.com/rombintu/goyametricsv2/internal/agent/agent.go:159.2,159.12 1 0
github.com/rombintu/goyametricsv2/internal/agent/agent.go:162.68,164.6 2 0
github.com/rombintu/goyametricsv2/internal/agent/agent.go:164.6,165.10 1 0
github.com/rombintu/goyametricsv2/internal/agent/agent.go:166.21,168.10 2 0
github.com/rombintu/goyametricsv2/internal/agent/agent.go:169.11,174.23 2 0
github.com/rombintu/goyametricsv2/internal/agent/agent.go:174.23,177.5 2 0
github.com/rombintu/goyametricsv2/internal/agent/agent.go:178.4,178.56 1 0
github.com/rombintu/goyametricsv2/internal/agent/agent.go:178.56,181.5 2 0
github.com/rombintu/goyametricsv2/internal/agent/agent.go:182.4,182.23 1 0
github.com/rombintu/goyametricsv2/internal/agent/agent.go:182.23,185.5 2 0
github.com/rombintu/goyametricsv2/internal/agent/agent.go:186.4,186.61 1 0
github.com/rombintu/goyametricsv2/internal/agent/agent.go:192.66,194.6 2 0
github.com/rombintu/goyametricsv2/internal/agent/agent.go:194.6,195.10 1 0
github.com/rombintu/goyametricsv2/internal/agent/agent.go:196.21,198.10 2 0
github.com/rombintu/goyametricsv2/internal/agent/agent.go:199.11,202.59 3 0
github.com/rombintu/goyametricsv2/internal/agent/agent.go:209.68,211.6 2 0
github.com/rombintu/goyametricsv2/internal/agent/agent.go:211.6,212.10 1 0
github.com/rombintu/goyametricsv2/internal/agent/agent.go:213.21,215.10 2 0
github.com/rombintu/goyametricsv2/internal/agent/agent.go:216.11,218.23 2 0
github.com/rombintu/goyametricsv2/internal/agent/agent.go:218.23,221.5 2 0
github.com/rombintu/goyametricsv2/internal/agent/agent.go:222.4,222.57 1 0
github.com/rombintu/goyametricsv2/internal/agent/agent.go:222.57,224.5 1 0
github.com/rombintu/goyametricsv2/internal/agent/agent.go:225.4,225.23 1 0
github.com/rombintu/goyametricsv2/internal/agent/agent.go:225.23,228.5 2 0
github.com/rombintu/goyametricsv2/internal/agent/agent.go:229.4,230.59 2 0
github.com/rombintu/goyametricsv2/internal/agent/agent.go:236.43,238.16 2 1
github.com/rombintu/goyametricsv2/internal/agent/agent.go:238.16,241.3 2 0
github.com/rombintu/goyametricsv2/internal/agent/agent.go:243.2,244.16 2 1
github.com/rombintu/goyametricsv2/internal/agent/agent.go:244.16,247.3 2 0
github.com/rombintu/goyametricsv2/internal/agent/agent.go:249.2,256.3 5 1
github.com/rombintu/goyametricsv2/internal/agent/agent.go:259.31,265.16 5 1
github.com/rombintu/goyametricsv2/internal/agent/agent.go:265.16,267.3 1 0
github.com/rombintu/goyametricsv2/internal/agent/agent.go:268.2,272.44 4 1
github.com/rombintu/goyametricsv2/internal/agent/agent.go:272.44,273.28 1 1
github.com/rombintu/goyametricsv2/internal/agent/agent.go:274.16,278.6 1 1
github.com/rombintu/goyametricsv2/internal/agent/agent.go:279.14,283.6 1 0
github.com/rombintu/goyametricsv2/internal/agent/agent.go:289.2,297.24 5 1
github.com/rombintu/goyametricsv2/internal/agent/agent.go:301.30,303.16 2 0
github.com/rombintu/goyametricsv2/internal/agent/agent.go:303.16,305.3 1 0
github.com/rombintu/goyametricsv2/internal/agent/agent.go:306.2,307.12 2 0
github.com/rombintu/goyametricsv2/internal/agent/agent.go:310.44,312.32 2 0
github.com/rombintu/goyametricsv2/internal/agent/agent.go:312.32,313.30 1 0
github.com/rombintu/goyametricsv2/internal/agent/agent.go:313.30,317.35 3 0
github.com/rombintu/goyametricsv2/internal/agent/agent.go:317.35,319.5 1 0
github.com/rombintu/goyametricsv2/internal/agent/agent.go:322.2,322.12 1 0
github.com/rombintu/goyametricsv2/lib/mygzip/gzip.go:22.61,23.52 1 0
github.com/rombintu/goyametricsv2/lib/mygzip/gzip.go:23.52,25.3 1 0
github.com/rombintu/goyametricsv2/lib/mygzip/gzip.go:26.2,26.28 1 0
github.com/rombintu/goyametricsv2/lib/mygzip/gzip.go:29.61,30.36 1 0
github.com/rombintu/goyametricsv2/lib/mygzip/gzip.go:30.36,33.52 2 0
github.com/rombintu/goyametricsv2/lib/mygzip/gzip.go:33.52,35.4 1 0
github.com/rombintu/goyametricsv2/lib/mygzip/gzip.go:37.3,38.52 2 0
github.com/rombintu/goyametricsv2/lib/mygzip/gzip.go:38.52,41.18 2 0
github.com/rombintu/goyametricsv2/lib/mygzip/gzip.go:41.18,43.5 1 0
github.com/rombintu/goyametricsv2/lib/mygzip/gzip.go:44.4,47.47 2 0
github.com/rombintu/goyametricsv2/lib/mygzip/gzip.go:50.3,63.33 6 0
github.com/rombintu/goyametricsv2/lib/mygzip/gzip.go:63.33,65.4 1 0
github.com/rombintu/goyametricsv2/lib/mygzip/gzip.go:68.3,68.44 1 0
github.com/rombintu/goyametricsv2/lib/mygzip/gzip.go:68.44,70.4 1 0
github.com/rombintu/goyametricsv2/lib/mygzip/gzip.go:72.3,72.13 1 0
github.com/rombintu/goyametricsv2/lib/myhash/sha256.go:16.53,20.2 3 0
github.com/rombintu/goyametricsv2/lib/myhash/sha256.go:29.58,30.54 1 0
github.com/rombintu/goyametricsv2/lib/myhash/sha256.go:30.54,31.37 1 0
github.com/rombintu/goyametricsv2/lib/myhash/sha256.go:31.37,33.63 1 0
github.com/rombintu/goyametricsv2/lib/myhash/sha256.go:33.63,35.5 1 0
github.com/rombintu/goyametricsv2/lib/myhash/sha256.go:37.4,38.18 2 0
github.com/rombintu/goyametricsv2/lib/myhash/sha256.go:38.18,40.5 1 0
github.com/rombintu/goyametricsv2/lib/myhash/sha256.go:41.4,43.82 2 0
github.com/rombintu/goyametricsv2/lib/myhash/sha256.go:43.82,45.5 1 0
github.com/rombintu/goyametricsv2/lib/myhash/sha256.go:48.4,50.25 3 0
github.com/rombintu/goyametricsv2/lib/myhash/sha256.go:50.25,52.5 1 0
github.com/rombintu/goyametricsv2/lib/myhash/sha256.go:52.10,52.42 1 0
github.com/rombintu/goyametricsv2/lib/myhash/sha256.go:52.42,55.5 2 0
github.com/rombintu/goyametricsv2/lib/myhash/sha256.go:55.10,57.5 1 0
github.com/rombintu/goyametricsv2/lib/myhash/sha256.go:59.4,60.18 2 0
github.com/rombintu/goyametricsv2/lib/patterns/semaphore.go:7.44,11.2 1 0
github.com/rombintu/goyametricsv2/lib/patterns/semaphore.go:13.31,15.2 1 0
github.com/rombintu/goyametricsv2/lib/patterns/semaphore.go:17.31,19.2 1 0
github.com/rombintu/goyametricsv2/internal/models/models.go:17.57,19.17 1 1
github.com/rombintu/goyametricsv2/internal/models/models.go:20.25,22.17 2 0
github.com/rombintu/goyametricsv2/internal/models/models.go:22.17,24.4 1 0
github.com/rombintu/goyametricsv2/internal/models/models.go:25.3,25.19 1 0
github.com/rombintu/goyametricsv2/internal/models/models.go:26.27,28.17 2 1
github.com/rombintu/goyametricsv2/internal/models/models.go:28.17,30.4 1 1
github.com/rombintu/goyametricsv2/internal/models/models.go:31.3,31.19 1 0
github.com/rombintu/goyametricsv2/internal/models/models.go:33.2,33.12 1 0
github.com/rombintu/goyametricsv2/internal/models/models.go:36.41,38.2 1 1
github.com/rombintu/goyametricsv2/internal/models/models.go:40.43,42.2 1 1
github.com/rombintu/goyametricsv2/internal/mocks/mock_storage.go:26.59,30.2 3 1
github.com/rombintu/goyametricsv2/internal/mocks/mock_storage.go:33.57,35.2 1 1
github.com/rombintu/goyametricsv2/internal/mocks/mock_storage.go:38.37,43.2 4 1
github.com/rombintu/goyametricsv2/internal/mocks/mock_storage.go:46.57,49.2 2 1
github.com/rombintu/goyametricsv2/internal/mocks/mock_storage.go:52.62,58.2 5 1
github.com/rombintu/goyametricsv2/internal/mocks/mock_storage.go:61.77,64.2 2 1
github.com/rombintu/goyametricsv2/internal/mocks/mock_storage.go:67.45,72.2 4 0
github.com/rombintu/goyametricsv2/internal/mocks/mock_storage.go:75.58,78.2 2 0
github.com/rombintu/goyametricsv2/internal/mocks/mock_storage.go:81.36,86.2 4 0
github.com/rombintu/goyametricsv2/internal/mocks/mock_storage.go:89.56,92.2 2 0
github.com/rombintu/goyametricsv2/internal/mocks/mock_storage.go:95.36,100.2 4 1
github.com/rombintu/goyametricsv2/internal/mocks/mock_storage.go:103.56,106.2 2 1
github.com/rombintu/goyametricsv2/internal/mocks/mock_storage.go:109.39,114.2 4 0
github.com/rombintu/goyametricsv2/internal/mocks/mock_storage.go:117.59,120.2 2 0
github.com/rombintu/goyametricsv2/internal/mocks/mock_storage.go:123.36,128.2 4 1
github.com/rombintu/goyametricsv2/internal/mocks/mock_storage.go:131.56,134.2 2 1
github.com/rombintu/goyametricsv2/internal/mocks/mock_storage.go:137.61,142.2 4 1
github.com/rombintu/goyametricsv2/internal/mocks/mock_storage.go:145.86,148.2 2 1
github.com/rombintu/goyametricsv2/internal/mocks/mock_storage.go:151.58,156.2 4 1
github.com/rombintu/goyametricsv2/internal/mocks/mock_storage.go:159.77,162.2 2 1
github.com/rombintu/goyametricsv2/internal/server/handlers.go:17.55,22.17 4 1
github.com/rombintu/goyametricsv2/internal/server/handlers.go:22.17,24.3 1 0
github.com/rombintu/goyametricsv2/internal/server/handlers.go:25.2,25.63 1 1
github.com/rombintu/goyametricsv2/internal/server/handlers.go:25.63,33.3 2 0
github.com/rombintu/goyametricsv2/internal/server/handlers.go:36.2,36.23 1 1
github.com/rombintu/goyametricsv2/internal/server/handlers.go:36.23,38.3 1 0
github.com/rombintu/goyametricsv2/internal/server/handlers.go:40.2,40.43 1 1
github.com/rombintu/goyametricsv2/internal/server/handlers.go:43.57,47.16 4 1
github.com/rombintu/goyametricsv2/internal/server/handlers.go:47.16,50.3 2 1
github.com/rombintu/goyametricsv2/internal/server/handlers.go:51.2,51.39 1 1
github.com/rombintu/goyametricsv2/internal/server/handlers.go:54.52,56.2 1 0
github.com/rombintu/goyametricsv2/internal/server/handlers.go:59.64,62.74 2 1
github.com/rombintu/goyametricsv2/internal/server/handlers.go:62.74,65.3 2 0
github.com/rombintu/goyametricsv2/internal/server/handlers.go:67.2,77.22 3 1
github.com/rombintu/goyametricsv2/internal/server/handlers.go:78.25,79.26 1 0
github.com/rombintu/goyametricsv2/internal/server/handlers.go:79.26,83.4 3 0
github.com/rombintu/goyametricsv2/internal/server/handlers.go:85.3,85.59 1 0
github.com/rombintu/goyametricsv2/internal/server/handlers.go:86.27,87.26 1 1
github.com/rombintu/goyametricsv2/internal/server/handlers.go:87.26,91.4 3 0
github.com/rombintu/goyametricsv2/internal/server/handlers.go:93.3,93.48 1 1
github.com/rombintu/goyametricsv2/internal/server/handlers.go:96.2,98.74 2 1
github.com/rombintu/goyametricsv2/internal/server/handlers.go:98.74,104.3 2 1
github.com/rombintu/goyametricsv2/internal/server/handlers.go:107.2,107.23 1 1
github.com/rombintu/goyametricsv2/internal/server/handlers.go:107.23,109.3 1 0
github.com/rombintu/goyametricsv2/internal/server/handlers.go:112.2,112.28 1 1
github.com/rombintu/goyametricsv2/internal/server/handlers.go:112.28,114.17 2 0
github.com/rombintu/goyametricsv2/internal/server/handlers.go:114.17,116.4 1 0
github.com/rombintu/goyametricsv2/internal/server/handlers.go:117.3,117.102 1 0
github.com/rombintu/goyametricsv2/internal/server/handlers.go:119.2,122.53 3 1
github.com/rombintu/goyametricsv2/internal/server/handlers.go:126.65,129.75 2 1
github.com/rombintu/goyametricsv2/internal/server/handlers.go:129.75,132.3 2 0
github.com/rombintu/goyametricsv2/internal/server/handlers.go:134.2,139.23 2 1
github.com/rombintu/goyametricsv2/internal/server/handlers.go:139.23,140.29 1 1
github.com/rombintu/goyametricsv2/internal/server/handlers.go:140.29,147.4 1 1
github.com/rombintu/goyametricsv2/internal/server/handlers.go:150.2,154.28 2 1
github.com/rombintu/goyametricsv2/internal/server/handlers.go:154.28,156.39 1 1
github.com/rombintu/goyametricsv2/internal/server/handlers.go:156.39,158.13 2 1
github.com/rombintu/goyametricsv2/internal/server/handlers.go:158.13,160.5 1 0
github.com/rombintu/goyametricsv2/internal/server/handlers.go:160.10,162.5 1 1
github.com/rombintu/goyametricsv2/internal/server/handlers.go:164.9,164.46 1 1
github.com/rombintu/goyametricsv2/internal/server/handlers.go:164.46,166.4 1 1
github.com/rombintu/goyametricsv2/internal/server/handlers.go:166.9,168.4 1 0
github.com/rombintu/goyametricsv2/internal/server/handlers.go:171.2,171.50 1 1
github.com/rombintu/goyametricsv2/internal/server/handlers.go:171.50,174.3 2 0
github.com/rombintu/goyametricsv2/internal/server/handlers.go:177.2,177.23 1 1
github.com/rombintu/goyametricsv2/internal/server/handlers.go:177.23,179.3 1 0
github.com/rombintu/goyametricsv2/internal/server/handlers.go:182.2,182.28 1 1
github.com/rombintu/goyametricsv2/internal/server/handlers.go:182.28,184.17 2 0
github.com/rombintu/goyametricsv2/internal/server/handlers.go:184.17,186.4 1 0
github.com/rombintu/goyametricsv2/internal/server/handlers.go:187.3,187.102 1 0
github.com/rombintu/goyametricsv2/internal/server/handlers.go:189.2,192.54 3 1
github.com/rombintu/goyametricsv2/internal/server/handlers.go:196.63,199.74 2 1
github.com/rombintu/goyametricsv2/internal/server/handlers.go:199.74,202.3 2 0
github.com/rombintu/goyametricsv2/internal/server/handlers.go:203.2,204.16 2 1
github.com/rombintu/goyametricsv2/internal/server/handlers.go:204.16,207.3 2 0
github.com/rombintu/goyametricsv2/internal/server/handlers.go:210.2,210.55 1 1
github.com/rombintu/goyametricsv2/internal/server/handlers.go:210.55,213.3 2 0
github.com/rombintu/goyametricsv2/internal/server/handlers.go:216.2,216.28 1 1
github.com/rombintu/goyametricsv2/internal/server/handlers.go:216.28,218.17 2 0
github.com/rombintu/goyametricsv2/internal/server/handlers.go:218.17,220.4 1 0
github.com/rombintu/goyametricsv2/internal/server/handlers.go:221.3,221.102 1 0
github.com/rombintu/goyametricsv2/internal/server/handlers.go:223.2,226.53 3 1
github.com/rombintu/goyametricsv2/internal/server/handlers.go:230.53,231.41 1 1
github.com/rombintu/goyametricsv2/internal/server/handlers.go:231.41,233.3 1 0
github.com/rombintu/goyametricsv2/internal/server/handlers.go:234.2,234.38 1 1
github.com/rombintu/goyametricsv2/internal/server/server.go:22.77,28.2 1 1
github.com/rombintu/goyametricsv2/internal/server/server.go:30.30,36.2 5 0
github.com/rombintu/goyametricsv2/internal/server/server.go:38.24,40.71 2 0
github.com/rombintu/goyametricsv2/internal/server/server.go:40.71,44.3 2 0
github.com/rombintu/goyametricsv2/internal/server/server.go:47.37,48.41 1 0
github.com/rombintu/goyametricsv2/internal/server/server.go:48.41,50.3 1 0
github.com/rombintu/goyametricsv2/internal/server/server.go:52.2,52.26 1 0
github.com/rombintu/goyametricsv2/internal/server/server.go:52.26,53.45 1 0
github.com/rombintu/goyametricsv2/internal/server/server.go:53.45,55.4 1 0
github.com/rombintu/goyametricsv2/internal/server/server.go:57.2,60.3 1 0
github.com/rombintu/goyametricsv2/internal/server/server.go:63.36,75.2 7 1
github.com/rombintu/goyametricsv2/internal/server/server.go:77.41,86.2 4 0
github.com/rombintu/goyametricsv2/internal/server/server.go:88.35,90.2 1 0
github.com/rombintu/goyametricsv2/internal/server/server.go:92.32,93.41 1 1
github.com/rombintu/goyametricsv2/internal/server/server.go:93.41,95.3 1 0
github.com/rombintu/goyametricsv2/internal/server/server.go:96.2,96.84 1 1
github.com/rombintu/goyametricsv2/internal/server/server.go:100.40,101.41 1 0
github.com/rombintu/goyametricsv2/internal/server/server.go:101.41,103.3 1 0
github.com/rombintu/goyametricsv2/internal/server/server.go:104.2,104.17 1 0
github.com/rombintu/goyametricsv2/internal/server/server.go:107.29,112.42 3 1
github.com/rombintu/goyametricsv2/internal/server/server.go:112.42,114.3 1 0
github.com/rombintu/goyametricsv2/internal/server/templates.go:21.93,23.2 1 0
github.com/rombintu/goyametricsv2/internal/server/templates.go:25.38,36.2 2 0
github.com/rombintu/goyametricsv2/lib/mygzip/gzip.go:22.61,23.52 1 0
github.com/rombintu/goyametricsv2/lib/mygzip/gzip.go:23.52,25.3 1 0
github.com/rombintu/goyametricsv2/lib/mygzip/gzip.go:26.2,26.28 1 0
github.com/rombintu/goyametricsv2/lib/mygzip/gzip.go:29.61,30.36 1 0
github.com/rombintu/goyametricsv2/lib/mygzip/gzip.go:30.36,33.52 2 0
github.com/rombintu/goyametricsv2/lib/mygzip/gzip.go:33.52,35.4 1 0
github.com/rombintu/goyametricsv2/lib/mygzip/gzip.go:37.3,38.52 2 0
github.com/rombintu/goyametricsv2/lib/mygzip/gzip.go:38.52,41.18 2 0
github.com/rombintu/goyametricsv2/lib/mygzip/gzip.go:41.18,43.5 1 0
github.com/rombintu/goyametricsv2/lib/mygzip/gzip.go:44.4,47.47 2 0
github.com/rombintu/goyametricsv2/lib/mygzip/gzip.go:50.3,63.33 6 0
github.com/rombintu/goyametricsv2/lib/mygzip/gzip.go:63.33,65.4 1 0
github.com/rombintu/goyametricsv2/lib/mygzip/gzip.go:68.3,68.44 1 0
github.com/rombintu/goyametricsv2/lib/mygzip/gzip.go:68.44,70.4 1 0
github.com/rombintu/goyametricsv2/lib/mygzip/gzip.go:72.3,72.13 1 0
github.com/rombintu/goyametricsv2/lib/myhash/sha256.go:16.53,20.2 3 0
github.com/rombintu/goyametricsv2/lib/myhash/sha256.go:29.58,30.54 1 0
github.com/rombintu/goyametricsv2/lib/myhash/sha256.go:30.54,31.37 1 0
github.com/rombintu/goyametricsv2/lib/myhash/sha256.go:31.37,33.63 1 0
github.com/rombintu/goyametricsv2/lib/myhash/sha256.go:33.63,35.5 1 0
github.com/rombintu/goyametricsv2/lib/myhash/sha256.go:37.4,38.18 2 0
github.com/rombintu/goyametricsv2/lib/myhash/sha256.go:38.18,40.5 1 0
github.com/rombintu/goyametricsv2/lib/myhash/sha256.go:41.4,43.82 2 0
github.com/rombintu/goyametricsv2/lib/myhash/sha256.go:43.82,45.5 1 0
github.com/rombintu/goyametricsv2/lib/myhash/sha256.go:48.4,50.25 3 0
github.com/rombintu/goyametricsv2/lib/myhash/sha256.go:50.25,52.5 1 0
github.com/rombintu/goyametricsv2/lib/myhash/sha256.go:52.10,52.42 1 0
github.com/rombintu/goyametricsv2/lib/myhash/sha256.go:52.42,55.5 2 0
github.com/rombintu/goyametricsv2/lib/myhash/sha256.go:55.10,57.5 1 0
github.com/rombintu/goyametricsv2/lib/myhash/sha256.go:59.4,60.18 2 0
github.com/rombintu/goyametricsv2/lib/myparser/parser.go:5.45,7.2 1 1
github.com/rombintu/goyametricsv2/lib/myparser/parser.go:9.41,11.2 1 1
github.com/rombintu/goyametricsv2/lib/patterns/semaphore.go:7.44,11.2 1 0
github.com/rombintu/goyametricsv2/lib/patterns/semaphore.go:13.31,15.2 1 0
github.com/rombintu/goyametricsv2/lib/patterns/semaphore.go:17.31,19.2 1 0
github.com/rombintu/goyametricsv2/lib/myhash/sha256.go:16.53,20.2 3 0
github.com/rombintu/goyametricsv2/lib/myhash/sha256.go:29.58,30.54 1 0
github.com/rombintu/goyametricsv2/lib/myhash/sha256.go:30.54,31.37 1 0
github.com/rombintu/goyametricsv2/lib/myhash/sha256.go:31.37,33.63 1 0
github.com/rombintu/goyametricsv2/lib/myhash/sha256.go:33.63,35.5 1 0
github.com/rombintu/goyametricsv2/lib/myhash/sha256.go:37.4,38.18 2 0
github.com/rombintu/goyametricsv2/lib/myhash/sha256.go:38.18,40.5 1 0
github.com/rombintu/goyametricsv2/lib/myhash/sha256.go:41.4,43.82 2 0
github.com/rombintu/goyametricsv2/lib/myhash/sha256.go:43.82,45.5 1 0
github.com/rombintu/goyametricsv2/lib/myhash/sha256.go:48.4,50.25 3 0
github.com/rombintu/goyametricsv2/lib/myhash/sha256.go:50.25,52.5 1 0
github.com/rombintu/goyametricsv2/lib/myhash/sha256.go:52.10,52.42 1 0
github.com/rombintu/goyametricsv2/lib/myhash/sha256.go:52.42,55.5 2 0
github.com/rombintu/goyametricsv2/lib/myhash/sha256.go:55.10,57.5 1 0
github.com/rombintu/goyametricsv2/lib/myhash/sha256.go:59.4,60.18 2 0
github.com/rombintu/goyametricsv2/lib/mygzip/gzip.go:22.61,23.52 1 0
github.com/rombintu/goyametricsv2/lib/mygzip/gzip.go:23.52,25.3 1 0
github.com/rombintu/goyametricsv2/lib/mygzip/gzip.go:26.2,26.28 1 0
github.com/rombintu/goyametricsv2/lib/mygzip/gzip.go:29.61,30.36 1 0
github.com/rombintu/goyametricsv2/lib/mygzip/gzip.go:30.36,33.52 2 0
github.com/rombintu/goyametricsv2/lib/mygzip/gzip.go:33.52,35.4 1 0
github.com/rombintu/goyametricsv2/lib/mygzip/gzip.go:37.3,38.52 2 0
github.com/rombintu/goyametricsv2/lib/mygzip/gzip.go:38.52,41.18 2 0
github.com/rombintu/goyametricsv2/lib/mygzip/gzip.go:41.18,43.5 1 0
github.com/rombintu/goyametricsv2/lib/mygzip/gzip.go:44.4,47.47 2 0
github.com/rombintu/goyametricsv2/lib/mygzip/gzip.go:50.3,63.33 6 0
github.com/rombintu/goyametricsv2/lib/mygzip/gzip.go:63.33,65.4 1 0
github.com/rombintu/goyametricsv2/lib/mygzip/gzip.go:68.3,68.44 1 0
github.com/rombintu/goyametricsv2/lib/mygzip/gzip.go:68.44,70.4 1 0
github.com/rombintu/goyametricsv2/lib/mygzip/gzip.go:72.3,72.13 1 0
github.com/rombintu/goyametricsv2/internal/storage/pgx_driver.go:30.99,33.2 2 1
github.com/rombintu/goyametricsv2/internal/storage/pgx_driver.go:35.95,38.2 2 1
github.com/rombintu/goyametricsv2/internal/storage/pgx_driver.go:40.84,43.2 2 0
github.com/rombintu/goyametricsv2/internal/storage/pgx_driver.go:45.44,50.2 1 1
github.com/rombintu/goyametricsv2/internal/storage/pgx_driver.go:52.34,54.16 2 1
github.com/rombintu/goyametricsv2/internal/storage/pgx_driver.go:54.16,56.3 1 0
github.com/rombintu/goyametricsv2/internal/storage/pgx_driver.go:57.2,61.29 4 1
github.com/rombintu/goyametricsv2/internal/storage/pgx_driver.go:61.29,62.41 1 1
github.com/rombintu/goyametricsv2/internal/storage/pgx_driver.go:62.41,64.9 2 1
github.com/rombintu/goyametricsv2/internal/storage/pgx_driver.go:66.3,67.45 2 0
github.com/rombintu/goyametricsv2/internal/storage/pgx_driver.go:69.2,69.9 1 1
github.com/rombintu/goyametricsv2/internal/storage/pgx_driver.go:69.9,71.3 1 0
github.com/rombintu/goyametricsv2/internal/storage/pgx_driver.go:73.2,74.16 2 1
github.com/rombintu/goyametricsv2/internal/storage/pgx_driver.go:74.16,76.3 1 0
github.com/rombintu/goyametricsv2/internal/storage/pgx_driver.go:77.2,77.12 1 1
github.com/rombintu/goyametricsv2/internal/storage/pgx_driver.go:80.35,83.2 2 1
github.com/rombintu/goyametricsv2/internal/storage/pgx_driver.go:85.34,87.2 1 1
github.com/rombintu/goyametricsv2/internal/storage/pgx_driver.go:89.34,91.2 1 1
github.com/rombintu/goyametricsv2/internal/storage/pgx_driver.go:93.37,95.2 1 1
github.com/rombintu/goyametricsv2/internal/storage/pgx_driver.go:97.61,99.15 2 0
github.com/rombintu/goyametricsv2/internal/storage/pgx_driver.go:100.19,106.4 1 0
github.com/rombintu/goyametricsv2/internal/storage/pgx_driver.go:107.17,113.4 1 0
github.com/rombintu/goyametricsv2/internal/storage/pgx_driver.go:115.2,116.12 2 0
github.com/rombintu/goyametricsv2/internal/storage/pgx_driver.go:119.62,120.32 1 0
github.com/rombintu/goyametricsv2/internal/storage/pgx_driver.go:120.32,122.3 1 0
github.com/rombintu/goyametricsv2/internal/storage/pgx_driver.go:123.2,128.16 4 0
github.com/rombintu/goyametricsv2/internal/storage/pgx_driver.go:128.16,130.3 1 0
github.com/rombintu/goyametricsv2/internal/storage/pgx_driver.go:131.2,131.16 1 0
github.com/rombintu/goyametricsv2/internal/storage/pgx_driver.go:131.16,133.3 1 0
github.com/rombintu/goyametricsv2/internal/storage/pgx_driver.go:134.2,134.36 1 0
github.com/rombintu/goyametricsv2/internal/storage/pgx_driver.go:138.35,141.16 3 1
github.com/rombintu/goyametricsv2/internal/storage/pgx_driver.go:141.16,144.3 2 0
github.com/rombintu/goyametricsv2/internal/storage/pgx_driver.go:145.2,149.18 4 1
github.com/rombintu/goyametricsv2/internal/storage/pgx_driver.go:149.18,151.59 2 1
github.com/rombintu/goyametricsv2/internal/storage/pgx_driver.go:151.59,154.4 2 0
github.com/rombintu/goyametricsv2/internal/storage/pgx_driver.go:155.3,155.16 1 1
github.com/rombintu/goyametricsv2/internal/storage/pgx_driver.go:156.20,158.65 2 1
github.com/rombintu/goyametricsv2/internal/storage/pgx_driver.go:158.65,160.13 2 0
github.com/rombintu/goyametricsv2/internal/storage/pgx_driver.go:162.4,162.27 1 1
github.com/rombintu/goyametricsv2/internal/storage/pgx_driver.go:163.18,165.63 2 1
github.com/rombintu/goyametricsv2/internal/storage/pgx_driver.go:165.63,167.13 2 0
github.com/rombintu/goyametricsv2/internal/storage/pgx_driver.go:169.4,169.25 1 1
github.com/rombintu/goyametricsv2/internal/storage/pgx_driver.go:172.2,173.16 2 1
github.com/rombintu/goyametricsv2/internal/storage/pgx_driver.go:173.16,175.3 1 0
github.com/rombintu/goyametricsv2/internal/storage/pgx_driver.go:176.2,178.13 3 1
github.com/rombintu/goyametricsv2/internal/storage/pgx_driver.go:181.48,185.67 4 0
github.com/rombintu/goyametricsv2/internal/storage/pgx_driver.go:185.67,187.3 1 0
github.com/rombintu/goyametricsv2/internal/storage/pgx_driver.go:188.2,188.63 1 0
github.com/rombintu/goyametricsv2/internal/storage/pgx_driver.go:188.63,190.3 1 0
github.com/rombintu/goyametricsv2/internal/storage/pgx_driver.go:191.2,191.12 1 0
github.com/rombintu/goyametricsv2/internal/storage/pgx_driver.go:194.89,196.16 2 0
github.com/rombintu/goyametricsv2/internal/storage/pgx_driver.go:196.16,198.3 1 0
github.com/rombintu/goyametricsv2/internal/storage/pgx_driver.go:199.2,202.15 3 0
github.com/rombintu/goyametricsv2/internal/storage/pgx_driver.go:203.19,209.4 1 0
github.com/rombintu/goyametricsv2/internal/storage/pgx_driver.go:210.17,216.4 1 0
github.com/rombintu/goyametricsv2/internal/storage/pgx_driver.go:217.10,218.43 1 0
github.com/rombintu/goyametricsv2/internal/storage/pgx_driver.go:222.2,223.31 2 0
github.com/rombintu/goyametricsv2/internal/storage/pgx_driver.go:223.31,225.17 2 0
github.com/rombintu/goyametricsv2/internal/storage/pgx_driver.go:225.17,227.4 1 0
github.com/rombintu/goyametricsv2/internal/storage/pgx_driver.go:229.2,230.29 2 0
github.com/rombintu/goyametricsv2/internal/storage/pgx_driver.go:233.42,243.2 2 1
github.com/rombintu/goyametricsv2/internal/storage/storage.go:37.63,39.21 2 0
github.com/rombintu/goyametricsv2/internal/storage/storage.go:40.17,41.36 1 0
github.com/rombintu/goyametricsv2/internal/storage/storage.go:42.18,43.36 1 0
github.com/rombintu/goyametricsv2/internal/storage/storage.go:44.10,45.34 1 0
github.com/rombintu/goyametricsv2/internal/storage/storage.go:47.2,47.16 1 0
github.com/rombintu/goyametricsv2/internal/storage/tmp_driver.go:29.48,34.2 1 0
github.com/rombintu/goyametricsv2/internal/storage/tmp_driver.go:36.34,44.2 4 0
github.com/rombintu/goyametricsv2/internal/storage/tmp_driver.go:46.35,49.2 2 1
github.com/rombintu/goyametricsv2/internal/storage/tmp_driver.go:51.34,53.2 1 1
github.com/rombintu/goyametricsv2/internal/storage/tmp_driver.go:55.69,56.15 1 0
github.com/rombintu/goyametricsv2/internal/storage/tmp_driver.go:57.17,59.17 2 0
github.com/rombintu/goyametricsv2/internal/storage/tmp_driver.go:59.17,61.4 1 0
github.com/rombintu/goyametricsv2/internal/storage/tmp_driver.go:62.3,62.30 1 0
github.com/rombintu/goyametricsv2/internal/storage/tmp_driver.go:63.19,65.17 2 0
github.com/rombintu/goyametricsv2/internal/storage/tmp_driver.go:65.17,67.4 1 0
github.com/rombintu/goyametricsv2/internal/storage/tmp_driver.go:68.3,68.32 1 0
github.com/rombintu/goyametricsv2/internal/storage/tmp_driver.go:69.10,70.43 1 0
github.com/rombintu/goyametricsv2/internal/storage/tmp_driver.go:72.2,72.12 1 0
github.com/rombintu/goyametricsv2/internal/storage/tmp_driver.go:75.62,76.15 1 1
github.com/rombintu/goyametricsv2/internal/storage/tmp_driver.go:77.17,79.10 2 0
github.com/rombintu/goyametricsv2/internal/storage/tmp_driver.go:79.10,81.4 1 0
github.com/rombintu/goyametricsv2/internal/storage/tmp_driver.go:82.3,82.54 1 0
github.com/rombintu/goyametricsv2/internal/storage/tmp_driver.go:83.19,85.10 2 1
github.com/rombintu/goyametricsv2/internal/storage/tmp_driver.go:85.10,87.4 1 1
github.com/rombintu/goyametricsv2/internal/storage/tmp_driver.go:88.3,88.43 1 1
github.com/rombintu/goyametricsv2/internal/storage/tmp_driver.go:90.2,90.46 1 0
github.com/rombintu/goyametricsv2/internal/storage/tmp_driver.go:93.58,95.9 2 1
github.com/rombintu/goyametricsv2/internal/storage/tmp_driver.go:95.9,97.3 1 1
github.com/rombintu/goyametricsv2/internal/storage/tmp_driver.go:98.2,98.20 1 1
github.com/rombintu/goyametricsv2/internal/storage/tmp_driver.go:101.58,103.9 2 1
github.com/rombintu/goyametricsv2/internal/storage/tmp_driver.go:103.9,105.3 1 1
github.com/rombintu/goyametricsv2/internal/storage/tmp_driver.go:106.2,106.20 1 1
github.com/rombintu/goyametricsv2/internal/storage/tmp_driver.go:109.60,111.2 1 1
github.com/rombintu/goyametricsv2/internal/storage/tmp_driver.go:113.60,115.12 2 1
github.com/rombintu/goyametricsv2/internal/storage/tmp_driver.go:115.12,118.3 2 1
github.com/rombintu/goyametricsv2/internal/storage/tmp_driver.go:119.2,119.41 1 0
github.com/rombintu/goyametricsv2/internal/storage/tmp_driver.go:122.35,124.2 1 1
github.com/rombintu/goyametricsv2/internal/storage/tmp_driver.go:126.48,127.34 1 1
github.com/rombintu/goyametricsv2/internal/storage/tmp_driver.go:127.34,129.3 1 0
github.com/rombintu/goyametricsv2/internal/storage/tmp_driver.go:130.2,130.32 1 1
github.com/rombintu/goyametricsv2/internal/storage/tmp_driver.go:130.32,132.3 1 0
github.com/rombintu/goyametricsv2/internal/storage/tmp_driver.go:133.2,133.12 1 1
github.com/rombintu/goyametricsv2/internal/storage/tmp_driver.go:136.34,138.28 1 1
github.com/rombintu/goyametricsv2/internal/storage/tmp_driver.go:138.28,140.3 1 0
github.com/rombintu/goyametricsv2/internal/storage/tmp_driver.go:142.2,143.16 2 1
github.com/rombintu/goyametricsv2/internal/storage/tmp_driver.go:143.16,145.3 1 0
github.com/rombintu/goyametricsv2/internal/storage/tmp_driver.go:146.2,148.16 3 1
github.com/rombintu/goyametricsv2/internal/storage/tmp_driver.go:148.16,150.3 1 0
github.com/rombintu/goyametricsv2/internal/storage/tmp_driver.go:151.2,152.16 2 1
github.com/rombintu/goyametricsv2/internal/storage/tmp_driver.go:152.16,154.3 1 0
github.com/rombintu/goyametricsv2/internal/storage/tmp_driver.go:155.2,155.12 1 1
github.com/rombintu/goyametricsv2/internal/storage/tmp_driver.go:158.37,160.28 1 1
github.com/rombintu/goyametricsv2/internal/storage/tmp_driver.go:160.28,162.3 1 0
github.com/rombintu/goyametricsv2/internal/storage/tmp_driver.go:164.2,164.68 1 1
github.com/rombintu/goyametricsv2/internal/storage/tmp_driver.go:164.68,167.3 2 0
github.com/rombintu/goyametricsv2/internal/storage/tmp_driver.go:168.2,169.16 2 1
github.com/rombintu/goyametricsv2/internal/storage/tmp_driver.go:169.16,171.3 1 0
github.com/rombintu/goyametricsv2/internal/storage/tmp_driver.go:172.2,174.16 3 1
github.com/rombintu/goyametricsv2/internal/storage/tmp_driver.go:174.16,177.3 2 0
github.com/rombintu/goyametricsv2/internal/storage/tmp_driver.go:179.2,179.26 1 1
github.com/rombintu/goyametricsv2/internal/storage/tmp_driver.go:179.26,182.3 2 0
github.com/rombintu/goyametricsv2/internal/storage/tmp_driver.go:184.2,185.16 2 1
github.com/rombintu/goyametricsv2/internal/storage/tmp_driver.go:185.16,188.3 2 0
github.com/rombintu/goyametricsv2/internal/storage/tmp_driver.go:190.2,191.16 2 1
github.com/rombintu/goyametricsv2/internal/storage/tmp_driver.go:191.16,194.3 2 0
github.com/rombintu/goyametricsv2/internal/storage/tmp_driver.go:195.2,195.12 1 1
github.com/rombintu/goyametricsv2/internal/storage/tools.go:8.47,10.27 2 1
github.com/rombintu/goyametricsv2/internal/storage/tools.go:10.27,12.3 1 1
github.com/rombintu/goyametricsv2/internal/storage/tools.go:13.2,13.15 1 1
github.com/rombintu/goyametricsv2/internal/storage/tools.go:16.43,18.27 2 1
github.com/rombintu/goyametricsv2/internal/storage/tools.go:18.27,20.3 1 1
github.com/rombintu/goyametricsv2/internal/storage/tools.go:21.2,21.15 1 1
