mode: set
github.com/rombintu/goyametricsv2/cmd/staticlint/main.go:35.13,66.42 3 0
github.com/rombintu/goyametricsv2/cmd/staticlint/main.go:66.42,68.3 1 0
github.com/rombintu/goyametricsv2/cmd/staticlint/main.go:71.2,85.33 4 0
github.com/rombintu/goyametricsv2/cmd/server/main.go:25.13,30.70 2 0
github.com/rombintu/goyametricsv2/cmd/server/main.go:30.70,32.3 1 0
github.com/rombintu/goyametricsv2/cmd/server/main.go:35.2,35.31 1 0
github.com/rombintu/goyametricsv2/cmd/server/main.go:35.31,37.3 1 0
github.com/rombintu/goyametricsv2/cmd/server/main.go:40.2,55.46 7 0
github.com/rombintu/goyametricsv2/cmd/server/main.go:55.46,56.13 1 0
github.com/rombintu/goyametricsv2/cmd/server/main.go:56.13,60.8 3 0
github.com/rombintu/goyametricsv2/cmd/server/main.go:60.8,61.12 1 0
github.com/rombintu/goyametricsv2/cmd/server/main.go:62.21,63.26 1 0
github.com/rombintu/goyametricsv2/cmd/server/main.go:64.17,66.12 2 0
github.com/rombintu/goyametricsv2/cmd/server/main.go:73.2,84.65 6 0
github.com/rombintu/goyametricsv2/internal/models/models.go:28.57,30.17 1 1
github.com/rombintu/goyametricsv2/internal/models/models.go:31.25,33.17 2 0
github.com/rombintu/goyametricsv2/internal/models/models.go:33.17,35.4 1 0
github.com/rombintu/goyametricsv2/internal/models/models.go:36.3,36.19 1 0
github.com/rombintu/goyametricsv2/internal/models/models.go:37.27,39.17 2 1
github.com/rombintu/goyametricsv2/internal/models/models.go:39.17,41.4 1 1
github.com/rombintu/goyametricsv2/internal/models/models.go:42.3,42.19 1 1
github.com/rombintu/goyametricsv2/internal/models/models.go:44.2,44.12 1 1
github.com/rombintu/goyametricsv2/internal/models/models.go:51.41,53.2 1 1
github.com/rombintu/goyametricsv2/internal/models/models.go:59.43,61.2 1 1
github.com/rombintu/goyametricsv2/internal/logger/logger.go:34.42,37.14 3 1
github.com/rombintu/goyametricsv2/internal/logger/logger.go:38.16,41.17 3 1
github.com/rombintu/goyametricsv2/internal/logger/logger.go:41.17,43.4 1 0
github.com/rombintu/goyametricsv2/internal/logger/logger.go:44.10,47.17 3 1
github.com/rombintu/goyametricsv2/internal/logger/logger.go:47.17,49.4 1 0
github.com/rombintu/goyametricsv2/internal/logger/logger.go:53.2,56.16 3 1
github.com/rombintu/goyametricsv2/internal/logger/logger.go:56.16,58.3 1 0
github.com/rombintu/goyametricsv2/internal/logger/logger.go:59.2,63.12 3 1
github.com/rombintu/goyametricsv2/internal/logger/logger.go:68.60,69.36 1 1
github.com/rombintu/goyametricsv2/internal/logger/logger.go:69.36,72.17 3 1
github.com/rombintu/goyametricsv2/internal/logger/logger.go:72.17,74.4 1 0
github.com/rombintu/goyametricsv2/internal/logger/logger.go:75.3,100.13 6 1
github.com/rombintu/goyametricsv2/internal/logger/logger.go:104.36,105.15 1 1
github.com/rombintu/goyametricsv2/internal/logger/logger.go:105.15,107.3 1 1
github.com/rombintu/goyametricsv2/internal/logger/logger.go:108.2,108.12 1 1
github.com/rombintu/goyametricsv2/internal/logger/logger.go:111.49,119.2 6 1
github.com/rombintu/goyametricsv2/internal/config/agent.go:27.45,50.2 19 1
github.com/rombintu/goyametricsv2/internal/config/agent.go:53.36,60.33 5 1
github.com/rombintu/goyametricsv2/internal/config/agent.go:60.33,63.17 3 0
github.com/rombintu/goyametricsv2/internal/config/agent.go:63.17,65.4 1 0
github.com/rombintu/goyametricsv2/internal/config/agent.go:70.2,80.15 8 1
github.com/rombintu/goyametricsv2/internal/config/agent.go:83.74,88.16 3 1
github.com/rombintu/goyametricsv2/internal/config/agent.go:88.16,90.3 1 1
github.com/rombintu/goyametricsv2/internal/config/agent.go:93.2,94.16 2 1
github.com/rombintu/goyametricsv2/internal/config/agent.go:94.16,96.3 1 0
github.com/rombintu/goyametricsv2/internal/config/agent.go:98.2,98.23 1 1
github.com/rombintu/goyametricsv2/internal/config/default.go:62.65,65.23 2 1
github.com/rombintu/goyametricsv2/internal/config/default.go:65.23,71.31 3 1
github.com/rombintu/goyametricsv2/internal/config/default.go:72.23,73.75 1 1
github.com/rombintu/goyametricsv2/internal/config/default.go:74.22,76.18 2 1
github.com/rombintu/goyametricsv2/internal/config/default.go:76.18,78.5 1 0
github.com/rombintu/goyametricsv2/internal/config/default.go:79.4,79.78 1 1
github.com/rombintu/goyametricsv2/internal/config/default.go:80.21,82.18 2 1
github.com/rombintu/goyametricsv2/internal/config/default.go:82.18,84.5 1 0
github.com/rombintu/goyametricsv2/internal/config/default.go:85.4,85.79 1 1
github.com/rombintu/goyametricsv2/internal/config/default.go:86.11,87.20 1 0
github.com/rombintu/goyametricsv2/internal/config/default.go:92.2,92.42 1 1
github.com/rombintu/goyametricsv2/internal/config/default.go:92.42,94.3 1 1
github.com/rombintu/goyametricsv2/internal/config/default.go:97.2,97.17 1 1
github.com/rombintu/goyametricsv2/internal/config/server.go:42.47,88.2 27 1
github.com/rombintu/goyametricsv2/internal/config/server.go:90.38,97.33 5 1
github.com/rombintu/goyametricsv2/internal/config/server.go:97.33,100.17 3 1
github.com/rombintu/goyametricsv2/internal/config/server.go:100.17,102.4 1 1
github.com/rombintu/goyametricsv2/internal/config/server.go:105.2,116.31 7 1
github.com/rombintu/goyametricsv2/internal/config/server.go:116.31,118.3 1 0
github.com/rombintu/goyametricsv2/internal/config/server.go:121.2,123.29 2 1
github.com/rombintu/goyametricsv2/internal/config/server.go:123.29,125.3 1 0
github.com/rombintu/goyametricsv2/internal/config/server.go:125.8,125.85 1 1
github.com/rombintu/goyametricsv2/internal/config/server.go:125.85,127.3 1 0
github.com/rombintu/goyametricsv2/internal/config/server.go:130.2,138.15 4 1
github.com/rombintu/goyametricsv2/internal/config/server.go:141.76,146.16 3 1
github.com/rombintu/goyametricsv2/internal/config/server.go:146.16,148.3 1 1
github.com/rombintu/goyametricsv2/internal/config/server.go:152.2,153.16 2 1
github.com/rombintu/goyametricsv2/internal/config/server.go:153.16,155.3 1 0
github.com/rombintu/goyametricsv2/internal/config/server.go:157.2,157.23 1 1
github.com/rombintu/goyametricsv2/internal/config/server.go:160.57,169.51 3 1
github.com/rombintu/goyametricsv2/internal/config/server.go:169.51,171.3 1 0
github.com/rombintu/goyametricsv2/internal/config/server.go:174.2,174.29 1 1
github.com/rombintu/goyametricsv2/internal/config/server.go:174.29,176.3 1 0
github.com/rombintu/goyametricsv2/internal/config/server.go:179.2,181.23 3 1
github.com/rombintu/goyametricsv2/internal/config/server.go:181.23,183.3 1 0
github.com/rombintu/goyametricsv2/internal/config/server.go:186.2,187.16 2 1
github.com/rombintu/goyametricsv2/internal/config/server.go:187.16,189.3 1 0
github.com/rombintu/goyametricsv2/internal/config/server.go:192.2,193.14 2 1
github.com/rombintu/goyametricsv2/internal/config/server.go:194.11,194.11 0 1
github.com/rombintu/goyametricsv2/internal/config/server.go:196.11,197.14 1 0
github.com/rombintu/goyametricsv2/internal/config/server.go:198.11,199.16 1 0
github.com/rombintu/goyametricsv2/internal/config/server.go:200.10,201.64 1 0
github.com/rombintu/goyametricsv2/internal/config/server.go:205.2,207.12 2 1
github.com/rombintu/goyametricsv2/internal/mocks/mock_storage.go:26.59,30.2 3 0
github.com/rombintu/goyametricsv2/internal/mocks/mock_storage.go:33.57,35.2 1 0
github.com/rombintu/goyametricsv2/internal/mocks/mock_storage.go:38.37,43.2 4 0
github.com/rombintu/goyametricsv2/internal/mocks/mock_storage.go:46.57,49.2 2 0
github.com/rombintu/goyametricsv2/internal/mocks/mock_storage.go:52.62,58.2 5 0
github.com/rombintu/goyametricsv2/internal/mocks/mock_storage.go:61.77,64.2 2 0
github.com/rombintu/goyametricsv2/internal/mocks/mock_storage.go:67.45,72.2 4 0
github.com/rombintu/goyametricsv2/internal/mocks/mock_storage.go:75.58,78.2 2 0
github.com/rombintu/goyametricsv2/internal/mocks/mock_storage.go:81.36,86.2 4 0
github.com/rombintu/goyametricsv2/internal/mocks/mock_storage.go:89.56,92.2 2 0
github.com/rombintu/goyametricsv2/internal/mocks/mock_storage.go:95.36,100.2 4 0
github.com/rombintu/goyametricsv2/internal/mocks/mock_storage.go:103.56,106.2 2 0
github.com/rombintu/goyametricsv2/internal/mocks/mock_storage.go:109.39,114.2 4 0
github.com/rombintu/goyametricsv2/internal/mocks/mock_storage.go:117.59,120.2 2 0
github.com/rombintu/goyametricsv2/internal/mocks/mock_storage.go:123.36,128.2 4 0
github.com/rombintu/goyametricsv2/internal/mocks/mock_storage.go:131.56,134.2 2 0
github.com/rombintu/goyametricsv2/internal/mocks/mock_storage.go:137.61,142.2 4 0
github.com/rombintu/goyametricsv2/internal/mocks/mock_storage.go:145.86,148.2 2 0
github.com/rombintu/goyametricsv2/internal/mocks/mock_storage.go:151.58,156.2 4 0
github.com/rombintu/goyametricsv2/internal/mocks/mock_storage.go:159.77,162.2 2 0
github.com/rombintu/goyametricsv2/cmd/staticlint/noosexit/noosexit_analyzer.go:22.60,29.48 3 1
github.com/rombintu/goyametricsv2/cmd/staticlint/noosexit/noosexit_analyzer.go:29.48,31.10 2 1
github.com/rombintu/goyametricsv2/cmd/staticlint/noosexit/noosexit_analyzer.go:31.10,33.4 1 0
github.com/rombintu/goyametricsv2/cmd/staticlint/noosexit/noosexit_analyzer.go:36.3,36.33 1 1
github.com/rombintu/goyametricsv2/cmd/staticlint/noosexit/noosexit_analyzer.go:36.33,38.4 1 0
github.com/rombintu/goyametricsv2/cmd/staticlint/noosexit/noosexit_analyzer.go:41.3,41.76 1 1
github.com/rombintu/goyametricsv2/cmd/staticlint/noosexit/noosexit_analyzer.go:41.76,43.4 1 0
github.com/rombintu/goyametricsv2/cmd/staticlint/noosexit/noosexit_analyzer.go:46.3,46.32 1 1
github.com/rombintu/goyametricsv2/cmd/staticlint/noosexit/noosexit_analyzer.go:46.32,48.4 1 0
github.com/rombintu/goyametricsv2/cmd/staticlint/noosexit/noosexit_analyzer.go:51.3,51.35 1 1
github.com/rombintu/goyametricsv2/cmd/staticlint/noosexit/noosexit_analyzer.go:51.35,53.43 2 1
github.com/rombintu/goyametricsv2/cmd/staticlint/noosexit/noosexit_analyzer.go:53.43,54.13 1 0
github.com/rombintu/goyametricsv2/cmd/staticlint/noosexit/noosexit_analyzer.go:58.4,58.53 1 1
github.com/rombintu/goyametricsv2/cmd/staticlint/noosexit/noosexit_analyzer.go:58.53,60.12 2 1
github.com/rombintu/goyametricsv2/cmd/staticlint/noosexit/noosexit_analyzer.go:60.12,62.6 1 1
github.com/rombintu/goyametricsv2/cmd/staticlint/noosexit/noosexit_analyzer.go:64.5,65.12 2 0
github.com/rombintu/goyametricsv2/cmd/staticlint/noosexit/noosexit_analyzer.go:65.12,67.6 1 0
github.com/rombintu/goyametricsv2/cmd/staticlint/noosexit/noosexit_analyzer.go:69.5,70.12 2 0
github.com/rombintu/goyametricsv2/cmd/staticlint/noosexit/noosexit_analyzer.go:70.12,72.6 1 0
github.com/rombintu/goyametricsv2/cmd/staticlint/noosexit/noosexit_analyzer.go:74.5,74.62 1 0
github.com/rombintu/goyametricsv2/cmd/staticlint/noosexit/noosexit_analyzer.go:74.62,76.6 1 0
github.com/rombintu/goyametricsv2/cmd/staticlint/noosexit/noosexit_analyzer.go:78.5,78.16 1 0
github.com/rombintu/goyametricsv2/cmd/staticlint/noosexit/noosexit_analyzer.go:83.2,83.17 1 1
github.com/rombintu/goyametricsv2/lib/common/common.go:10.41,11.53 1 1
github.com/rombintu/goyametricsv2/lib/common/common.go:11.53,13.3 1 1
github.com/rombintu/goyametricsv2/lib/common/common.go:14.2,14.13 1 1
github.com/rombintu/goyametricsv2/lib/common/common.go:19.54,21.2 1 1
github.com/rombintu/goyametricsv2/internal/mocks/mock_storage.go:26.59,30.2 3 1
github.com/rombintu/goyametricsv2/internal/mocks/mock_storage.go:33.57,35.2 1 1
github.com/rombintu/goyametricsv2/internal/mocks/mock_storage.go:38.37,43.2 4 1
github.com/rombintu/goyametricsv2/internal/mocks/mock_storage.go:46.57,49.2 2 1
github.com/rombintu/goyametricsv2/internal/mocks/mock_storage.go:52.62,58.2 5 1
github.com/rombintu/goyametricsv2/internal/mocks/mock_storage.go:61.77,64.2 2 1
github.com/rombintu/goyametricsv2/internal/mocks/mock_storage.go:67.45,72.2 4 0
github.com/rombintu/goyametricsv2/internal/mocks/mock_storage.go:75.58,78.2 2 0
github.com/rombintu/goyametricsv2/internal/mocks/mock_storage.go:81.36,86.2 4 1
github.com/rombintu/goyametricsv2/internal/mocks/mock_storage.go:89.56,92.2 2 1
github.com/rombintu/goyametricsv2/internal/mocks/mock_storage.go:95.36,100.2 4 1
github.com/rombintu/goyametricsv2/internal/mocks/mock_storage.go:103.56,106.2 2 1
github.com/rombintu/goyametricsv2/internal/mocks/mock_storage.go:109.39,114.2 4 0
github.com/rombintu/goyametricsv2/internal/mocks/mock_storage.go:117.59,120.2 2 0
github.com/rombintu/goyametricsv2/internal/mocks/mock_storage.go:123.36,128.2 4 1
github.com/rombintu/goyametricsv2/internal/mocks/mock_storage.go:131.56,134.2 2 1
github.com/rombintu/goyametricsv2/internal/mocks/mock_storage.go:137.61,142.2 4 1
github.com/rombintu/goyametricsv2/internal/mocks/mock_storage.go:145.86,148.2 2 1
github.com/rombintu/goyametricsv2/internal/mocks/mock_storage.go:151.58,156.2 4 1
github.com/rombintu/goyametricsv2/internal/mocks/mock_storage.go:159.77,162.2 2 1
github.com/rombintu/goyametricsv2/internal/server/handlers.go:42.55,49.17 4 1
github.com/rombintu/goyametricsv2/internal/server/handlers.go:49.17,52.3 1 0
github.com/rombintu/goyametricsv2/internal/server/handlers.go:54.2,54.63 1 1
github.com/rombintu/goyametricsv2/internal/server/handlers.go:54.63,64.3 2 0
github.com/rombintu/goyametricsv2/internal/server/handlers.go:67.2,67.23 1 1
github.com/rombintu/goyametricsv2/internal/server/handlers.go:67.23,69.3 1 0
github.com/rombintu/goyametricsv2/internal/server/handlers.go:71.2,71.43 1 1
github.com/rombintu/goyametricsv2/internal/server/handlers.go:94.57,100.16 4 1
github.com/rombintu/goyametricsv2/internal/server/handlers.go:100.16,105.3 2 1
github.com/rombintu/goyametricsv2/internal/server/handlers.go:107.2,107.39 1 1
github.com/rombintu/goyametricsv2/internal/server/handlers.go:124.52,127.2 1 0
github.com/rombintu/goyametricsv2/internal/server/handlers.go:154.64,159.74 2 1
github.com/rombintu/goyametricsv2/internal/server/handlers.go:159.74,163.3 2 0
github.com/rombintu/goyametricsv2/internal/server/handlers.go:166.2,177.22 3 1
github.com/rombintu/goyametricsv2/internal/server/handlers.go:178.25,180.26 1 0
github.com/rombintu/goyametricsv2/internal/server/handlers.go:180.26,184.4 3 0
github.com/rombintu/goyametricsv2/internal/server/handlers.go:186.3,186.59 1 0
github.com/rombintu/goyametricsv2/internal/server/handlers.go:187.27,189.26 1 1
github.com/rombintu/goyametricsv2/internal/server/handlers.go:189.26,193.4 3 0
github.com/rombintu/goyametricsv2/internal/server/handlers.go:195.3,195.48 1 1
github.com/rombintu/goyametricsv2/internal/server/handlers.go:199.2,202.74 2 1
github.com/rombintu/goyametricsv2/internal/server/handlers.go:202.74,209.3 2 1
github.com/rombintu/goyametricsv2/internal/server/handlers.go:212.2,212.23 1 1
github.com/rombintu/goyametricsv2/internal/server/handlers.go:212.23,214.3 1 0
github.com/rombintu/goyametricsv2/internal/server/handlers.go:217.2,217.28 1 1
github.com/rombintu/goyametricsv2/internal/server/handlers.go:217.28,219.17 2 0
github.com/rombintu/goyametricsv2/internal/server/handlers.go:219.17,221.4 1 0
github.com/rombintu/goyametricsv2/internal/server/handlers.go:222.3,222.102 1 0
github.com/rombintu/goyametricsv2/internal/server/handlers.go:225.2,230.53 3 1
github.com/rombintu/goyametricsv2/internal/server/handlers.go:274.65,279.75 2 1
github.com/rombintu/goyametricsv2/internal/server/handlers.go:279.75,284.3 2 0
github.com/rombintu/goyametricsv2/internal/server/handlers.go:287.2,295.28 3 1
github.com/rombintu/goyametricsv2/internal/server/handlers.go:295.28,297.39 1 1
github.com/rombintu/goyametricsv2/internal/server/handlers.go:297.39,299.13 2 1
github.com/rombintu/goyametricsv2/internal/server/handlers.go:299.13,301.5 1 0
github.com/rombintu/goyametricsv2/internal/server/handlers.go:301.10,303.5 1 1
github.com/rombintu/goyametricsv2/internal/server/handlers.go:305.9,305.46 1 1
github.com/rombintu/goyametricsv2/internal/server/handlers.go:305.46,307.4 1 1
github.com/rombintu/goyametricsv2/internal/server/handlers.go:307.9,309.4 1 0
github.com/rombintu/goyametricsv2/internal/server/handlers.go:312.2,312.50 1 1
github.com/rombintu/goyametricsv2/internal/server/handlers.go:312.50,315.3 2 0
github.com/rombintu/goyametricsv2/internal/server/handlers.go:318.2,318.23 1 1
github.com/rombintu/goyametricsv2/internal/server/handlers.go:318.23,320.3 1 0
github.com/rombintu/goyametricsv2/internal/server/handlers.go:323.2,323.28 1 1
github.com/rombintu/goyametricsv2/internal/server/handlers.go:323.28,325.17 2 0
github.com/rombintu/goyametricsv2/internal/server/handlers.go:325.17,327.4 1 0
github.com/rombintu/goyametricsv2/internal/server/handlers.go:328.3,328.102 1 0
github.com/rombintu/goyametricsv2/internal/server/handlers.go:330.2,333.54 3 1
github.com/rombintu/goyametricsv2/internal/server/handlers.go:358.63,361.74 2 1
github.com/rombintu/goyametricsv2/internal/server/handlers.go:361.74,365.3 2 0
github.com/rombintu/goyametricsv2/internal/server/handlers.go:367.2,368.16 2 1
github.com/rombintu/goyametricsv2/internal/server/handlers.go:368.16,373.3 2 0
github.com/rombintu/goyametricsv2/internal/server/handlers.go:376.2,376.55 1 1
github.com/rombintu/goyametricsv2/internal/server/handlers.go:376.55,380.3 2 0
github.com/rombintu/goyametricsv2/internal/server/handlers.go:383.2,383.28 1 1
github.com/rombintu/goyametricsv2/internal/server/handlers.go:383.28,385.17 2 0
github.com/rombintu/goyametricsv2/internal/server/handlers.go:385.17,388.4 1 0
github.com/rombintu/goyametricsv2/internal/server/handlers.go:389.3,389.102 1 0
github.com/rombintu/goyametricsv2/internal/server/handlers.go:392.2,395.53 3 1
github.com/rombintu/goyametricsv2/internal/server/handlers.go:415.53,417.41 1 1
github.com/rombintu/goyametricsv2/internal/server/handlers.go:417.41,420.3 1 0
github.com/rombintu/goyametricsv2/internal/server/handlers.go:422.2,422.38 1 1
github.com/rombintu/goyametricsv2/internal/server/server.go:49.77,55.2 1 1
github.com/rombintu/goyametricsv2/internal/server/server.go:58.30,68.2 7 0
github.com/rombintu/goyametricsv2/internal/server/server.go:73.24,75.71 2 0
github.com/rombintu/goyametricsv2/internal/server/server.go:75.71,79.3 2 0
github.com/rombintu/goyametricsv2/internal/server/server.go:84.37,85.41 1 1
github.com/rombintu/goyametricsv2/internal/server/server.go:85.41,87.3 1 0
github.com/rombintu/goyametricsv2/internal/server/server.go:89.2,89.26 1 1
github.com/rombintu/goyametricsv2/internal/server/server.go:89.26,90.45 1 0
github.com/rombintu/goyametricsv2/internal/server/server.go:90.45,92.4 1 0
github.com/rombintu/goyametricsv2/internal/server/server.go:94.2,97.3 1 1
github.com/rombintu/goyametricsv2/internal/server/server.go:102.36,114.2 7 1
github.com/rombintu/goyametricsv2/internal/server/server.go:118.41,122.25 2 1
github.com/rombintu/goyametricsv2/internal/server/server.go:122.25,124.3 1 0
github.com/rombintu/goyametricsv2/internal/server/server.go:126.2,136.34 5 1
github.com/rombintu/goyametricsv2/internal/server/server.go:136.34,138.3 1 0
github.com/rombintu/goyametricsv2/internal/server/server.go:143.35,145.2 1 1
github.com/rombintu/goyametricsv2/internal/server/server.go:147.36,149.25 1 1
github.com/rombintu/goyametricsv2/internal/server/server.go:149.25,151.56 1 0
github.com/rombintu/goyametricsv2/internal/server/server.go:151.56,155.18 4 0
github.com/rombintu/goyametricsv2/internal/server/server.go:155.18,159.19 3 0
github.com/rombintu/goyametricsv2/internal/server/server.go:159.19,161.6 1 0
github.com/rombintu/goyametricsv2/internal/server/server.go:164.4,164.45 1 0
github.com/rombintu/goyametricsv2/internal/server/server.go:166.8,168.3 1 1
github.com/rombintu/goyametricsv2/internal/server/server.go:173.32,174.41 1 1
github.com/rombintu/goyametricsv2/internal/server/server.go:174.41,176.3 1 0
github.com/rombintu/goyametricsv2/internal/server/server.go:177.2,177.41 1 1
github.com/rombintu/goyametricsv2/internal/server/server.go:177.41,179.3 1 0
github.com/rombintu/goyametricsv2/internal/server/server.go:180.2,180.84 1 1
github.com/rombintu/goyametricsv2/internal/server/server.go:185.29,190.42 3 1
github.com/rombintu/goyametricsv2/internal/server/server.go:190.42,192.3 1 0
github.com/rombintu/goyametricsv2/internal/server/server.go:195.35,198.16 2 0
github.com/rombintu/goyametricsv2/internal/server/server.go:198.16,200.3 1 0
github.com/rombintu/goyametricsv2/internal/server/server.go:202.2,207.23 4 0
github.com/rombintu/goyametricsv2/internal/server/server.go:210.105,213.16 3 0
github.com/rombintu/goyametricsv2/internal/server/server.go:213.16,216.3 2 0
github.com/rombintu/goyametricsv2/internal/server/server.go:217.2,218.16 2 0
github.com/rombintu/goyametricsv2/internal/server/server.go:221.114,227.16 2 0
github.com/rombintu/goyametricsv2/internal/server/server.go:227.16,230.3 2 0
github.com/rombintu/goyametricsv2/internal/server/server.go:231.2,232.16 2 0
github.com/rombintu/goyametricsv2/internal/server/templates.go:35.93,37.2 1 1
github.com/rombintu/goyametricsv2/internal/server/templates.go:53.58,54.25 1 1
github.com/rombintu/goyametricsv2/internal/server/templates.go:54.25,62.3 2 0
github.com/rombintu/goyametricsv2/internal/server/templates.go:63.2,68.23 2 1
github.com/rombintu/goyametricsv2/internal/server/proto/server.pb.go:33.26,35.29 2 0
github.com/rombintu/goyametricsv2/internal/server/proto/server.pb.go:35.29,39.3 3 0
github.com/rombintu/goyametricsv2/internal/server/proto/server.pb.go:42.34,44.2 1 0
github.com/rombintu/goyametricsv2/internal/server/proto/server.pb.go:46.32,46.33 0 0
github.com/rombintu/goyametricsv2/internal/server/proto/server.pb.go:48.54,50.41 2 0
github.com/rombintu/goyametricsv2/internal/server/proto/server.pb.go:50.41,52.34 2 0
github.com/rombintu/goyametricsv2/internal/server/proto/server.pb.go:52.34,54.4 1 0
github.com/rombintu/goyametricsv2/internal/server/proto/server.pb.go:55.3,55.12 1 0
github.com/rombintu/goyametricsv2/internal/server/proto/server.pb.go:57.2,57.24 1 0
github.com/rombintu/goyametricsv2/internal/server/proto/server.pb.go:61.45,63.2 1 0
github.com/rombintu/goyametricsv2/internal/server/proto/server.pb.go:65.36,66.14 1 0
github.com/rombintu/goyametricsv2/internal/server/proto/server.pb.go:66.14,68.3 1 0
github.com/rombintu/goyametricsv2/internal/server/proto/server.pb.go:69.2,69.11 1 0
github.com/rombintu/goyametricsv2/internal/server/proto/server.pb.go:72.36,73.14 1 0
github.com/rombintu/goyametricsv2/internal/server/proto/server.pb.go:73.14,75.3 1 0
github.com/rombintu/goyametricsv2/internal/server/proto/server.pb.go:76.2,76.11 1 0
github.com/rombintu/goyametricsv2/internal/server/proto/server.pb.go:79.37,80.14 1 0
github.com/rombintu/goyametricsv2/internal/server/proto/server.pb.go:80.14,82.3 1 0
github.com/rombintu/goyametricsv2/internal/server/proto/server.pb.go:83.2,83.11 1 0
github.com/rombintu/goyametricsv2/internal/server/proto/server.pb.go:95.36,97.29 2 0
github.com/rombintu/goyametricsv2/internal/server/proto/server.pb.go:97.29,101.3 3 0
github.com/rombintu/goyametricsv2/internal/server/proto/server.pb.go:104.44,106.2 1 0
github.com/rombintu/goyametricsv2/internal/server/proto/server.pb.go:108.42,108.43 0 0
github.com/rombintu/goyametricsv2/internal/server/proto/server.pb.go:110.64,112.41 2 0
github.com/rombintu/goyametricsv2/internal/server/proto/server.pb.go:112.41,114.34 2 0
github.com/rombintu/goyametricsv2/internal/server/proto/server.pb.go:114.34,116.4 1 0
github.com/rombintu/goyametricsv2/internal/server/proto/server.pb.go:117.3,117.12 1 0
github.com/rombintu/goyametricsv2/internal/server/proto/server.pb.go:119.2,119.24 1 0
github.com/rombintu/goyametricsv2/internal/server/proto/server.pb.go:123.55,125.2 1 0
github.com/rombintu/goyametricsv2/internal/server/proto/server.pb.go:127.46,128.14 1 0
github.com/rombintu/goyametricsv2/internal/server/proto/server.pb.go:128.14,130.3 1 0
github.com/rombintu/goyametricsv2/internal/server/proto/server.pb.go:131.2,131.11 1 0
github.com/rombintu/goyametricsv2/internal/server/proto/server.pb.go:134.46,135.14 1 0
github.com/rombintu/goyametricsv2/internal/server/proto/server.pb.go:135.14,137.3 1 0
github.com/rombintu/goyametricsv2/internal/server/proto/server.pb.go:138.2,138.11 1 0
github.com/rombintu/goyametricsv2/internal/server/proto/server.pb.go:150.37,152.29 2 0
github.com/rombintu/goyametricsv2/internal/server/proto/server.pb.go:152.29,156.3 3 0
github.com/rombintu/goyametricsv2/internal/server/proto/server.pb.go:159.45,161.2 1 0
github.com/rombintu/goyametricsv2/internal/server/proto/server.pb.go:163.43,163.44 0 0
github.com/rombintu/goyametricsv2/internal/server/proto/server.pb.go:165.65,167.41 2 0
github.com/rombintu/goyametricsv2/internal/server/proto/server.pb.go:167.41,169.34 2 0
github.com/rombintu/goyametricsv2/internal/server/proto/server.pb.go:169.34,171.4 1 0
github.com/rombintu/goyametricsv2/internal/server/proto/server.pb.go:172.3,172.12 1 0
github.com/rombintu/goyametricsv2/internal/server/proto/server.pb.go:174.2,174.24 1 0
github.com/rombintu/goyametricsv2/internal/server/proto/server.pb.go:178.56,180.2 1 0
github.com/rombintu/goyametricsv2/internal/server/proto/server.pb.go:182.49,183.14 1 0
github.com/rombintu/goyametricsv2/internal/server/proto/server.pb.go:183.14,185.3 1 0
github.com/rombintu/goyametricsv2/internal/server/proto/server.pb.go:186.2,186.12 1 0
github.com/rombintu/goyametricsv2/internal/server/proto/server.pb.go:189.47,190.14 1 0
github.com/rombintu/goyametricsv2/internal/server/proto/server.pb.go:190.14,192.3 1 0
github.com/rombintu/goyametricsv2/internal/server/proto/server.pb.go:193.2,193.11 1 0
github.com/rombintu/goyametricsv2/internal/server/proto/server.pb.go:204.39,206.29 2 0
github.com/rombintu/goyametricsv2/internal/server/proto/server.pb.go:206.29,210.3 3 0
github.com/rombintu/goyametricsv2/internal/server/proto/server.pb.go:213.47,215.2 1 0
github.com/rombintu/goyametricsv2/internal/server/proto/server.pb.go:217.45,217.46 0 0
github.com/rombintu/goyametricsv2/internal/server/proto/server.pb.go:219.67,221.41 2 0
github.com/rombintu/goyametricsv2/internal/server/proto/server.pb.go:221.41,223.34 2 0
github.com/rombintu/goyametricsv2/internal/server/proto/server.pb.go:223.34,225.4 1 0
github.com/rombintu/goyametricsv2/internal/server/proto/server.pb.go:226.3,226.12 1 0
github.com/rombintu/goyametricsv2/internal/server/proto/server.pb.go:228.2,228.24 1 0
github.com/rombintu/goyametricsv2/internal/server/proto/server.pb.go:232.58,234.2 1 0
github.com/rombintu/goyametricsv2/internal/server/proto/server.pb.go:236.51,237.14 1 0
github.com/rombintu/goyametricsv2/internal/server/proto/server.pb.go:237.14,239.3 1 0
github.com/rombintu/goyametricsv2/internal/server/proto/server.pb.go:240.2,240.12 1 0
github.com/rombintu/goyametricsv2/internal/server/proto/server.pb.go:251.40,253.29 2 0
github.com/rombintu/goyametricsv2/internal/server/proto/server.pb.go:253.29,257.3 3 0
github.com/rombintu/goyametricsv2/internal/server/proto/server.pb.go:260.48,262.2 1 0
github.com/rombintu/goyametricsv2/internal/server/proto/server.pb.go:264.46,264.47 0 0
github.com/rombintu/goyametricsv2/internal/server/proto/server.pb.go:266.68,268.41 2 0
github.com/rombintu/goyametricsv2/internal/server/proto/server.pb.go:268.41,270.34 2 0
github.com/rombintu/goyametricsv2/internal/server/proto/server.pb.go:270.34,272.4 1 0
github.com/rombintu/goyametricsv2/internal/server/proto/server.pb.go:273.3,273.12 1 0
github.com/rombintu/goyametricsv2/internal/server/proto/server.pb.go:275.2,275.24 1 0
github.com/rombintu/goyametricsv2/internal/server/proto/server.pb.go:279.59,281.2 1 0
github.com/rombintu/goyametricsv2/internal/server/proto/server.pb.go:283.52,284.14 1 0
github.com/rombintu/goyametricsv2/internal/server/proto/server.pb.go:284.14,286.3 1 0
github.com/rombintu/goyametricsv2/internal/server/proto/server.pb.go:287.2,287.12 1 0
github.com/rombintu/goyametricsv2/internal/server/proto/server.pb.go:337.67,338.64 1 0
github.com/rombintu/goyametricsv2/internal/server/proto/server.pb.go:338.64,340.3 1 0
github.com/rombintu/goyametricsv2/internal/server/proto/server.pb.go:341.2,341.60 1 0
github.com/rombintu/goyametricsv2/internal/server/proto/server.pb.go:367.13,367.63 1 1
github.com/rombintu/goyametricsv2/internal/server/proto/server.pb.go:368.53,369.52 1 1
github.com/rombintu/goyametricsv2/internal/server/proto/server.pb.go:369.52,371.3 1 0
github.com/rombintu/goyametricsv2/internal/server/proto/server.pb.go:372.2,372.30 1 1
github.com/rombintu/goyametricsv2/internal/server/proto/server.pb.go:372.30,373.105 1 0
github.com/rombintu/goyametricsv2/internal/server/proto/server.pb.go:373.105,374.31 1 0
github.com/rombintu/goyametricsv2/internal/server/proto/server.pb.go:375.11,376.20 1 0
github.com/rombintu/goyametricsv2/internal/server/proto/server.pb.go:377.11,378.24 1 0
github.com/rombintu/goyametricsv2/internal/server/proto/server.pb.go:379.11,380.28 1 0
github.com/rombintu/goyametricsv2/internal/server/proto/server.pb.go:381.12,382.15 1 0
github.com/rombintu/goyametricsv2/internal/server/proto/server.pb.go:385.3,385.105 1 0
github.com/rombintu/goyametricsv2/internal/server/proto/server.pb.go:385.105,386.41 1 0
github.com/rombintu/goyametricsv2/internal/server/proto/server.pb.go:387.11,388.20 1 0
github.com/rombintu/goyametricsv2/internal/server/proto/server.pb.go:389.11,390.24 1 0
github.com/rombintu/goyametricsv2/internal/server/proto/server.pb.go:391.11,392.28 1 0
github.com/rombintu/goyametricsv2/internal/server/proto/server.pb.go:393.12,394.15 1 0
github.com/rombintu/goyametricsv2/internal/server/proto/server.pb.go:397.3,397.105 1 0
github.com/rombintu/goyametricsv2/internal/server/proto/server.pb.go:397.105,398.42 1 0
github.com/rombintu/goyametricsv2/internal/server/proto/server.pb.go:399.11,400.20 1 0
github.com/rombintu/goyametricsv2/internal/server/proto/server.pb.go:401.11,402.24 1 0
github.com/rombintu/goyametricsv2/internal/server/proto/server.pb.go:403.11,404.28 1 0
github.com/rombintu/goyametricsv2/internal/server/proto/server.pb.go:405.12,406.15 1 0
github.com/rombintu/goyametricsv2/internal/server/proto/server.pb.go:409.3,409.105 1 0
github.com/rombintu/goyametricsv2/internal/server/proto/server.pb.go:409.105,410.44 1 0
github.com/rombintu/goyametricsv2/internal/server/proto/server.pb.go:411.11,412.20 1 0
github.com/rombintu/goyametricsv2/internal/server/proto/server.pb.go:413.11,414.24 1 0
github.com/rombintu/goyametricsv2/internal/server/proto/server.pb.go:415.11,416.28 1 0
github.com/rombintu/goyametricsv2/internal/server/proto/server.pb.go:417.12,418.15 1 0
github.com/rombintu/goyametricsv2/internal/server/proto/server.pb.go:421.3,421.105 1 0
github.com/rombintu/goyametricsv2/internal/server/proto/server.pb.go:421.105,422.45 1 0
github.com/rombintu/goyametricsv2/internal/server/proto/server.pb.go:423.11,424.20 1 0
github.com/rombintu/goyametricsv2/internal/server/proto/server.pb.go:425.11,426.24 1 0
github.com/rombintu/goyametricsv2/internal/server/proto/server.pb.go:427.11,428.28 1 0
github.com/rombintu/goyametricsv2/internal/server/proto/server.pb.go:429.12,430.15 1 0
github.com/rombintu/goyametricsv2/internal/server/proto/server.pb.go:434.2,451.55 6 1
github.com/rombintu/goyametricsv2/internal/server/proto/server_grpc.pb.go:29.66,31.2 1 0
github.com/rombintu/goyametricsv2/internal/server/proto/server_grpc.pb.go:33.131,36.16 3 0
github.com/rombintu/goyametricsv2/internal/server/proto/server_grpc.pb.go:36.16,38.3 1 0
github.com/rombintu/goyametricsv2/internal/server/proto/server_grpc.pb.go:39.2,39.17 1 0
github.com/rombintu/goyametricsv2/internal/server/proto/server_grpc.pb.go:42.140,45.16 3 0
github.com/rombintu/goyametricsv2/internal/server/proto/server_grpc.pb.go:45.16,47.3 1 0
github.com/rombintu/goyametricsv2/internal/server/proto/server_grpc.pb.go:48.2,48.17 1 0
github.com/rombintu/goyametricsv2/internal/server/proto/server_grpc.pb.go:64.109,66.2 1 0
github.com/rombintu/goyametricsv2/internal/server/proto/server_grpc.pb.go:67.118,69.2 1 0
github.com/rombintu/goyametricsv2/internal/server/proto/server_grpc.pb.go:70.74,70.75 0 0
github.com/rombintu/goyametricsv2/internal/server/proto/server_grpc.pb.go:79.72,81.2 1 0
github.com/rombintu/goyametricsv2/internal/server/proto/server_grpc.pb.go:83.162,85.32 2 0
github.com/rombintu/goyametricsv2/internal/server/proto/server_grpc.pb.go:85.32,87.3 1 0
github.com/rombintu/goyametricsv2/internal/server/proto/server_grpc.pb.go:88.2,88.24 1 0
github.com/rombintu/goyametricsv2/internal/server/proto/server_grpc.pb.go:88.24,90.3 1 0
github.com/rombintu/goyametricsv2/internal/server/proto/server_grpc.pb.go:91.2,95.77 2 0
github.com/rombintu/goyametricsv2/internal/server/proto/server_grpc.pb.go:95.77,97.3 1 0
github.com/rombintu/goyametricsv2/internal/server/proto/server_grpc.pb.go:98.2,98.44 1 0
github.com/rombintu/goyametricsv2/internal/server/proto/server_grpc.pb.go:101.165,103.32 2 0
github.com/rombintu/goyametricsv2/internal/server/proto/server_grpc.pb.go:103.32,105.3 1 0
github.com/rombintu/goyametricsv2/internal/server/proto/server_grpc.pb.go:106.2,106.24 1 0
github.com/rombintu/goyametricsv2/internal/server/proto/server_grpc.pb.go:106.24,108.3 1 0
github.com/rombintu/goyametricsv2/internal/server/proto/server_grpc.pb.go:109.2,113.77 2 0
github.com/rombintu/goyametricsv2/internal/server/proto/server_grpc.pb.go:113.77,115.3 1 0
github.com/rombintu/goyametricsv2/internal/server/proto/server_grpc.pb.go:116.2,116.44 1 0
github.com/rombintu/goyametricsv2/internal/server/proto/server.pb.go:33.26,35.29 2 0
github.com/rombintu/goyametricsv2/internal/server/proto/server.pb.go:35.29,39.3 3 0
github.com/rombintu/goyametricsv2/internal/server/proto/server.pb.go:42.34,44.2 1 0
github.com/rombintu/goyametricsv2/internal/server/proto/server.pb.go:46.32,46.33 0 0
github.com/rombintu/goyametricsv2/internal/server/proto/server.pb.go:48.54,50.41 2 0
github.com/rombintu/goyametricsv2/internal/server/proto/server.pb.go:50.41,52.34 2 0
github.com/rombintu/goyametricsv2/internal/server/proto/server.pb.go:52.34,54.4 1 0
github.com/rombintu/goyametricsv2/internal/server/proto/server.pb.go:55.3,55.12 1 0
github.com/rombintu/goyametricsv2/internal/server/proto/server.pb.go:57.2,57.24 1 0
github.com/rombintu/goyametricsv2/internal/server/proto/server.pb.go:61.45,63.2 1 0
github.com/rombintu/goyametricsv2/internal/server/proto/server.pb.go:65.36,66.14 1 0
github.com/rombintu/goyametricsv2/internal/server/proto/server.pb.go:66.14,68.3 1 0
github.com/rombintu/goyametricsv2/internal/server/proto/server.pb.go:69.2,69.11 1 0
github.com/rombintu/goyametricsv2/internal/server/proto/server.pb.go:72.36,73.14 1 0
github.com/rombintu/goyametricsv2/internal/server/proto/server.pb.go:73.14,75.3 1 0
github.com/rombintu/goyametricsv2/internal/server/proto/server.pb.go:76.2,76.11 1 0
github.com/rombintu/goyametricsv2/internal/server/proto/server.pb.go:79.37,80.14 1 0
github.com/rombintu/goyametricsv2/internal/server/proto/server.pb.go:80.14,82.3 1 0
github.com/rombintu/goyametricsv2/internal/server/proto/server.pb.go:83.2,83.11 1 0
github.com/rombintu/goyametricsv2/internal/server/proto/server.pb.go:95.36,97.29 2 0
github.com/rombintu/goyametricsv2/internal/server/proto/server.pb.go:97.29,101.3 3 0
github.com/rombintu/goyametricsv2/internal/server/proto/server.pb.go:104.44,106.2 1 0
github.com/rombintu/goyametricsv2/internal/server/proto/server.pb.go:108.42,108.43 0 0
github.com/rombintu/goyametricsv2/internal/server/proto/server.pb.go:110.64,112.41 2 0
github.com/rombintu/goyametricsv2/internal/server/proto/server.pb.go:112.41,114.34 2 0
github.com/rombintu/goyametricsv2/internal/server/proto/server.pb.go:114.34,116.4 1 0
github.com/rombintu/goyametricsv2/internal/server/proto/server.pb.go:117.3,117.12 1 0
github.com/rombintu/goyametricsv2/internal/server/proto/server.pb.go:119.2,119.24 1 0
github.com/rombintu/goyametricsv2/internal/server/proto/server.pb.go:123.55,125.2 1 0
github.com/rombintu/goyametricsv2/internal/server/proto/server.pb.go:127.46,128.14 1 0
github.com/rombintu/goyametricsv2/internal/server/proto/server.pb.go:128.14,130.3 1 0
github.com/rombintu/goyametricsv2/internal/server/proto/server.pb.go:131.2,131.11 1 0
github.com/rombintu/goyametricsv2/internal/server/proto/server.pb.go:134.46,135.14 1 0
github.com/rombintu/goyametricsv2/internal/server/proto/server.pb.go:135.14,137.3 1 0
github.com/rombintu/goyametricsv2/internal/server/proto/server.pb.go:138.2,138.11 1 0
github.com/rombintu/goyametricsv2/internal/server/proto/server.pb.go:150.37,152.29 2 0
github.com/rombintu/goyametricsv2/internal/server/proto/server.pb.go:152.29,156.3 3 0
github.com/rombintu/goyametricsv2/internal/server/proto/server.pb.go:159.45,161.2 1 0
github.com/rombintu/goyametricsv2/internal/server/proto/server.pb.go:163.43,163.44 0 0
github.com/rombintu/goyametricsv2/internal/server/proto/server.pb.go:165.65,167.41 2 0
github.com/rombintu/goyametricsv2/internal/server/proto/server.pb.go:167.41,169.34 2 0
github.com/rombintu/goyametricsv2/internal/server/proto/server.pb.go:169.34,171.4 1 0
github.com/rombintu/goyametricsv2/internal/server/proto/server.pb.go:172.3,172.12 1 0
github.com/rombintu/goyametricsv2/internal/server/proto/server.pb.go:174.2,174.24 1 0
github.com/rombintu/goyametricsv2/internal/server/proto/server.pb.go:178.56,180.2 1 0
github.com/rombintu/goyametricsv2/internal/server/proto/server.pb.go:182.49,183.14 1 0
github.com/rombintu/goyametricsv2/internal/server/proto/server.pb.go:183.14,185.3 1 0
github.com/rombintu/goyametricsv2/internal/server/proto/server.pb.go:186.2,186.12 1 0
github.com/rombintu/goyametricsv2/internal/server/proto/server.pb.go:189.47,190.14 1 0
github.com/rombintu/goyametricsv2/internal/server/proto/server.pb.go:190.14,192.3 1 0
github.com/rombintu/goyametricsv2/internal/server/proto/server.pb.go:193.2,193.11 1 0
github.com/rombintu/goyametricsv2/internal/server/proto/server.pb.go:204.39,206.29 2 0
github.com/rombintu/goyametricsv2/internal/server/proto/server.pb.go:206.29,210.3 3 0
github.com/rombintu/goyametricsv2/internal/server/proto/server.pb.go:213.47,215.2 1 0
github.com/rombintu/goyametricsv2/internal/server/proto/server.pb.go:217.45,217.46 0 0
github.com/rombintu/goyametricsv2/internal/server/proto/server.pb.go:219.67,221.41 2 0
github.com/rombintu/goyametricsv2/internal/server/proto/server.pb.go:221.41,223.34 2 0
github.com/rombintu/goyametricsv2/internal/server/proto/server.pb.go:223.34,225.4 1 0
github.com/rombintu/goyametricsv2/internal/server/proto/server.pb.go:226.3,226.12 1 0
github.com/rombintu/goyametricsv2/internal/server/proto/server.pb.go:228.2,228.24 1 0
github.com/rombintu/goyametricsv2/internal/server/proto/server.pb.go:232.58,234.2 1 0
github.com/rombintu/goyametricsv2/internal/server/proto/server.pb.go:236.51,237.14 1 0
github.com/rombintu/goyametricsv2/internal/server/proto/server.pb.go:237.14,239.3 1 0
github.com/rombintu/goyametricsv2/internal/server/proto/server.pb.go:240.2,240.12 1 0
github.com/rombintu/goyametricsv2/internal/server/proto/server.pb.go:251.40,253.29 2 0
github.com/rombintu/goyametricsv2/internal/server/proto/server.pb.go:253.29,257.3 3 0
github.com/rombintu/goyametricsv2/internal/server/proto/server.pb.go:260.48,262.2 1 0
github.com/rombintu/goyametricsv2/internal/server/proto/server.pb.go:264.46,264.47 0 0
github.com/rombintu/goyametricsv2/internal/server/proto/server.pb.go:266.68,268.41 2 0
github.com/rombintu/goyametricsv2/internal/server/proto/server.pb.go:268.41,270.34 2 0
github.com/rombintu/goyametricsv2/internal/server/proto/server.pb.go:270.34,272.4 1 0
github.com/rombintu/goyametricsv2/internal/server/proto/server.pb.go:273.3,273.12 1 0
github.com/rombintu/goyametricsv2/internal/server/proto/server.pb.go:275.2,275.24 1 0
github.com/rombintu/goyametricsv2/internal/server/proto/server.pb.go:279.59,281.2 1 0
github.com/rombintu/goyametricsv2/internal/server/proto/server.pb.go:283.52,284.14 1 0
github.com/rombintu/goyametricsv2/internal/server/proto/server.pb.go:284.14,286.3 1 0
github.com/rombintu/goyametricsv2/internal/server/proto/server.pb.go:287.2,287.12 1 0
github.com/rombintu/goyametricsv2/internal/server/proto/server.pb.go:337.67,338.64 1 0
github.com/rombintu/goyametricsv2/internal/server/proto/server.pb.go:338.64,340.3 1 0
github.com/rombintu/goyametricsv2/internal/server/proto/server.pb.go:341.2,341.60 1 0
github.com/rombintu/goyametricsv2/internal/server/proto/server.pb.go:367.13,367.63 1 0
github.com/rombintu/goyametricsv2/internal/server/proto/server.pb.go:368.53,369.52 1 0
github.com/rombintu/goyametricsv2/internal/server/proto/server.pb.go:369.52,371.3 1 0
github.com/rombintu/goyametricsv2/internal/server/proto/server.pb.go:372.2,372.30 1 0
github.com/rombintu/goyametricsv2/internal/server/proto/server.pb.go:372.30,373.105 1 0
github.com/rombintu/goyametricsv2/internal/server/proto/server.pb.go:373.105,374.31 1 0
github.com/rombintu/goyametricsv2/internal/server/proto/server.pb.go:375.11,376.20 1 0
github.com/rombintu/goyametricsv2/internal/server/proto/server.pb.go:377.11,378.24 1 0
github.com/rombintu/goyametricsv2/internal/server/proto/server.pb.go:379.11,380.28 1 0
github.com/rombintu/goyametricsv2/internal/server/proto/server.pb.go:381.12,382.15 1 0
github.com/rombintu/goyametricsv2/internal/server/proto/server.pb.go:385.3,385.105 1 0
github.com/rombintu/goyametricsv2/internal/server/proto/server.pb.go:385.105,386.41 1 0
github.com/rombintu/goyametricsv2/internal/server/proto/server.pb.go:387.11,388.20 1 0
github.com/rombintu/goyametricsv2/internal/server/proto/server.pb.go:389.11,390.24 1 0
github.com/rombintu/goyametricsv2/internal/server/proto/server.pb.go:391.11,392.28 1 0
github.com/rombintu/goyametricsv2/internal/server/proto/server.pb.go:393.12,394.15 1 0
github.com/rombintu/goyametricsv2/internal/server/proto/server.pb.go:397.3,397.105 1 0
github.com/rombintu/goyametricsv2/internal/server/proto/server.pb.go:397.105,398.42 1 0
github.com/rombintu/goyametricsv2/internal/server/proto/server.pb.go:399.11,400.20 1 0
github.com/rombintu/goyametricsv2/internal/server/proto/server.pb.go:401.11,402.24 1 0
github.com/rombintu/goyametricsv2/internal/server/proto/server.pb.go:403.11,404.28 1 0
github.com/rombintu/goyametricsv2/internal/server/proto/server.pb.go:405.12,406.15 1 0
github.com/rombintu/goyametricsv2/internal/server/proto/server.pb.go:409.3,409.105 1 0
github.com/rombintu/goyametricsv2/internal/server/proto/server.pb.go:409.105,410.44 1 0
github.com/rombintu/goyametricsv2/internal/server/proto/server.pb.go:411.11,412.20 1 0
github.com/rombintu/goyametricsv2/internal/server/proto/server.pb.go:413.11,414.24 1 0
github.com/rombintu/goyametricsv2/internal/server/proto/server.pb.go:415.11,416.28 1 0
github.com/rombintu/goyametricsv2/internal/server/proto/server.pb.go:417.12,418.15 1 0
github.com/rombintu/goyametricsv2/internal/server/proto/server.pb.go:421.3,421.105 1 0
github.com/rombintu/goyametricsv2/internal/server/proto/server.pb.go:421.105,422.45 1 0
github.com/rombintu/goyametricsv2/internal/server/proto/server.pb.go:423.11,424.20 1 0
github.com/rombintu/goyametricsv2/internal/server/proto/server.pb.go:425.11,426.24 1 0
github.com/rombintu/goyametricsv2/internal/server/proto/server.pb.go:427.11,428.28 1 0
github.com/rombintu/goyametricsv2/internal/server/proto/server.pb.go:429.12,430.15 1 0
github.com/rombintu/goyametricsv2/internal/server/proto/server.pb.go:434.2,451.55 6 0
github.com/rombintu/goyametricsv2/internal/server/proto/server_grpc.pb.go:29.66,31.2 1 0
github.com/rombintu/goyametricsv2/internal/server/proto/server_grpc.pb.go:33.131,36.16 3 0
github.com/rombintu/goyametricsv2/internal/server/proto/server_grpc.pb.go:36.16,38.3 1 0
github.com/rombintu/goyametricsv2/internal/server/proto/server_grpc.pb.go:39.2,39.17 1 0
github.com/rombintu/goyametricsv2/internal/server/proto/server_grpc.pb.go:42.140,45.16 3 0
github.com/rombintu/goyametricsv2/internal/server/proto/server_grpc.pb.go:45.16,47.3 1 0
github.com/rombintu/goyametricsv2/internal/server/proto/server_grpc.pb.go:48.2,48.17 1 0
github.com/rombintu/goyametricsv2/internal/server/proto/server_grpc.pb.go:64.109,66.2 1 0
github.com/rombintu/goyametricsv2/internal/server/proto/server_grpc.pb.go:67.118,69.2 1 0
github.com/rombintu/goyametricsv2/internal/server/proto/server_grpc.pb.go:70.74,70.75 0 0
github.com/rombintu/goyametricsv2/internal/server/proto/server_grpc.pb.go:79.72,81.2 1 0
github.com/rombintu/goyametricsv2/internal/server/proto/server_grpc.pb.go:83.162,85.32 2 0
github.com/rombintu/goyametricsv2/internal/server/proto/server_grpc.pb.go:85.32,87.3 1 0
github.com/rombintu/goyametricsv2/internal/server/proto/server_grpc.pb.go:88.2,88.24 1 0
github.com/rombintu/goyametricsv2/internal/server/proto/server_grpc.pb.go:88.24,90.3 1 0
github.com/rombintu/goyametricsv2/internal/server/proto/server_grpc.pb.go:91.2,95.77 2 0
github.com/rombintu/goyametricsv2/internal/server/proto/server_grpc.pb.go:95.77,97.3 1 0
github.com/rombintu/goyametricsv2/internal/server/proto/server_grpc.pb.go:98.2,98.44 1 0
github.com/rombintu/goyametricsv2/internal/server/proto/server_grpc.pb.go:101.165,103.32 2 0
github.com/rombintu/goyametricsv2/internal/server/proto/server_grpc.pb.go:103.32,105.3 1 0
github.com/rombintu/goyametricsv2/internal/server/proto/server_grpc.pb.go:106.2,106.24 1 0
github.com/rombintu/goyametricsv2/internal/server/proto/server_grpc.pb.go:106.24,108.3 1 0
github.com/rombintu/goyametricsv2/internal/server/proto/server_grpc.pb.go:109.2,113.77 2 0
github.com/rombintu/goyametricsv2/internal/server/proto/server_grpc.pb.go:113.77,115.3 1 0
github.com/rombintu/goyametricsv2/internal/server/proto/server_grpc.pb.go:116.2,116.44 1 0
github.com/rombintu/goyametricsv2/lib/mygzip/gzip.go:33.61,35.52 1 1
github.com/rombintu/goyametricsv2/lib/mygzip/gzip.go:35.52,37.3 1 1
github.com/rombintu/goyametricsv2/lib/mygzip/gzip.go:39.2,39.28 1 1
github.com/rombintu/goyametricsv2/lib/mygzip/gzip.go:51.61,52.36 1 1
github.com/rombintu/goyametricsv2/lib/mygzip/gzip.go:52.36,55.52 2 1
github.com/rombintu/goyametricsv2/lib/mygzip/gzip.go:55.52,57.4 1 0
github.com/rombintu/goyametricsv2/lib/mygzip/gzip.go:60.3,61.52 2 1
github.com/rombintu/goyametricsv2/lib/mygzip/gzip.go:61.52,64.18 2 1
github.com/rombintu/goyametricsv2/lib/mygzip/gzip.go:64.18,66.5 1 0
github.com/rombintu/goyametricsv2/lib/mygzip/gzip.go:67.4,70.47 2 1
github.com/rombintu/goyametricsv2/lib/mygzip/gzip.go:74.3,88.33 6 1
github.com/rombintu/goyametricsv2/lib/mygzip/gzip.go:88.33,90.4 1 0
github.com/rombintu/goyametricsv2/lib/mygzip/gzip.go:93.3,93.44 1 1
github.com/rombintu/goyametricsv2/lib/mygzip/gzip.go:93.44,95.4 1 0
github.com/rombintu/goyametricsv2/lib/mygzip/gzip.go:97.3,97.13 1 1
github.com/rombintu/goyametricsv2/lib/myhash/sha256.go:26.53,30.2 3 1
github.com/rombintu/goyametricsv2/lib/myhash/sha256.go:48.58,49.54 1 1
github.com/rombintu/goyametricsv2/lib/myhash/sha256.go:49.54,50.37 1 1
github.com/rombintu/goyametricsv2/lib/myhash/sha256.go:50.37,52.63 1 1
github.com/rombintu/goyametricsv2/lib/myhash/sha256.go:52.63,54.5 1 1
github.com/rombintu/goyametricsv2/lib/myhash/sha256.go:57.4,58.18 2 1
github.com/rombintu/goyametricsv2/lib/myhash/sha256.go:58.18,60.5 1 0
github.com/rombintu/goyametricsv2/lib/myhash/sha256.go:61.4,64.82 2 1
github.com/rombintu/goyametricsv2/lib/myhash/sha256.go:64.82,66.5 1 1
github.com/rombintu/goyametricsv2/lib/myhash/sha256.go:69.4,71.25 3 1
github.com/rombintu/goyametricsv2/lib/myhash/sha256.go:71.25,73.5 1 0
github.com/rombintu/goyametricsv2/lib/myhash/sha256.go:73.10,73.42 1 1
github.com/rombintu/goyametricsv2/lib/myhash/sha256.go:73.42,76.5 2 1
github.com/rombintu/goyametricsv2/lib/myhash/sha256.go:76.10,78.5 1 0
github.com/rombintu/goyametricsv2/lib/myhash/sha256.go:81.4,82.18 2 0
github.com/rombintu/goyametricsv2/internal/storage/pgx_driver.go:31.99,34.2 2 1
github.com/rombintu/goyametricsv2/internal/storage/pgx_driver.go:36.95,39.2 2 1
github.com/rombintu/goyametricsv2/internal/storage/pgx_driver.go:41.84,44.2 2 1
github.com/rombintu/goyametricsv2/internal/storage/pgx_driver.go:46.44,51.2 1 1
github.com/rombintu/goyametricsv2/internal/storage/pgx_driver.go:53.34,55.16 2 1
github.com/rombintu/goyametricsv2/internal/storage/pgx_driver.go:55.16,57.3 1 0
github.com/rombintu/goyametricsv2/internal/storage/pgx_driver.go:58.2,62.29 4 1
github.com/rombintu/goyametricsv2/internal/storage/pgx_driver.go:62.29,63.41 1 1
github.com/rombintu/goyametricsv2/internal/storage/pgx_driver.go:63.41,65.9 2 1
github.com/rombintu/goyametricsv2/internal/storage/pgx_driver.go:67.3,68.45 2 0
github.com/rombintu/goyametricsv2/internal/storage/pgx_driver.go:70.2,70.9 1 1
github.com/rombintu/goyametricsv2/internal/storage/pgx_driver.go:70.9,72.3 1 0
github.com/rombintu/goyametricsv2/internal/storage/pgx_driver.go:74.2,75.16 2 1
github.com/rombintu/goyametricsv2/internal/storage/pgx_driver.go:75.16,77.3 1 0
github.com/rombintu/goyametricsv2/internal/storage/pgx_driver.go:78.2,78.12 1 1
github.com/rombintu/goyametricsv2/internal/storage/pgx_driver.go:81.35,84.2 2 1
github.com/rombintu/goyametricsv2/internal/storage/pgx_driver.go:86.34,88.2 1 1
github.com/rombintu/goyametricsv2/internal/storage/pgx_driver.go:90.34,92.2 1 1
github.com/rombintu/goyametricsv2/internal/storage/pgx_driver.go:94.37,96.2 1 1
github.com/rombintu/goyametricsv2/internal/storage/pgx_driver.go:98.61,100.15 2 1
github.com/rombintu/goyametricsv2/internal/storage/pgx_driver.go:101.19,107.4 1 1
github.com/rombintu/goyametricsv2/internal/storage/pgx_driver.go:108.17,114.4 1 0
github.com/rombintu/goyametricsv2/internal/storage/pgx_driver.go:116.2,117.12 2 1
github.com/rombintu/goyametricsv2/internal/storage/pgx_driver.go:120.62,121.32 1 1
github.com/rombintu/goyametricsv2/internal/storage/pgx_driver.go:121.32,123.3 1 0
github.com/rombintu/goyametricsv2/internal/storage/pgx_driver.go:124.2,129.16 4 1
github.com/rombintu/goyametricsv2/internal/storage/pgx_driver.go:129.16,131.3 1 0
github.com/rombintu/goyametricsv2/internal/storage/pgx_driver.go:132.2,132.16 1 1
github.com/rombintu/goyametricsv2/internal/storage/pgx_driver.go:132.16,134.3 1 1
github.com/rombintu/goyametricsv2/internal/storage/pgx_driver.go:135.2,135.36 1 0
github.com/rombintu/goyametricsv2/internal/storage/pgx_driver.go:139.35,142.16 3 1
github.com/rombintu/goyametricsv2/internal/storage/pgx_driver.go:142.16,145.3 2 0
github.com/rombintu/goyametricsv2/internal/storage/pgx_driver.go:146.2,150.18 4 1
github.com/rombintu/goyametricsv2/internal/storage/pgx_driver.go:150.18,152.59 2 1
github.com/rombintu/goyametricsv2/internal/storage/pgx_driver.go:152.59,155.4 2 0
github.com/rombintu/goyametricsv2/internal/storage/pgx_driver.go:156.3,156.16 1 1
github.com/rombintu/goyametricsv2/internal/storage/pgx_driver.go:157.20,159.65 2 1
github.com/rombintu/goyametricsv2/internal/storage/pgx_driver.go:159.65,161.13 2 0
github.com/rombintu/goyametricsv2/internal/storage/pgx_driver.go:163.4,163.27 1 1
github.com/rombintu/goyametricsv2/internal/storage/pgx_driver.go:164.18,166.63 2 1
github.com/rombintu/goyametricsv2/internal/storage/pgx_driver.go:166.63,168.13 2 0
github.com/rombintu/goyametricsv2/internal/storage/pgx_driver.go:170.4,170.25 1 1
github.com/rombintu/goyametricsv2/internal/storage/pgx_driver.go:173.2,174.16 2 1
github.com/rombintu/goyametricsv2/internal/storage/pgx_driver.go:174.16,176.3 1 0
github.com/rombintu/goyametricsv2/internal/storage/pgx_driver.go:177.2,179.13 3 1
github.com/rombintu/goyametricsv2/internal/storage/pgx_driver.go:182.48,186.67 4 1
github.com/rombintu/goyametricsv2/internal/storage/pgx_driver.go:186.67,188.3 1 0
github.com/rombintu/goyametricsv2/internal/storage/pgx_driver.go:189.2,189.63 1 1
github.com/rombintu/goyametricsv2/internal/storage/pgx_driver.go:189.63,191.3 1 0
github.com/rombintu/goyametricsv2/internal/storage/pgx_driver.go:192.2,192.12 1 1
github.com/rombintu/goyametricsv2/internal/storage/pgx_driver.go:195.89,197.16 2 1
github.com/rombintu/goyametricsv2/internal/storage/pgx_driver.go:197.16,199.3 1 0
github.com/rombintu/goyametricsv2/internal/storage/pgx_driver.go:200.2,203.15 3 1
github.com/rombintu/goyametricsv2/internal/storage/pgx_driver.go:204.19,210.4 1 1
github.com/rombintu/goyametricsv2/internal/storage/pgx_driver.go:211.17,217.4 1 1
github.com/rombintu/goyametricsv2/internal/storage/pgx_driver.go:218.10,219.43 1 0
github.com/rombintu/goyametricsv2/internal/storage/pgx_driver.go:223.2,224.31 2 1
github.com/rombintu/goyametricsv2/internal/storage/pgx_driver.go:224.31,226.17 2 1
github.com/rombintu/goyametricsv2/internal/storage/pgx_driver.go:226.17,228.4 1 0
github.com/rombintu/goyametricsv2/internal/storage/pgx_driver.go:230.2,231.29 2 1
github.com/rombintu/goyametricsv2/internal/storage/pgx_driver.go:234.42,244.2 2 1
github.com/rombintu/goyametricsv2/internal/storage/storage.go:64.63,66.21 2 1
github.com/rombintu/goyametricsv2/internal/storage/storage.go:67.17,68.36 1 1
github.com/rombintu/goyametricsv2/internal/storage/storage.go:69.18,70.36 1 0
github.com/rombintu/goyametricsv2/internal/storage/storage.go:71.10,72.34 1 1
github.com/rombintu/goyametricsv2/internal/storage/storage.go:74.2,74.16 1 1
github.com/rombintu/goyametricsv2/internal/storage/tmp_driver.go:30.48,35.2 1 1
github.com/rombintu/goyametricsv2/internal/storage/tmp_driver.go:37.34,45.2 4 1
github.com/rombintu/goyametricsv2/internal/storage/tmp_driver.go:47.35,50.2 2 1
github.com/rombintu/goyametricsv2/internal/storage/tmp_driver.go:52.34,54.2 1 1
github.com/rombintu/goyametricsv2/internal/storage/tmp_driver.go:56.69,57.15 1 1
github.com/rombintu/goyametricsv2/internal/storage/tmp_driver.go:58.17,60.17 2 0
github.com/rombintu/goyametricsv2/internal/storage/tmp_driver.go:60.17,62.4 1 0
github.com/rombintu/goyametricsv2/internal/storage/tmp_driver.go:63.3,63.30 1 0
github.com/rombintu/goyametricsv2/internal/storage/tmp_driver.go:64.19,66.17 2 1
github.com/rombintu/goyametricsv2/internal/storage/tmp_driver.go:66.17,68.4 1 0
github.com/rombintu/goyametricsv2/internal/storage/tmp_driver.go:69.3,69.32 1 1
github.com/rombintu/goyametricsv2/internal/storage/tmp_driver.go:70.10,71.43 1 0
github.com/rombintu/goyametricsv2/internal/storage/tmp_driver.go:73.2,73.12 1 1
github.com/rombintu/goyametricsv2/internal/storage/tmp_driver.go:76.62,77.15 1 1
github.com/rombintu/goyametricsv2/internal/storage/tmp_driver.go:78.17,80.10 2 0
github.com/rombintu/goyametricsv2/internal/storage/tmp_driver.go:80.10,82.4 1 0
github.com/rombintu/goyametricsv2/internal/storage/tmp_driver.go:83.3,83.54 1 0
github.com/rombintu/goyametricsv2/internal/storage/tmp_driver.go:84.19,86.10 2 1
github.com/rombintu/goyametricsv2/internal/storage/tmp_driver.go:86.10,88.4 1 1
github.com/rombintu/goyametricsv2/internal/storage/tmp_driver.go:89.3,89.43 1 1
github.com/rombintu/goyametricsv2/internal/storage/tmp_driver.go:91.2,91.46 1 0
github.com/rombintu/goyametricsv2/internal/storage/tmp_driver.go:94.58,96.9 2 1
github.com/rombintu/goyametricsv2/internal/storage/tmp_driver.go:96.9,98.3 1 1
github.com/rombintu/goyametricsv2/internal/storage/tmp_driver.go:99.2,99.20 1 1
github.com/rombintu/goyametricsv2/internal/storage/tmp_driver.go:102.58,104.9 2 1
github.com/rombintu/goyametricsv2/internal/storage/tmp_driver.go:104.9,106.3 1 1
github.com/rombintu/goyametricsv2/internal/storage/tmp_driver.go:107.2,107.20 1 1
github.com/rombintu/goyametricsv2/internal/storage/tmp_driver.go:110.60,112.2 1 1
github.com/rombintu/goyametricsv2/internal/storage/tmp_driver.go:114.60,116.12 2 1
github.com/rombintu/goyametricsv2/internal/storage/tmp_driver.go:116.12,119.3 2 1
github.com/rombintu/goyametricsv2/internal/storage/tmp_driver.go:120.2,120.41 1 0
github.com/rombintu/goyametricsv2/internal/storage/tmp_driver.go:123.35,125.2 1 1
github.com/rombintu/goyametricsv2/internal/storage/tmp_driver.go:127.48,128.34 1 1
github.com/rombintu/goyametricsv2/internal/storage/tmp_driver.go:128.34,130.3 1 0
github.com/rombintu/goyametricsv2/internal/storage/tmp_driver.go:131.2,131.32 1 1
github.com/rombintu/goyametricsv2/internal/storage/tmp_driver.go:131.32,133.3 1 0
github.com/rombintu/goyametricsv2/internal/storage/tmp_driver.go:134.2,134.12 1 1
github.com/rombintu/goyametricsv2/internal/storage/tmp_driver.go:137.34,139.28 1 1
github.com/rombintu/goyametricsv2/internal/storage/tmp_driver.go:139.28,141.3 1 0
github.com/rombintu/goyametricsv2/internal/storage/tmp_driver.go:143.2,144.16 2 1
github.com/rombintu/goyametricsv2/internal/storage/tmp_driver.go:144.16,146.3 1 0
github.com/rombintu/goyametricsv2/internal/storage/tmp_driver.go:147.2,149.16 3 1
github.com/rombintu/goyametricsv2/internal/storage/tmp_driver.go:149.16,151.3 1 0
github.com/rombintu/goyametricsv2/internal/storage/tmp_driver.go:152.2,153.16 2 1
github.com/rombintu/goyametricsv2/internal/storage/tmp_driver.go:153.16,155.3 1 0
github.com/rombintu/goyametricsv2/internal/storage/tmp_driver.go:156.2,156.12 1 1
github.com/rombintu/goyametricsv2/internal/storage/tmp_driver.go:159.37,161.28 1 1
github.com/rombintu/goyametricsv2/internal/storage/tmp_driver.go:161.28,163.3 1 0
github.com/rombintu/goyametricsv2/internal/storage/tmp_driver.go:165.2,165.68 1 1
github.com/rombintu/goyametricsv2/internal/storage/tmp_driver.go:165.68,168.3 2 0
github.com/rombintu/goyametricsv2/internal/storage/tmp_driver.go:169.2,170.16 2 1
github.com/rombintu/goyametricsv2/internal/storage/tmp_driver.go:170.16,172.3 1 0
github.com/rombintu/goyametricsv2/internal/storage/tmp_driver.go:173.2,175.16 3 1
github.com/rombintu/goyametricsv2/internal/storage/tmp_driver.go:175.16,178.3 2 0
github.com/rombintu/goyametricsv2/internal/storage/tmp_driver.go:180.2,180.26 1 1
github.com/rombintu/goyametricsv2/internal/storage/tmp_driver.go:180.26,183.3 2 0
github.com/rombintu/goyametricsv2/internal/storage/tmp_driver.go:185.2,186.16 2 1
github.com/rombintu/goyametricsv2/internal/storage/tmp_driver.go:186.16,189.3 2 0
github.com/rombintu/goyametricsv2/internal/storage/tmp_driver.go:191.2,192.16 2 1
github.com/rombintu/goyametricsv2/internal/storage/tmp_driver.go:192.16,195.3 2 0
github.com/rombintu/goyametricsv2/internal/storage/tmp_driver.go:196.2,196.12 1 1
github.com/rombintu/goyametricsv2/internal/storage/tools.go:9.47,11.27 2 1
github.com/rombintu/goyametricsv2/internal/storage/tools.go:11.27,13.3 1 1
github.com/rombintu/goyametricsv2/internal/storage/tools.go:14.2,14.15 1 1
github.com/rombintu/goyametricsv2/internal/storage/tools.go:17.43,19.27 2 1
github.com/rombintu/goyametricsv2/internal/storage/tools.go:19.27,21.3 1 1
github.com/rombintu/goyametricsv2/internal/storage/tools.go:22.2,22.15 1 1
github.com/rombintu/goyametricsv2/lib/myparser/parser.go:15.45,17.2 1 1
github.com/rombintu/goyametricsv2/lib/myparser/parser.go:26.41,28.2 1 1
github.com/rombintu/goyametricsv2/lib/myorigin/trusted.go:25.65,26.54 1 1
github.com/rombintu/goyametricsv2/lib/myorigin/trusted.go:26.54,27.37 1 1
github.com/rombintu/goyametricsv2/lib/myorigin/trusted.go:27.37,31.23 3 1
github.com/rombintu/goyametricsv2/lib/myorigin/trusted.go:31.23,33.5 1 1
github.com/rombintu/goyametricsv2/lib/myorigin/trusted.go:36.4,37.18 2 1
github.com/rombintu/goyametricsv2/lib/myorigin/trusted.go:37.18,39.5 1 0
github.com/rombintu/goyametricsv2/lib/myorigin/trusted.go:42.4,42.35 1 1
github.com/rombintu/goyametricsv2/lib/myorigin/trusted.go:42.35,45.5 2 1
github.com/rombintu/goyametricsv2/lib/myorigin/trusted.go:48.4,48.34 1 1
github.com/rombintu/goyametricsv2/lib/myorigin/trusted.go:48.34,50.5 1 0
github.com/rombintu/goyametricsv2/lib/myorigin/trusted.go:51.4,51.14 1 1
github.com/rombintu/goyametricsv2/lib/ptrhelper/ptrhelper.go:7.31,9.2 1 1
github.com/rombintu/goyametricsv2/lib/ptrhelper/ptrhelper.go:13.37,15.2 1 1
github.com/rombintu/goyametricsv2/lib/patterns/semaphore.go:18.44,22.2 1 1
github.com/rombintu/goyametricsv2/lib/patterns/semaphore.go:26.31,28.2 1 1
github.com/rombintu/goyametricsv2/lib/patterns/semaphore.go:32.31,34.2 1 1
github.com/rombintu/goyametricsv2/cmd/agent/main.go:25.13,62.12 18 1
github.com/rombintu/goyametricsv2/cmd/agent/main.go:62.12,68.3 3 1
github.com/rombintu/goyametricsv2/cmd/agent/main.go:71.2,72.65 2 1
github.com/rombintu/goyametricsv2/internal/server/proto/server.pb.go:33.26,35.29 2 0
github.com/rombintu/goyametricsv2/internal/server/proto/server.pb.go:35.29,39.3 3 0
github.com/rombintu/goyametricsv2/internal/server/proto/server.pb.go:42.34,44.2 1 0
github.com/rombintu/goyametricsv2/internal/server/proto/server.pb.go:46.32,46.33 0 0
github.com/rombintu/goyametricsv2/internal/server/proto/server.pb.go:48.54,50.41 2 0
github.com/rombintu/goyametricsv2/internal/server/proto/server.pb.go:50.41,52.34 2 0
github.com/rombintu/goyametricsv2/internal/server/proto/server.pb.go:52.34,54.4 1 0
github.com/rombintu/goyametricsv2/internal/server/proto/server.pb.go:55.3,55.12 1 0
github.com/rombintu/goyametricsv2/internal/server/proto/server.pb.go:57.2,57.24 1 0
github.com/rombintu/goyametricsv2/internal/server/proto/server.pb.go:61.45,63.2 1 0
github.com/rombintu/goyametricsv2/internal/server/proto/server.pb.go:65.36,66.14 1 0
github.com/rombintu/goyametricsv2/internal/server/proto/server.pb.go:66.14,68.3 1 0
github.com/rombintu/goyametricsv2/internal/server/proto/server.pb.go:69.2,69.11 1 0
github.com/rombintu/goyametricsv2/internal/server/proto/server.pb.go:72.36,73.14 1 0
github.com/rombintu/goyametricsv2/internal/server/proto/server.pb.go:73.14,75.3 1 0
github.com/rombintu/goyametricsv2/internal/server/proto/server.pb.go:76.2,76.11 1 0
github.com/rombintu/goyametricsv2/internal/server/proto/server.pb.go:79.37,80.14 1 0
github.com/rombintu/goyametricsv2/internal/server/proto/server.pb.go:80.14,82.3 1 0
github.com/rombintu/goyametricsv2/internal/server/proto/server.pb.go:83.2,83.11 1 0
github.com/rombintu/goyametricsv2/internal/server/proto/server.pb.go:95.36,97.29 2 0
github.com/rombintu/goyametricsv2/internal/server/proto/server.pb.go:97.29,101.3 3 0
github.com/rombintu/goyametricsv2/internal/server/proto/server.pb.go:104.44,106.2 1 0
github.com/rombintu/goyametricsv2/internal/server/proto/server.pb.go:108.42,108.43 0 0
github.com/rombintu/goyametricsv2/internal/server/proto/server.pb.go:110.64,112.41 2 0
github.com/rombintu/goyametricsv2/internal/server/proto/server.pb.go:112.41,114.34 2 0
github.com/rombintu/goyametricsv2/internal/server/proto/server.pb.go:114.34,116.4 1 0
github.com/rombintu/goyametricsv2/internal/server/proto/server.pb.go:117.3,117.12 1 0
github.com/rombintu/goyametricsv2/internal/server/proto/server.pb.go:119.2,119.24 1 0
github.com/rombintu/goyametricsv2/internal/server/proto/server.pb.go:123.55,125.2 1 0
github.com/rombintu/goyametricsv2/internal/server/proto/server.pb.go:127.46,128.14 1 0
github.com/rombintu/goyametricsv2/internal/server/proto/server.pb.go:128.14,130.3 1 0
github.com/rombintu/goyametricsv2/internal/server/proto/server.pb.go:131.2,131.11 1 0
github.com/rombintu/goyametricsv2/internal/server/proto/server.pb.go:134.46,135.14 1 0
github.com/rombintu/goyametricsv2/internal/server/proto/server.pb.go:135.14,137.3 1 0
github.com/rombintu/goyametricsv2/internal/server/proto/server.pb.go:138.2,138.11 1 0
github.com/rombintu/goyametricsv2/internal/server/proto/server.pb.go:150.37,152.29 2 0
github.com/rombintu/goyametricsv2/internal/server/proto/server.pb.go:152.29,156.3 3 0
github.com/rombintu/goyametricsv2/internal/server/proto/server.pb.go:159.45,161.2 1 0
github.com/rombintu/goyametricsv2/internal/server/proto/server.pb.go:163.43,163.44 0 0
github.com/rombintu/goyametricsv2/internal/server/proto/server.pb.go:165.65,167.41 2 0
github.com/rombintu/goyametricsv2/internal/server/proto/server.pb.go:167.41,169.34 2 0
github.com/rombintu/goyametricsv2/internal/server/proto/server.pb.go:169.34,171.4 1 0
github.com/rombintu/goyametricsv2/internal/server/proto/server.pb.go:172.3,172.12 1 0
github.com/rombintu/goyametricsv2/internal/server/proto/server.pb.go:174.2,174.24 1 0
github.com/rombintu/goyametricsv2/internal/server/proto/server.pb.go:178.56,180.2 1 0
github.com/rombintu/goyametricsv2/internal/server/proto/server.pb.go:182.49,183.14 1 0
github.com/rombintu/goyametricsv2/internal/server/proto/server.pb.go:183.14,185.3 1 0
github.com/rombintu/goyametricsv2/internal/server/proto/server.pb.go:186.2,186.12 1 0
github.com/rombintu/goyametricsv2/internal/server/proto/server.pb.go:189.47,190.14 1 0
github.com/rombintu/goyametricsv2/internal/server/proto/server.pb.go:190.14,192.3 1 0
github.com/rombintu/goyametricsv2/internal/server/proto/server.pb.go:193.2,193.11 1 0
github.com/rombintu/goyametricsv2/internal/server/proto/server.pb.go:204.39,206.29 2 0
github.com/rombintu/goyametricsv2/internal/server/proto/server.pb.go:206.29,210.3 3 0
github.com/rombintu/goyametricsv2/internal/server/proto/server.pb.go:213.47,215.2 1 0
github.com/rombintu/goyametricsv2/internal/server/proto/server.pb.go:217.45,217.46 0 0
github.com/rombintu/goyametricsv2/internal/server/proto/server.pb.go:219.67,221.41 2 0
github.com/rombintu/goyametricsv2/internal/server/proto/server.pb.go:221.41,223.34 2 0
github.com/rombintu/goyametricsv2/internal/server/proto/server.pb.go:223.34,225.4 1 0
github.com/rombintu/goyametricsv2/internal/server/proto/server.pb.go:226.3,226.12 1 0
github.com/rombintu/goyametricsv2/internal/server/proto/server.pb.go:228.2,228.24 1 0
github.com/rombintu/goyametricsv2/internal/server/proto/server.pb.go:232.58,234.2 1 0
github.com/rombintu/goyametricsv2/internal/server/proto/server.pb.go:236.51,237.14 1 0
github.com/rombintu/goyametricsv2/internal/server/proto/server.pb.go:237.14,239.3 1 0
github.com/rombintu/goyametricsv2/internal/server/proto/server.pb.go:240.2,240.12 1 0
github.com/rombintu/goyametricsv2/internal/server/proto/server.pb.go:251.40,253.29 2 0
github.com/rombintu/goyametricsv2/internal/server/proto/server.pb.go:253.29,257.3 3 0
github.com/rombintu/goyametricsv2/internal/server/proto/server.pb.go:260.48,262.2 1 0
github.com/rombintu/goyametricsv2/internal/server/proto/server.pb.go:264.46,264.47 0 0
github.com/rombintu/goyametricsv2/internal/server/proto/server.pb.go:266.68,268.41 2 0
github.com/rombintu/goyametricsv2/internal/server/proto/server.pb.go:268.41,270.34 2 0
github.com/rombintu/goyametricsv2/internal/server/proto/server.pb.go:270.34,272.4 1 0
github.com/rombintu/goyametricsv2/internal/server/proto/server.pb.go:273.3,273.12 1 0
github.com/rombintu/goyametricsv2/internal/server/proto/server.pb.go:275.2,275.24 1 0
github.com/rombintu/goyametricsv2/internal/server/proto/server.pb.go:279.59,281.2 1 0
github.com/rombintu/goyametricsv2/internal/server/proto/server.pb.go:283.52,284.14 1 0
github.com/rombintu/goyametricsv2/internal/server/proto/server.pb.go:284.14,286.3 1 0
github.com/rombintu/goyametricsv2/internal/server/proto/server.pb.go:287.2,287.12 1 0
github.com/rombintu/goyametricsv2/internal/server/proto/server.pb.go:337.67,338.64 1 0
github.com/rombintu/goyametricsv2/internal/server/proto/server.pb.go:338.64,340.3 1 0
github.com/rombintu/goyametricsv2/internal/server/proto/server.pb.go:341.2,341.60 1 0
github.com/rombintu/goyametricsv2/internal/server/proto/server.pb.go:367.13,367.63 1 1
github.com/rombintu/goyametricsv2/internal/server/proto/server.pb.go:368.53,369.52 1 1
github.com/rombintu/goyametricsv2/internal/server/proto/server.pb.go:369.52,371.3 1 0
github.com/rombintu/goyametricsv2/internal/server/proto/server.pb.go:372.2,372.30 1 1
github.com/rombintu/goyametricsv2/internal/server/proto/server.pb.go:372.30,373.105 1 0
github.com/rombintu/goyametricsv2/internal/server/proto/server.pb.go:373.105,374.31 1 0
github.com/rombintu/goyametricsv2/internal/server/proto/server.pb.go:375.11,376.20 1 0
github.com/rombintu/goyametricsv2/internal/server/proto/server.pb.go:377.11,378.24 1 0
github.com/rombintu/goyametricsv2/internal/server/proto/server.pb.go:379.11,380.28 1 0
github.com/rombintu/goyametricsv2/internal/server/proto/server.pb.go:381.12,382.15 1 0
github.com/rombintu/goyametricsv2/internal/server/proto/server.pb.go:385.3,385.105 1 0
github.com/rombintu/goyametricsv2/internal/server/proto/server.pb.go:385.105,386.41 1 0
github.com/rombintu/goyametricsv2/internal/server/proto/server.pb.go:387.11,388.20 1 0
github.com/rombintu/goyametricsv2/internal/server/proto/server.pb.go:389.11,390.24 1 0
github.com/rombintu/goyametricsv2/internal/server/proto/server.pb.go:391.11,392.28 1 0
github.com/rombintu/goyametricsv2/internal/server/proto/server.pb.go:393.12,394.15 1 0
github.com/rombintu/goyametricsv2/internal/server/proto/server.pb.go:397.3,397.105 1 0
github.com/rombintu/goyametricsv2/internal/server/proto/server.pb.go:397.105,398.42 1 0
github.com/rombintu/goyametricsv2/internal/server/proto/server.pb.go:399.11,400.20 1 0
github.com/rombintu/goyametricsv2/internal/server/proto/server.pb.go:401.11,402.24 1 0
github.com/rombintu/goyametricsv2/internal/server/proto/server.pb.go:403.11,404.28 1 0
github.com/rombintu/goyametricsv2/internal/server/proto/server.pb.go:405.12,406.15 1 0
github.com/rombintu/goyametricsv2/internal/server/proto/server.pb.go:409.3,409.105 1 0
github.com/rombintu/goyametricsv2/internal/server/proto/server.pb.go:409.105,410.44 1 0
github.com/rombintu/goyametricsv2/internal/server/proto/server.pb.go:411.11,412.20 1 0
github.com/rombintu/goyametricsv2/internal/server/proto/server.pb.go:413.11,414.24 1 0
github.com/rombintu/goyametricsv2/internal/server/proto/server.pb.go:415.11,416.28 1 0
github.com/rombintu/goyametricsv2/internal/server/proto/server.pb.go:417.12,418.15 1 0
github.com/rombintu/goyametricsv2/internal/server/proto/server.pb.go:421.3,421.105 1 0
github.com/rombintu/goyametricsv2/internal/server/proto/server.pb.go:421.105,422.45 1 0
github.com/rombintu/goyametricsv2/internal/server/proto/server.pb.go:423.11,424.20 1 0
github.com/rombintu/goyametricsv2/internal/server/proto/server.pb.go:425.11,426.24 1 0
github.com/rombintu/goyametricsv2/internal/server/proto/server.pb.go:427.11,428.28 1 0
github.com/rombintu/goyametricsv2/internal/server/proto/server.pb.go:429.12,430.15 1 0
github.com/rombintu/goyametricsv2/internal/server/proto/server.pb.go:434.2,451.55 6 1
github.com/rombintu/goyametricsv2/internal/server/proto/server_grpc.pb.go:29.66,31.2 1 1
github.com/rombintu/goyametricsv2/internal/server/proto/server_grpc.pb.go:33.131,36.16 3 0
github.com/rombintu/goyametricsv2/internal/server/proto/server_grpc.pb.go:36.16,38.3 1 0
github.com/rombintu/goyametricsv2/internal/server/proto/server_grpc.pb.go:39.2,39.17 1 0
github.com/rombintu/goyametricsv2/internal/server/proto/server_grpc.pb.go:42.140,45.16 3 1
github.com/rombintu/goyametricsv2/internal/server/proto/server_grpc.pb.go:45.16,47.3 1 1
github.com/rombintu/goyametricsv2/internal/server/proto/server_grpc.pb.go:48.2,48.17 1 0
github.com/rombintu/goyametricsv2/internal/server/proto/server_grpc.pb.go:64.109,66.2 1 0
github.com/rombintu/goyametricsv2/internal/server/proto/server_grpc.pb.go:67.118,69.2 1 0
github.com/rombintu/goyametricsv2/internal/server/proto/server_grpc.pb.go:70.74,70.75 0 0
github.com/rombintu/goyametricsv2/internal/server/proto/server_grpc.pb.go:79.72,81.2 1 0
github.com/rombintu/goyametricsv2/internal/server/proto/server_grpc.pb.go:83.162,85.32 2 0
github.com/rombintu/goyametricsv2/internal/server/proto/server_grpc.pb.go:85.32,87.3 1 0
github.com/rombintu/goyametricsv2/internal/server/proto/server_grpc.pb.go:88.2,88.24 1 0
github.com/rombintu/goyametricsv2/internal/server/proto/server_grpc.pb.go:88.24,90.3 1 0
github.com/rombintu/goyametricsv2/internal/server/proto/server_grpc.pb.go:91.2,95.77 2 0
github.com/rombintu/goyametricsv2/internal/server/proto/server_grpc.pb.go:95.77,97.3 1 0
github.com/rombintu/goyametricsv2/internal/server/proto/server_grpc.pb.go:98.2,98.44 1 0
github.com/rombintu/goyametricsv2/internal/server/proto/server_grpc.pb.go:101.165,103.32 2 0
github.com/rombintu/goyametricsv2/internal/server/proto/server_grpc.pb.go:103.32,105.3 1 0
github.com/rombintu/goyametricsv2/internal/server/proto/server_grpc.pb.go:106.2,106.24 1 0
github.com/rombintu/goyametricsv2/internal/server/proto/server_grpc.pb.go:106.24,108.3 1 0
github.com/rombintu/goyametricsv2/internal/server/proto/server_grpc.pb.go:109.2,113.77 2 0
github.com/rombintu/goyametricsv2/internal/server/proto/server_grpc.pb.go:113.77,115.3 1 0
github.com/rombintu/goyametricsv2/internal/server/proto/server_grpc.pb.go:116.2,116.44 1 0
github.com/rombintu/goyametricsv2/lib/mycrypt/crypto.go:22.44,23.36 1 1
github.com/rombintu/goyametricsv2/lib/mycrypt/crypto.go:23.36,26.3 2 1
github.com/rombintu/goyametricsv2/lib/mycrypt/crypto.go:29.2,30.16 2 1
github.com/rombintu/goyametricsv2/lib/mycrypt/crypto.go:30.16,33.3 2 0
github.com/rombintu/goyametricsv2/lib/mycrypt/crypto.go:36.2,37.53 2 1
github.com/rombintu/goyametricsv2/lib/mycrypt/crypto.go:37.53,40.3 2 1
github.com/rombintu/goyametricsv2/lib/mycrypt/crypto.go:43.2,44.16 2 1
github.com/rombintu/goyametricsv2/lib/mycrypt/crypto.go:44.16,47.3 2 0
github.com/rombintu/goyametricsv2/lib/mycrypt/crypto.go:50.2,50.35 1 1
github.com/rombintu/goyametricsv2/lib/mycrypt/crypto.go:50.35,53.3 2 1
github.com/rombintu/goyametricsv2/lib/mycrypt/crypto.go:56.2,56.46 1 1
github.com/rombintu/goyametricsv2/lib/mycrypt/crypto.go:56.46,59.3 2 0
github.com/rombintu/goyametricsv2/lib/mycrypt/crypto.go:61.2,61.13 1 1
github.com/rombintu/goyametricsv2/lib/mycrypt/crypto.go:66.62,69.16 2 1
github.com/rombintu/goyametricsv2/lib/mycrypt/crypto.go:69.16,71.3 1 0
github.com/rombintu/goyametricsv2/lib/mycrypt/crypto.go:74.2,76.61 2 1
github.com/rombintu/goyametricsv2/lib/mycrypt/crypto.go:76.61,78.3 1 0
github.com/rombintu/goyametricsv2/lib/mycrypt/crypto.go:79.2,79.66 1 1
github.com/rombintu/goyametricsv2/lib/mycrypt/crypto.go:79.66,81.3 1 0
github.com/rombintu/goyametricsv2/lib/mycrypt/crypto.go:83.2,83.24 1 1
github.com/rombintu/goyametricsv2/lib/mycrypt/crypto.go:87.65,99.16 4 1
github.com/rombintu/goyametricsv2/lib/mycrypt/crypto.go:99.16,101.3 1 1
github.com/rombintu/goyametricsv2/lib/mycrypt/crypto.go:102.2,104.32 2 1
github.com/rombintu/goyametricsv2/lib/mycrypt/crypto.go:108.63,119.16 4 1
github.com/rombintu/goyametricsv2/lib/mycrypt/crypto.go:119.16,121.3 1 1
github.com/rombintu/goyametricsv2/lib/mycrypt/crypto.go:122.2,124.32 2 1
github.com/rombintu/goyametricsv2/lib/mycrypt/crypto.go:128.63,130.16 2 1
github.com/rombintu/goyametricsv2/lib/mycrypt/crypto.go:130.16,132.3 1 1
github.com/rombintu/goyametricsv2/lib/mycrypt/crypto.go:133.2,135.16 3 1
github.com/rombintu/goyametricsv2/lib/mycrypt/crypto.go:135.16,137.3 1 0
github.com/rombintu/goyametricsv2/lib/mycrypt/crypto.go:138.2,138.24 1 1
github.com/rombintu/goyametricsv2/lib/mycrypt/crypto.go:142.61,144.16 2 1
github.com/rombintu/goyametricsv2/lib/mycrypt/crypto.go:144.16,146.3 1 1
github.com/rombintu/goyametricsv2/lib/mycrypt/crypto.go:147.2,149.16 3 1
github.com/rombintu/goyametricsv2/lib/mycrypt/crypto.go:149.16,151.3 1 0
github.com/rombintu/goyametricsv2/lib/mycrypt/crypto.go:152.2,152.23 1 1
github.com/rombintu/goyametricsv2/lib/mycrypt/crypto.go:157.67,158.54 1 0
github.com/rombintu/goyametricsv2/lib/mycrypt/crypto.go:158.54,159.37 1 0
github.com/rombintu/goyametricsv2/lib/mycrypt/crypto.go:159.37,161.85 1 0
github.com/rombintu/goyametricsv2/lib/mycrypt/crypto.go:161.85,163.19 2 0
github.com/rombintu/goyametricsv2/lib/mycrypt/crypto.go:163.19,165.6 1 0
github.com/rombintu/goyametricsv2/lib/mycrypt/crypto.go:168.5,169.19 2 0
github.com/rombintu/goyametricsv2/lib/mycrypt/crypto.go:169.19,171.6 1 0
github.com/rombintu/goyametricsv2/lib/mycrypt/crypto.go:172.5,173.19 2 0
github.com/rombintu/goyametricsv2/lib/mycrypt/crypto.go:173.19,175.6 1 0
github.com/rombintu/goyametricsv2/lib/mycrypt/crypto.go:176.5,176.69 1 0
github.com/rombintu/goyametricsv2/lib/mycrypt/crypto.go:180.4,180.34 1 0
github.com/rombintu/goyametricsv2/lib/mycrypt/crypto.go:180.34,182.5 1 0
github.com/rombintu/goyametricsv2/lib/mycrypt/crypto.go:184.4,184.14 1 0
github.com/rombintu/goyametricsv2/lib/mycrypt/crypto.go:191.76,197.16 3 1
github.com/rombintu/goyametricsv2/lib/mycrypt/crypto.go:197.16,199.3 1 0
github.com/rombintu/goyametricsv2/lib/mycrypt/crypto.go:202.2,204.16 3 1
github.com/rombintu/goyametricsv2/lib/mycrypt/crypto.go:204.16,206.3 1 0
github.com/rombintu/goyametricsv2/lib/mycrypt/crypto.go:208.2,208.12 1 1
github.com/rombintu/goyametricsv2/internal/agent/agent.go:82.44,95.2 1 1
github.com/rombintu/goyametricsv2/internal/agent/agent.go:98.29,100.21 1 0
github.com/rombintu/goyametricsv2/internal/agent/agent.go:100.21,102.3 1 0
github.com/rombintu/goyametricsv2/internal/agent/agent.go:104.2,104.18 1 0
github.com/rombintu/goyametricsv2/internal/agent/agent.go:104.18,106.17 2 0
github.com/rombintu/goyametricsv2/internal/agent/agent.go:106.17,110.4 3 0
github.com/rombintu/goyametricsv2/internal/agent/agent.go:111.3,111.26 1 0
github.com/rombintu/goyametricsv2/internal/agent/agent.go:123.38,124.39 1 1
github.com/rombintu/goyametricsv2/internal/agent/agent.go:124.39,126.3 1 1
github.com/rombintu/goyametricsv2/internal/agent/agent.go:126.8,128.3 1 1
github.com/rombintu/goyametricsv2/internal/agent/agent.go:132.32,134.2 1 1
github.com/rombintu/goyametricsv2/internal/agent/agent.go:137.26,139.16 2 1
github.com/rombintu/goyametricsv2/internal/agent/agent.go:139.16,141.3 1 0
github.com/rombintu/goyametricsv2/internal/agent/agent.go:142.2,146.24 3 1
github.com/rombintu/goyametricsv2/internal/agent/agent.go:158.61,159.47 1 1
github.com/rombintu/goyametricsv2/internal/agent/agent.go:159.47,161.3 1 1
github.com/rombintu/goyametricsv2/internal/agent/agent.go:162.2,163.16 2 0
github.com/rombintu/goyametricsv2/internal/agent/agent.go:163.16,165.3 1 0
github.com/rombintu/goyametricsv2/internal/agent/agent.go:168.2,170.16 3 0
github.com/rombintu/goyametricsv2/internal/agent/agent.go:170.16,173.3 2 0
github.com/rombintu/goyametricsv2/internal/agent/agent.go:174.2,175.16 2 0
github.com/rombintu/goyametricsv2/internal/agent/agent.go:175.16,178.3 2 0
github.com/rombintu/goyametricsv2/internal/agent/agent.go:179.2,184.18 2 0
github.com/rombintu/goyametricsv2/internal/agent/agent.go:184.18,185.74 1 0
github.com/rombintu/goyametricsv2/internal/agent/agent.go:185.74,188.4 2 0
github.com/rombintu/goyametricsv2/internal/agent/agent.go:192.2,193.16 2 0
github.com/rombintu/goyametricsv2/internal/agent/agent.go:193.16,195.3 1 0
github.com/rombintu/goyametricsv2/internal/agent/agent.go:198.2,198.21 1 0
github.com/rombintu/goyametricsv2/internal/agent/agent.go:198.21,201.3 2 0
github.com/rombintu/goyametricsv2/internal/agent/agent.go:203.2,212.16 6 0
github.com/rombintu/goyametricsv2/internal/agent/agent.go:212.16,214.3 1 0
github.com/rombintu/goyametricsv2/internal/agent/agent.go:216.2,217.12 2 0
github.com/rombintu/goyametricsv2/internal/agent/agent.go:228.54,232.34 3 0
github.com/rombintu/goyametricsv2/internal/agent/agent.go:232.34,239.3 2 0
github.com/rombintu/goyametricsv2/internal/agent/agent.go:241.2,241.32 1 0
github.com/rombintu/goyametricsv2/internal/agent/agent.go:241.32,248.3 2 0
github.com/rombintu/goyametricsv2/internal/agent/agent.go:250.2,250.56 1 0
github.com/rombintu/goyametricsv2/internal/agent/agent.go:250.56,252.3 1 0
github.com/rombintu/goyametricsv2/internal/agent/agent.go:253.2,253.12 1 0
github.com/rombintu/goyametricsv2/internal/agent/agent.go:257.55,262.16 2 0
github.com/rombintu/goyametricsv2/internal/agent/agent.go:262.16,264.3 1 0
github.com/rombintu/goyametricsv2/internal/agent/agent.go:265.2,268.34 4 0
github.com/rombintu/goyametricsv2/internal/agent/agent.go:268.34,276.17 2 0
github.com/rombintu/goyametricsv2/internal/agent/agent.go:276.17,278.4 1 0
github.com/rombintu/goyametricsv2/internal/agent/agent.go:281.2,281.32 1 0
github.com/rombintu/goyametricsv2/internal/agent/agent.go:281.32,289.17 2 0
github.com/rombintu/goyametricsv2/internal/agent/agent.go:289.17,291.4 1 0
github.com/rombintu/goyametricsv2/internal/agent/agent.go:294.2,294.12 1 0
github.com/rombintu/goyametricsv2/internal/agent/agent.go:303.68,305.6 2 0
github.com/rombintu/goyametricsv2/internal/agent/agent.go:305.6,306.10 1 0
github.com/rombintu/goyametricsv2/internal/agent/agent.go:307.21,309.10 2 0
github.com/rombintu/goyametricsv2/internal/agent/agent.go:310.11,315.23 2 0
github.com/rombintu/goyametricsv2/internal/agent/agent.go:315.23,318.5 2 0
github.com/rombintu/goyametricsv2/internal/agent/agent.go:322.4,322.57 1 0
github.com/rombintu/goyametricsv2/internal/agent/agent.go:322.57,324.5 1 0
github.com/rombintu/goyametricsv2/internal/agent/agent.go:325.4,325.23 1 0
github.com/rombintu/goyametricsv2/internal/agent/agent.go:325.23,328.5 2 0
github.com/rombintu/goyametricsv2/internal/agent/agent.go:329.4,329.61 1 0
github.com/rombintu/goyametricsv2/internal/agent/agent.go:340.66,342.6 2 0
github.com/rombintu/goyametricsv2/internal/agent/agent.go:342.6,343.10 1 0
github.com/rombintu/goyametricsv2/internal/agent/agent.go:344.21,346.10 2 0
github.com/rombintu/goyametricsv2/internal/agent/agent.go:347.11,350.59 3 0
github.com/rombintu/goyametricsv2/internal/agent/agent.go:361.68,363.6 2 0
github.com/rombintu/goyametricsv2/internal/agent/agent.go:363.6,364.10 1 0
github.com/rombintu/goyametricsv2/internal/agent/agent.go:365.21,367.10 2 0
github.com/rombintu/goyametricsv2/internal/agent/agent.go:368.11,370.23 2 0
github.com/rombintu/goyametricsv2/internal/agent/agent.go:370.23,373.5 2 0
github.com/rombintu/goyametricsv2/internal/agent/agent.go:379.4,379.58 1 0
github.com/rombintu/goyametricsv2/internal/agent/agent.go:379.58,381.5 1 0
github.com/rombintu/goyametricsv2/internal/agent/agent.go:383.4,383.23 1 0
github.com/rombintu/goyametricsv2/internal/agent/agent.go:383.23,386.5 2 0
github.com/rombintu/goyametricsv2/internal/agent/agent.go:387.4,388.59 2 0
github.com/rombintu/goyametricsv2/internal/agent/agent.go:398.43,400.16 2 1
github.com/rombintu/goyametricsv2/internal/agent/agent.go:400.16,403.3 2 0
github.com/rombintu/goyametricsv2/internal/agent/agent.go:405.2,406.16 2 1
github.com/rombintu/goyametricsv2/internal/agent/agent.go:406.16,409.3 2 0
github.com/rombintu/goyametricsv2/internal/agent/agent.go:411.2,418.3 5 1
github.com/rombintu/goyametricsv2/internal/agent/agent.go:423.31,429.16 5 1
github.com/rombintu/goyametricsv2/internal/agent/agent.go:429.16,431.3 1 0
github.com/rombintu/goyametricsv2/internal/agent/agent.go:432.2,436.44 4 1
github.com/rombintu/goyametricsv2/internal/agent/agent.go:436.44,437.28 1 1
github.com/rombintu/goyametricsv2/internal/agent/agent.go:438.16,442.6 1 1
github.com/rombintu/goyametricsv2/internal/agent/agent.go:443.14,447.6 1 0
github.com/rombintu/goyametricsv2/internal/agent/agent.go:452.2,460.24 5 1
github.com/rombintu/goyametricsv2/internal/agent/agent.go:467.30,469.16 2 1
github.com/rombintu/goyametricsv2/internal/agent/agent.go:469.16,471.3 1 0
github.com/rombintu/goyametricsv2/internal/agent/agent.go:472.2,476.16 4 1
github.com/rombintu/goyametricsv2/internal/agent/agent.go:476.16,478.3 1 1
github.com/rombintu/goyametricsv2/internal/agent/agent.go:480.2,481.12 2 0
github.com/rombintu/goyametricsv2/internal/agent/agent.go:489.44,491.32 2 1
github.com/rombintu/goyametricsv2/internal/agent/agent.go:491.32,492.30 1 1
github.com/rombintu/goyametricsv2/internal/agent/agent.go:492.30,496.35 3 1
github.com/rombintu/goyametricsv2/internal/agent/agent.go:496.35,498.5 1 0
github.com/rombintu/goyametricsv2/internal/agent/agent.go:501.2,501.12 1 1
github.com/rombintu/goyametricsv2/internal/server/proto/server.pb.go:33.26,35.29 2 0
github.com/rombintu/goyametricsv2/internal/server/proto/server.pb.go:35.29,39.3 3 0
github.com/rombintu/goyametricsv2/internal/server/proto/server.pb.go:42.34,44.2 1 0
github.com/rombintu/goyametricsv2/internal/server/proto/server.pb.go:46.32,46.33 0 0
github.com/rombintu/goyametricsv2/internal/server/proto/server.pb.go:48.54,50.41 2 0
github.com/rombintu/goyametricsv2/internal/server/proto/server.pb.go:50.41,52.34 2 0
github.com/rombintu/goyametricsv2/internal/server/proto/server.pb.go:52.34,54.4 1 0
github.com/rombintu/goyametricsv2/internal/server/proto/server.pb.go:55.3,55.12 1 0
github.com/rombintu/goyametricsv2/internal/server/proto/server.pb.go:57.2,57.24 1 0
github.com/rombintu/goyametricsv2/internal/server/proto/server.pb.go:61.45,63.2 1 0
github.com/rombintu/goyametricsv2/internal/server/proto/server.pb.go:65.36,66.14 1 0
github.com/rombintu/goyametricsv2/internal/server/proto/server.pb.go:66.14,68.3 1 0
github.com/rombintu/goyametricsv2/internal/server/proto/server.pb.go:69.2,69.11 1 0
github.com/rombintu/goyametricsv2/internal/server/proto/server.pb.go:72.36,73.14 1 0
github.com/rombintu/goyametricsv2/internal/server/proto/server.pb.go:73.14,75.3 1 0
github.com/rombintu/goyametricsv2/internal/server/proto/server.pb.go:76.2,76.11 1 0
github.com/rombintu/goyametricsv2/internal/server/proto/server.pb.go:79.37,80.14 1 0
github.com/rombintu/goyametricsv2/internal/server/proto/server.pb.go:80.14,82.3 1 0
github.com/rombintu/goyametricsv2/internal/server/proto/server.pb.go:83.2,83.11 1 0
github.com/rombintu/goyametricsv2/internal/server/proto/server.pb.go:95.36,97.29 2 0
github.com/rombintu/goyametricsv2/internal/server/proto/server.pb.go:97.29,101.3 3 0
github.com/rombintu/goyametricsv2/internal/server/proto/server.pb.go:104.44,106.2 1 0
github.com/rombintu/goyametricsv2/internal/server/proto/server.pb.go:108.42,108.43 0 0
github.com/rombintu/goyametricsv2/internal/server/proto/server.pb.go:110.64,112.41 2 0
github.com/rombintu/goyametricsv2/internal/server/proto/server.pb.go:112.41,114.34 2 0
github.com/rombintu/goyametricsv2/internal/server/proto/server.pb.go:114.34,116.4 1 0
github.com/rombintu/goyametricsv2/internal/server/proto/server.pb.go:117.3,117.12 1 0
github.com/rombintu/goyametricsv2/internal/server/proto/server.pb.go:119.2,119.24 1 0
github.com/rombintu/goyametricsv2/internal/server/proto/server.pb.go:123.55,125.2 1 0
github.com/rombintu/goyametricsv2/internal/server/proto/server.pb.go:127.46,128.14 1 0
github.com/rombintu/goyametricsv2/internal/server/proto/server.pb.go:128.14,130.3 1 0
github.com/rombintu/goyametricsv2/internal/server/proto/server.pb.go:131.2,131.11 1 0
github.com/rombintu/goyametricsv2/internal/server/proto/server.pb.go:134.46,135.14 1 0
github.com/rombintu/goyametricsv2/internal/server/proto/server.pb.go:135.14,137.3 1 0
github.com/rombintu/goyametricsv2/internal/server/proto/server.pb.go:138.2,138.11 1 0
github.com/rombintu/goyametricsv2/internal/server/proto/server.pb.go:150.37,152.29 2 0
github.com/rombintu/goyametricsv2/internal/server/proto/server.pb.go:152.29,156.3 3 0
github.com/rombintu/goyametricsv2/internal/server/proto/server.pb.go:159.45,161.2 1 0
github.com/rombintu/goyametricsv2/internal/server/proto/server.pb.go:163.43,163.44 0 0
github.com/rombintu/goyametricsv2/internal/server/proto/server.pb.go:165.65,167.41 2 0
github.com/rombintu/goyametricsv2/internal/server/proto/server.pb.go:167.41,169.34 2 0
github.com/rombintu/goyametricsv2/internal/server/proto/server.pb.go:169.34,171.4 1 0
github.com/rombintu/goyametricsv2/internal/server/proto/server.pb.go:172.3,172.12 1 0
github.com/rombintu/goyametricsv2/internal/server/proto/server.pb.go:174.2,174.24 1 0
github.com/rombintu/goyametricsv2/internal/server/proto/server.pb.go:178.56,180.2 1 0
github.com/rombintu/goyametricsv2/internal/server/proto/server.pb.go:182.49,183.14 1 0
github.com/rombintu/goyametricsv2/internal/server/proto/server.pb.go:183.14,185.3 1 0
github.com/rombintu/goyametricsv2/internal/server/proto/server.pb.go:186.2,186.12 1 0
github.com/rombintu/goyametricsv2/internal/server/proto/server.pb.go:189.47,190.14 1 0
github.com/rombintu/goyametricsv2/internal/server/proto/server.pb.go:190.14,192.3 1 0
github.com/rombintu/goyametricsv2/internal/server/proto/server.pb.go:193.2,193.11 1 0
github.com/rombintu/goyametricsv2/internal/server/proto/server.pb.go:204.39,206.29 2 0
github.com/rombintu/goyametricsv2/internal/server/proto/server.pb.go:206.29,210.3 3 0
github.com/rombintu/goyametricsv2/internal/server/proto/server.pb.go:213.47,215.2 1 0
github.com/rombintu/goyametricsv2/internal/server/proto/server.pb.go:217.45,217.46 0 0
github.com/rombintu/goyametricsv2/internal/server/proto/server.pb.go:219.67,221.41 2 0
github.com/rombintu/goyametricsv2/internal/server/proto/server.pb.go:221.41,223.34 2 0
github.com/rombintu/goyametricsv2/internal/server/proto/server.pb.go:223.34,225.4 1 0
github.com/rombintu/goyametricsv2/internal/server/proto/server.pb.go:226.3,226.12 1 0
github.com/rombintu/goyametricsv2/internal/server/proto/server.pb.go:228.2,228.24 1 0
github.com/rombintu/goyametricsv2/internal/server/proto/server.pb.go:232.58,234.2 1 0
github.com/rombintu/goyametricsv2/internal/server/proto/server.pb.go:236.51,237.14 1 0
github.com/rombintu/goyametricsv2/internal/server/proto/server.pb.go:237.14,239.3 1 0
github.com/rombintu/goyametricsv2/internal/server/proto/server.pb.go:240.2,240.12 1 0
github.com/rombintu/goyametricsv2/internal/server/proto/server.pb.go:251.40,253.29 2 0
github.com/rombintu/goyametricsv2/internal/server/proto/server.pb.go:253.29,257.3 3 0
github.com/rombintu/goyametricsv2/internal/server/proto/server.pb.go:260.48,262.2 1 0
github.com/rombintu/goyametricsv2/internal/server/proto/server.pb.go:264.46,264.47 0 0
github.com/rombintu/goyametricsv2/internal/server/proto/server.pb.go:266.68,268.41 2 0
github.com/rombintu/goyametricsv2/internal/server/proto/server.pb.go:268.41,270.34 2 0
github.com/rombintu/goyametricsv2/internal/server/proto/server.pb.go:270.34,272.4 1 0
github.com/rombintu/goyametricsv2/internal/server/proto/server.pb.go:273.3,273.12 1 0
github.com/rombintu/goyametricsv2/internal/server/proto/server.pb.go:275.2,275.24 1 0
github.com/rombintu/goyametricsv2/internal/server/proto/server.pb.go:279.59,281.2 1 0
github.com/rombintu/goyametricsv2/internal/server/proto/server.pb.go:283.52,284.14 1 0
github.com/rombintu/goyametricsv2/internal/server/proto/server.pb.go:284.14,286.3 1 0
github.com/rombintu/goyametricsv2/internal/server/proto/server.pb.go:287.2,287.12 1 0
github.com/rombintu/goyametricsv2/internal/server/proto/server.pb.go:337.67,338.64 1 0
github.com/rombintu/goyametricsv2/internal/server/proto/server.pb.go:338.64,340.3 1 0
github.com/rombintu/goyametricsv2/internal/server/proto/server.pb.go:341.2,341.60 1 0
github.com/rombintu/goyametricsv2/internal/server/proto/server.pb.go:367.13,367.63 1 1
github.com/rombintu/goyametricsv2/internal/server/proto/server.pb.go:368.53,369.52 1 1
github.com/rombintu/goyametricsv2/internal/server/proto/server.pb.go:369.52,371.3 1 0
github.com/rombintu/goyametricsv2/internal/server/proto/server.pb.go:372.2,372.30 1 1
github.com/rombintu/goyametricsv2/internal/server/proto/server.pb.go:372.30,373.105 1 0
github.com/rombintu/goyametricsv2/internal/server/proto/server.pb.go:373.105,374.31 1 0
github.com/rombintu/goyametricsv2/internal/server/proto/server.pb.go:375.11,376.20 1 0
github.com/rombintu/goyametricsv2/internal/server/proto/server.pb.go:377.11,378.24 1 0
github.com/rombintu/goyametricsv2/internal/server/proto/server.pb.go:379.11,380.28 1 0
github.com/rombintu/goyametricsv2/internal/server/proto/server.pb.go:381.12,382.15 1 0
github.com/rombintu/goyametricsv2/internal/server/proto/server.pb.go:385.3,385.105 1 0
github.com/rombintu/goyametricsv2/internal/server/proto/server.pb.go:385.105,386.41 1 0
github.com/rombintu/goyametricsv2/internal/server/proto/server.pb.go:387.11,388.20 1 0
github.com/rombintu/goyametricsv2/internal/server/proto/server.pb.go:389.11,390.24 1 0
github.com/rombintu/goyametricsv2/internal/server/proto/server.pb.go:391.11,392.28 1 0
github.com/rombintu/goyametricsv2/internal/server/proto/server.pb.go:393.12,394.15 1 0
github.com/rombintu/goyametricsv2/internal/server/proto/server.pb.go:397.3,397.105 1 0
github.com/rombintu/goyametricsv2/internal/server/proto/server.pb.go:397.105,398.42 1 0
github.com/rombintu/goyametricsv2/internal/server/proto/server.pb.go:399.11,400.20 1 0
github.com/rombintu/goyametricsv2/internal/server/proto/server.pb.go:401.11,402.24 1 0
github.com/rombintu/goyametricsv2/internal/server/proto/server.pb.go:403.11,404.28 1 0
github.com/rombintu/goyametricsv2/internal/server/proto/server.pb.go:405.12,406.15 1 0
github.com/rombintu/goyametricsv2/internal/server/proto/server.pb.go:409.3,409.105 1 0
github.com/rombintu/goyametricsv2/internal/server/proto/server.pb.go:409.105,410.44 1 0
github.com/rombintu/goyametricsv2/internal/server/proto/server.pb.go:411.11,412.20 1 0
github.com/rombintu/goyametricsv2/internal/server/proto/server.pb.go:413.11,414.24 1 0
github.com/rombintu/goyametricsv2/internal/server/proto/server.pb.go:415.11,416.28 1 0
github.com/rombintu/goyametricsv2/internal/server/proto/server.pb.go:417.12,418.15 1 0
github.com/rombintu/goyametricsv2/internal/server/proto/server.pb.go:421.3,421.105 1 0
github.com/rombintu/goyametricsv2/internal/server/proto/server.pb.go:421.105,422.45 1 0
github.com/rombintu/goyametricsv2/internal/server/proto/server.pb.go:423.11,424.20 1 0
github.com/rombintu/goyametricsv2/internal/server/proto/server.pb.go:425.11,426.24 1 0
github.com/rombintu/goyametricsv2/internal/server/proto/server.pb.go:427.11,428.28 1 0
github.com/rombintu/goyametricsv2/internal/server/proto/server.pb.go:429.12,430.15 1 0
github.com/rombintu/goyametricsv2/internal/server/proto/server.pb.go:434.2,451.55 6 1
github.com/rombintu/goyametricsv2/internal/server/proto/server_grpc.pb.go:29.66,31.2 1 0
github.com/rombintu/goyametricsv2/internal/server/proto/server_grpc.pb.go:33.131,36.16 3 0
github.com/rombintu/goyametricsv2/internal/server/proto/server_grpc.pb.go:36.16,38.3 1 0
github.com/rombintu/goyametricsv2/internal/server/proto/server_grpc.pb.go:39.2,39.17 1 0
github.com/rombintu/goyametricsv2/internal/server/proto/server_grpc.pb.go:42.140,45.16 3 0
github.com/rombintu/goyametricsv2/internal/server/proto/server_grpc.pb.go:45.16,47.3 1 0
github.com/rombintu/goyametricsv2/internal/server/proto/server_grpc.pb.go:48.2,48.17 1 0
github.com/rombintu/goyametricsv2/internal/server/proto/server_grpc.pb.go:64.109,66.2 1 0
github.com/rombintu/goyametricsv2/internal/server/proto/server_grpc.pb.go:67.118,69.2 1 0
github.com/rombintu/goyametricsv2/internal/server/proto/server_grpc.pb.go:70.74,70.75 0 0
github.com/rombintu/goyametricsv2/internal/server/proto/server_grpc.pb.go:79.72,81.2 1 0
github.com/rombintu/goyametricsv2/internal/server/proto/server_grpc.pb.go:83.162,85.32 2 0
github.com/rombintu/goyametricsv2/internal/server/proto/server_grpc.pb.go:85.32,87.3 1 0
github.com/rombintu/goyametricsv2/internal/server/proto/server_grpc.pb.go:88.2,88.24 1 0
github.com/rombintu/goyametricsv2/internal/server/proto/server_grpc.pb.go:88.24,90.3 1 0
github.com/rombintu/goyametricsv2/internal/server/proto/server_grpc.pb.go:91.2,95.77 2 0
github.com/rombintu/goyametricsv2/internal/server/proto/server_grpc.pb.go:95.77,97.3 1 0
github.com/rombintu/goyametricsv2/internal/server/proto/server_grpc.pb.go:98.2,98.44 1 0
github.com/rombintu/goyametricsv2/internal/server/proto/server_grpc.pb.go:101.165,103.32 2 0
github.com/rombintu/goyametricsv2/internal/server/proto/server_grpc.pb.go:103.32,105.3 1 0
github.com/rombintu/goyametricsv2/internal/server/proto/server_grpc.pb.go:106.2,106.24 1 0
github.com/rombintu/goyametricsv2/internal/server/proto/server_grpc.pb.go:106.24,108.3 1 0
github.com/rombintu/goyametricsv2/internal/server/proto/server_grpc.pb.go:109.2,113.77 2 0
github.com/rombintu/goyametricsv2/internal/server/proto/server_grpc.pb.go:113.77,115.3 1 0
github.com/rombintu/goyametricsv2/internal/server/proto/server_grpc.pb.go:116.2,116.44 1 0
