mode: set
github.com/rombintu/goyametricsv2/cmd/agent/main.go:19.13,55.12 17 0
github.com/rombintu/goyametricsv2/cmd/agent/main.go:55.12,61.3 3 0
github.com/rombintu/goyametricsv2/cmd/agent/main.go:64.2,65.65 2 0
github.com/rombintu/goyametricsv2/cmd/server/main.go:19.13,24.70 2 0
github.com/rombintu/goyametricsv2/cmd/server/main.go:24.70,26.3 1 0
github.com/rombintu/goyametricsv2/cmd/server/main.go:29.2,42.46 6 0
github.com/rombintu/goyametricsv2/cmd/server/main.go:42.46,43.13 1 0
github.com/rombintu/goyametricsv2/cmd/server/main.go:43.13,47.8 3 0
github.com/rombintu/goyametricsv2/cmd/server/main.go:47.8,48.12 1 0
github.com/rombintu/goyametricsv2/cmd/server/main.go:49.21,50.26 1 0
github.com/rombintu/goyametricsv2/cmd/server/main.go:51.17,53.12 2 0
github.com/rombintu/goyametricsv2/cmd/server/main.go:60.2,71.65 6 0
github.com/rombintu/goyametricsv2/internal/logger/logger.go:22.42,25.14 3 1
github.com/rombintu/goyametricsv2/internal/logger/logger.go:26.16,29.17 3 1
github.com/rombintu/goyametricsv2/internal/logger/logger.go:29.17,31.4 1 0
github.com/rombintu/goyametricsv2/internal/logger/logger.go:32.10,35.17 3 1
github.com/rombintu/goyametricsv2/internal/logger/logger.go:35.17,37.4 1 0
github.com/rombintu/goyametricsv2/internal/logger/logger.go:41.2,44.16 3 1
github.com/rombintu/goyametricsv2/internal/logger/logger.go:44.16,46.3 1 0
github.com/rombintu/goyametricsv2/internal/logger/logger.go:47.2,50.12 3 1
github.com/rombintu/goyametricsv2/internal/logger/logger.go:55.60,56.36 1 0
github.com/rombintu/goyametricsv2/internal/logger/logger.go:56.36,59.17 3 0
github.com/rombintu/goyametricsv2/internal/logger/logger.go:59.17,61.4 1 0
github.com/rombintu/goyametricsv2/internal/logger/logger.go:62.3,86.13 6 0
github.com/rombintu/goyametricsv2/internal/config/agent.go:17.45,33.2 13 0
github.com/rombintu/goyametricsv2/internal/config/agent.go:36.36,48.2 8 0
github.com/rombintu/goyametricsv2/internal/config/default.go:59.51,61.9 2 1
github.com/rombintu/goyametricsv2/internal/config/default.go:61.9,63.3 1 1
github.com/rombintu/goyametricsv2/internal/config/default.go:63.8,65.3 1 0
github.com/rombintu/goyametricsv2/internal/config/default.go:77.61,79.9 2 1
github.com/rombintu/goyametricsv2/internal/config/default.go:79.9,81.3 1 1
github.com/rombintu/goyametricsv2/internal/config/default.go:81.8,83.17 2 0
github.com/rombintu/goyametricsv2/internal/config/default.go:83.17,85.4 1 0
github.com/rombintu/goyametricsv2/internal/config/default.go:85.9,87.4 1 0
github.com/rombintu/goyametricsv2/internal/config/default.go:100.58,102.9 2 1
github.com/rombintu/goyametricsv2/internal/config/default.go:102.9,104.3 1 1
github.com/rombintu/goyametricsv2/internal/config/default.go:104.8,106.17 2 0
github.com/rombintu/goyametricsv2/internal/config/default.go:106.17,108.4 1 0
github.com/rombintu/goyametricsv2/internal/config/default.go:108.9,110.4 1 0
github.com/rombintu/goyametricsv2/internal/config/server.go:24.47,54.2 19 1
github.com/rombintu/goyametricsv2/internal/config/server.go:56.38,69.31 9 1
github.com/rombintu/goyametricsv2/internal/config/server.go:69.31,71.3 1 0
github.com/rombintu/goyametricsv2/internal/config/server.go:74.2,76.29 2 1
github.com/rombintu/goyametricsv2/internal/config/server.go:76.29,78.3 1 0
github.com/rombintu/goyametricsv2/internal/config/server.go:78.8,78.85 1 1
github.com/rombintu/goyametricsv2/internal/config/server.go:78.85,80.3 1 0
github.com/rombintu/goyametricsv2/internal/config/server.go:82.2,82.15 1 1
github.com/rombintu/goyametricsv2/internal/mocks/mock_storage.go:26.59,30.2 3 0
github.com/rombintu/goyametricsv2/internal/mocks/mock_storage.go:33.57,35.2 1 0
github.com/rombintu/goyametricsv2/internal/mocks/mock_storage.go:38.37,43.2 4 0
github.com/rombintu/goyametricsv2/internal/mocks/mock_storage.go:46.57,49.2 2 0
github.com/rombintu/goyametricsv2/internal/mocks/mock_storage.go:52.62,58.2 5 0
github.com/rombintu/goyametricsv2/internal/mocks/mock_storage.go:61.77,64.2 2 0
github.com/rombintu/goyametricsv2/internal/mocks/mock_storage.go:67.45,72.2 4 0
github.com/rombintu/goyametricsv2/internal/mocks/mock_storage.go:75.58,78.2 2 0
github.com/rombintu/goyametricsv2/internal/mocks/mock_storage.go:81.36,86.2 4 0
github.com/rombintu/goyametricsv2/internal/mocks/mock_storage.go:89.56,92.2 2 0
github.com/rombintu/goyametricsv2/internal/mocks/mock_storage.go:95.36,100.2 4 0
github.com/rombintu/goyametricsv2/internal/mocks/mock_storage.go:103.56,106.2 2 0
github.com/rombintu/goyametricsv2/internal/mocks/mock_storage.go:109.39,114.2 4 0
github.com/rombintu/goyametricsv2/internal/mocks/mock_storage.go:117.59,120.2 2 0
github.com/rombintu/goyametricsv2/internal/mocks/mock_storage.go:123.36,128.2 4 0
github.com/rombintu/goyametricsv2/internal/mocks/mock_storage.go:131.56,134.2 2 0
github.com/rombintu/goyametricsv2/internal/mocks/mock_storage.go:137.61,142.2 4 0
github.com/rombintu/goyametricsv2/internal/mocks/mock_storage.go:145.86,148.2 2 0
github.com/rombintu/goyametricsv2/internal/mocks/mock_storage.go:151.58,156.2 4 0
github.com/rombintu/goyametricsv2/internal/mocks/mock_storage.go:159.77,162.2 2 0
github.com/rombintu/goyametricsv2/internal/models/models.go:27.57,29.17 1 1
github.com/rombintu/goyametricsv2/internal/models/models.go:30.25,32.17 2 0
github.com/rombintu/goyametricsv2/internal/models/models.go:32.17,34.4 1 0
github.com/rombintu/goyametricsv2/internal/models/models.go:35.3,35.19 1 0
github.com/rombintu/goyametricsv2/internal/models/models.go:36.27,38.17 2 1
github.com/rombintu/goyametricsv2/internal/models/models.go:38.17,40.4 1 1
github.com/rombintu/goyametricsv2/internal/models/models.go:41.3,41.19 1 0
github.com/rombintu/goyametricsv2/internal/models/models.go:43.2,43.12 1 0
github.com/rombintu/goyametricsv2/internal/models/models.go:50.41,52.2 1 1
github.com/rombintu/goyametricsv2/internal/models/models.go:58.43,60.2 1 1
github.com/rombintu/goyametricsv2/internal/agent/agent.go:67.44,76.2 1 1
github.com/rombintu/goyametricsv2/internal/agent/agent.go:79.29,81.21 1 0
github.com/rombintu/goyametricsv2/internal/agent/agent.go:81.21,83.3 1 0
github.com/rombintu/goyametricsv2/internal/agent/agent.go:94.38,95.39 1 1
github.com/rombintu/goyametricsv2/internal/agent/agent.go:95.39,97.3 1 1
github.com/rombintu/goyametricsv2/internal/agent/agent.go:97.8,99.3 1 1
github.com/rombintu/goyametricsv2/internal/agent/agent.go:103.32,105.2 1 1
github.com/rombintu/goyametricsv2/internal/agent/agent.go:116.61,117.47 1 0
github.com/rombintu/goyametricsv2/internal/agent/agent.go:117.47,119.3 1 0
github.com/rombintu/goyametricsv2/internal/agent/agent.go:120.2,121.16 2 0
github.com/rombintu/goyametricsv2/internal/agent/agent.go:121.16,123.3 1 0
github.com/rombintu/goyametricsv2/internal/agent/agent.go:126.2,128.16 3 0
github.com/rombintu/goyametricsv2/internal/agent/agent.go:128.16,131.3 2 0
github.com/rombintu/goyametricsv2/internal/agent/agent.go:132.2,133.16 2 0
github.com/rombintu/goyametricsv2/internal/agent/agent.go:133.16,136.3 2 0
github.com/rombintu/goyametricsv2/internal/agent/agent.go:137.2,142.16 3 0
github.com/rombintu/goyametricsv2/internal/agent/agent.go:142.16,144.3 1 0
github.com/rombintu/goyametricsv2/internal/agent/agent.go:147.2,147.21 1 0
github.com/rombintu/goyametricsv2/internal/agent/agent.go:147.21,150.3 2 0
github.com/rombintu/goyametricsv2/internal/agent/agent.go:152.2,158.16 5 0
github.com/rombintu/goyametricsv2/internal/agent/agent.go:158.16,160.3 1 0
github.com/rombintu/goyametricsv2/internal/agent/agent.go:162.2,163.12 2 0
github.com/rombintu/goyametricsv2/internal/agent/agent.go:174.54,178.34 3 0
github.com/rombintu/goyametricsv2/internal/agent/agent.go:178.34,185.3 2 0
github.com/rombintu/goyametricsv2/internal/agent/agent.go:187.2,187.32 1 0
github.com/rombintu/goyametricsv2/internal/agent/agent.go:187.32,194.3 2 0
github.com/rombintu/goyametricsv2/internal/agent/agent.go:196.2,196.56 1 0
github.com/rombintu/goyametricsv2/internal/agent/agent.go:196.56,198.3 1 0
github.com/rombintu/goyametricsv2/internal/agent/agent.go:199.2,199.12 1 0
github.com/rombintu/goyametricsv2/internal/agent/agent.go:208.68,210.6 2 0
github.com/rombintu/goyametricsv2/internal/agent/agent.go:210.6,211.10 1 0
github.com/rombintu/goyametricsv2/internal/agent/agent.go:212.21,214.10 2 0
github.com/rombintu/goyametricsv2/internal/agent/agent.go:215.11,220.23 2 0
github.com/rombintu/goyametricsv2/internal/agent/agent.go:220.23,223.5 2 0
github.com/rombintu/goyametricsv2/internal/agent/agent.go:224.4,224.56 1 0
github.com/rombintu/goyametricsv2/internal/agent/agent.go:224.56,227.5 2 0
github.com/rombintu/goyametricsv2/internal/agent/agent.go:228.4,228.23 1 0
github.com/rombintu/goyametricsv2/internal/agent/agent.go:228.23,231.5 2 0
github.com/rombintu/goyametricsv2/internal/agent/agent.go:232.4,232.61 1 0
github.com/rombintu/goyametricsv2/internal/agent/agent.go:243.66,245.6 2 0
github.com/rombintu/goyametricsv2/internal/agent/agent.go:245.6,246.10 1 0
github.com/rombintu/goyametricsv2/internal/agent/agent.go:247.21,249.10 2 0
github.com/rombintu/goyametricsv2/internal/agent/agent.go:250.11,253.59 3 0
github.com/rombintu/goyametricsv2/internal/agent/agent.go:264.68,266.6 2 0
github.com/rombintu/goyametricsv2/internal/agent/agent.go:266.6,267.10 1 0
github.com/rombintu/goyametricsv2/internal/agent/agent.go:268.21,270.10 2 0
github.com/rombintu/goyametricsv2/internal/agent/agent.go:271.11,273.23 2 0
github.com/rombintu/goyametricsv2/internal/agent/agent.go:273.23,276.5 2 0
github.com/rombintu/goyametricsv2/internal/agent/agent.go:277.4,277.57 1 0
github.com/rombintu/goyametricsv2/internal/agent/agent.go:277.57,279.5 1 0
github.com/rombintu/goyametricsv2/internal/agent/agent.go:280.4,280.23 1 0
github.com/rombintu/goyametricsv2/internal/agent/agent.go:280.23,283.5 2 0
github.com/rombintu/goyametricsv2/internal/agent/agent.go:284.4,285.59 2 0
github.com/rombintu/goyametricsv2/internal/agent/agent.go:295.43,297.16 2 1
github.com/rombintu/goyametricsv2/internal/agent/agent.go:297.16,300.3 2 0
github.com/rombintu/goyametricsv2/internal/agent/agent.go:302.2,303.16 2 1
github.com/rombintu/goyametricsv2/internal/agent/agent.go:303.16,306.3 2 0
github.com/rombintu/goyametricsv2/internal/agent/agent.go:308.2,315.3 5 1
github.com/rombintu/goyametricsv2/internal/agent/agent.go:320.31,326.16 5 1
github.com/rombintu/goyametricsv2/internal/agent/agent.go:326.16,328.3 1 0
github.com/rombintu/goyametricsv2/internal/agent/agent.go:329.2,333.44 4 1
github.com/rombintu/goyametricsv2/internal/agent/agent.go:333.44,334.28 1 1
github.com/rombintu/goyametricsv2/internal/agent/agent.go:335.16,339.6 1 1
github.com/rombintu/goyametricsv2/internal/agent/agent.go:340.14,344.6 1 0
github.com/rombintu/goyametricsv2/internal/agent/agent.go:349.2,357.24 5 1
github.com/rombintu/goyametricsv2/internal/agent/agent.go:364.30,366.16 2 0
github.com/rombintu/goyametricsv2/internal/agent/agent.go:366.16,368.3 1 0
github.com/rombintu/goyametricsv2/internal/agent/agent.go:369.2,370.12 2 0
github.com/rombintu/goyametricsv2/internal/agent/agent.go:378.44,380.32 2 0
github.com/rombintu/goyametricsv2/internal/agent/agent.go:380.32,381.30 1 0
github.com/rombintu/goyametricsv2/internal/agent/agent.go:381.30,385.35 3 0
github.com/rombintu/goyametricsv2/internal/agent/agent.go:385.35,387.5 1 0
github.com/rombintu/goyametricsv2/internal/agent/agent.go:390.2,390.12 1 0
github.com/rombintu/goyametricsv2/internal/mocks/mock_storage.go:26.59,30.2 3 1
github.com/rombintu/goyametricsv2/internal/mocks/mock_storage.go:33.57,35.2 1 1
github.com/rombintu/goyametricsv2/internal/mocks/mock_storage.go:38.37,43.2 4 1
github.com/rombintu/goyametricsv2/internal/mocks/mock_storage.go:46.57,49.2 2 1
github.com/rombintu/goyametricsv2/internal/mocks/mock_storage.go:52.62,58.2 5 1
github.com/rombintu/goyametricsv2/internal/mocks/mock_storage.go:61.77,64.2 2 1
github.com/rombintu/goyametricsv2/internal/mocks/mock_storage.go:67.45,72.2 4 0
github.com/rombintu/goyametricsv2/internal/mocks/mock_storage.go:75.58,78.2 2 0
github.com/rombintu/goyametricsv2/internal/mocks/mock_storage.go:81.36,86.2 4 0
github.com/rombintu/goyametricsv2/internal/mocks/mock_storage.go:89.56,92.2 2 0
github.com/rombintu/goyametricsv2/internal/mocks/mock_storage.go:95.36,100.2 4 1
github.com/rombintu/goyametricsv2/internal/mocks/mock_storage.go:103.56,106.2 2 1
github.com/rombintu/goyametricsv2/internal/mocks/mock_storage.go:109.39,114.2 4 0
github.com/rombintu/goyametricsv2/internal/mocks/mock_storage.go:117.59,120.2 2 0
github.com/rombintu/goyametricsv2/internal/mocks/mock_storage.go:123.36,128.2 4 1
github.com/rombintu/goyametricsv2/internal/mocks/mock_storage.go:131.56,134.2 2 1
github.com/rombintu/goyametricsv2/internal/mocks/mock_storage.go:137.61,142.2 4 1
github.com/rombintu/goyametricsv2/internal/mocks/mock_storage.go:145.86,148.2 2 1
github.com/rombintu/goyametricsv2/internal/mocks/mock_storage.go:151.58,156.2 4 1
github.com/rombintu/goyametricsv2/internal/mocks/mock_storage.go:159.77,162.2 2 1
github.com/rombintu/goyametricsv2/internal/server/handlers.go:41.55,48.17 4 1
github.com/rombintu/goyametricsv2/internal/server/handlers.go:48.17,51.3 1 0
github.com/rombintu/goyametricsv2/internal/server/handlers.go:53.2,53.63 1 1
github.com/rombintu/goyametricsv2/internal/server/handlers.go:53.63,63.3 2 0
github.com/rombintu/goyametricsv2/internal/server/handlers.go:66.2,66.23 1 1
github.com/rombintu/goyametricsv2/internal/server/handlers.go:66.23,68.3 1 0
github.com/rombintu/goyametricsv2/internal/server/handlers.go:70.2,70.43 1 1
github.com/rombintu/goyametricsv2/internal/server/handlers.go:93.57,99.16 4 1
github.com/rombintu/goyametricsv2/internal/server/handlers.go:99.16,104.3 2 1
github.com/rombintu/goyametricsv2/internal/server/handlers.go:106.2,106.39 1 1
github.com/rombintu/goyametricsv2/internal/server/handlers.go:123.52,126.2 1 0
github.com/rombintu/goyametricsv2/internal/server/handlers.go:153.64,158.74 2 1
github.com/rombintu/goyametricsv2/internal/server/handlers.go:158.74,162.3 2 0
github.com/rombintu/goyametricsv2/internal/server/handlers.go:165.2,176.22 3 1
github.com/rombintu/goyametricsv2/internal/server/handlers.go:177.25,179.26 1 0
github.com/rombintu/goyametricsv2/internal/server/handlers.go:179.26,183.4 3 0
github.com/rombintu/goyametricsv2/internal/server/handlers.go:185.3,185.59 1 0
github.com/rombintu/goyametricsv2/internal/server/handlers.go:186.27,188.26 1 1
github.com/rombintu/goyametricsv2/internal/server/handlers.go:188.26,192.4 3 0
github.com/rombintu/goyametricsv2/internal/server/handlers.go:194.3,194.48 1 1
github.com/rombintu/goyametricsv2/internal/server/handlers.go:198.2,201.74 2 1
github.com/rombintu/goyametricsv2/internal/server/handlers.go:201.74,208.3 2 1
github.com/rombintu/goyametricsv2/internal/server/handlers.go:211.2,211.23 1 1
github.com/rombintu/goyametricsv2/internal/server/handlers.go:211.23,213.3 1 0
github.com/rombintu/goyametricsv2/internal/server/handlers.go:216.2,216.28 1 1
github.com/rombintu/goyametricsv2/internal/server/handlers.go:216.28,218.17 2 0
github.com/rombintu/goyametricsv2/internal/server/handlers.go:218.17,220.4 1 0
github.com/rombintu/goyametricsv2/internal/server/handlers.go:221.3,221.102 1 0
github.com/rombintu/goyametricsv2/internal/server/handlers.go:224.2,229.53 3 1
github.com/rombintu/goyametricsv2/internal/server/handlers.go:273.65,278.75 2 1
github.com/rombintu/goyametricsv2/internal/server/handlers.go:278.75,283.3 2 0
github.com/rombintu/goyametricsv2/internal/server/handlers.go:286.2,294.28 3 1
github.com/rombintu/goyametricsv2/internal/server/handlers.go:294.28,296.39 1 1
github.com/rombintu/goyametricsv2/internal/server/handlers.go:296.39,298.13 2 1
github.com/rombintu/goyametricsv2/internal/server/handlers.go:298.13,300.5 1 0
github.com/rombintu/goyametricsv2/internal/server/handlers.go:300.10,302.5 1 1
github.com/rombintu/goyametricsv2/internal/server/handlers.go:304.9,304.46 1 1
github.com/rombintu/goyametricsv2/internal/server/handlers.go:304.46,306.4 1 1
github.com/rombintu/goyametricsv2/internal/server/handlers.go:306.9,308.4 1 0
github.com/rombintu/goyametricsv2/internal/server/handlers.go:311.2,311.50 1 1
github.com/rombintu/goyametricsv2/internal/server/handlers.go:311.50,314.3 2 0
github.com/rombintu/goyametricsv2/internal/server/handlers.go:317.2,317.23 1 1
github.com/rombintu/goyametricsv2/internal/server/handlers.go:317.23,319.3 1 0
github.com/rombintu/goyametricsv2/internal/server/handlers.go:322.2,322.28 1 1
github.com/rombintu/goyametricsv2/internal/server/handlers.go:322.28,324.17 2 0
github.com/rombintu/goyametricsv2/internal/server/handlers.go:324.17,326.4 1 0
github.com/rombintu/goyametricsv2/internal/server/handlers.go:327.3,327.102 1 0
github.com/rombintu/goyametricsv2/internal/server/handlers.go:329.2,332.54 3 1
github.com/rombintu/goyametricsv2/internal/server/handlers.go:357.63,360.74 2 1
github.com/rombintu/goyametricsv2/internal/server/handlers.go:360.74,364.3 2 0
github.com/rombintu/goyametricsv2/internal/server/handlers.go:366.2,367.16 2 1
github.com/rombintu/goyametricsv2/internal/server/handlers.go:367.16,372.3 2 0
github.com/rombintu/goyametricsv2/internal/server/handlers.go:375.2,375.55 1 1
github.com/rombintu/goyametricsv2/internal/server/handlers.go:375.55,379.3 2 0
github.com/rombintu/goyametricsv2/internal/server/handlers.go:382.2,382.28 1 1
github.com/rombintu/goyametricsv2/internal/server/handlers.go:382.28,384.17 2 0
github.com/rombintu/goyametricsv2/internal/server/handlers.go:384.17,387.4 1 0
github.com/rombintu/goyametricsv2/internal/server/handlers.go:388.3,388.102 1 0
github.com/rombintu/goyametricsv2/internal/server/handlers.go:391.2,394.53 3 1
github.com/rombintu/goyametricsv2/internal/server/handlers.go:414.53,416.41 1 1
github.com/rombintu/goyametricsv2/internal/server/handlers.go:416.41,419.3 1 0
github.com/rombintu/goyametricsv2/internal/server/handlers.go:421.2,421.38 1 1
github.com/rombintu/goyametricsv2/internal/server/server.go:32.77,38.2 1 1
github.com/rombintu/goyametricsv2/internal/server/server.go:41.30,47.2 5 0
github.com/rombintu/goyametricsv2/internal/server/server.go:52.24,54.71 2 0
github.com/rombintu/goyametricsv2/internal/server/server.go:54.71,58.3 2 0
github.com/rombintu/goyametricsv2/internal/server/server.go:63.37,64.41 1 0
github.com/rombintu/goyametricsv2/internal/server/server.go:64.41,66.3 1 0
github.com/rombintu/goyametricsv2/internal/server/server.go:68.2,68.26 1 0
github.com/rombintu/goyametricsv2/internal/server/server.go:68.26,69.45 1 0
github.com/rombintu/goyametricsv2/internal/server/server.go:69.45,71.4 1 0
github.com/rombintu/goyametricsv2/internal/server/server.go:73.2,76.3 1 0
github.com/rombintu/goyametricsv2/internal/server/server.go:81.36,93.2 7 1
github.com/rombintu/goyametricsv2/internal/server/server.go:97.41,106.2 4 0
github.com/rombintu/goyametricsv2/internal/server/server.go:110.35,112.2 1 0
github.com/rombintu/goyametricsv2/internal/server/server.go:116.32,117.41 1 1
github.com/rombintu/goyametricsv2/internal/server/server.go:117.41,119.3 1 0
github.com/rombintu/goyametricsv2/internal/server/server.go:120.2,120.41 1 1
github.com/rombintu/goyametricsv2/internal/server/server.go:120.41,122.3 1 0
github.com/rombintu/goyametricsv2/internal/server/server.go:123.2,123.84 1 1
github.com/rombintu/goyametricsv2/internal/server/server.go:128.29,133.42 3 1
github.com/rombintu/goyametricsv2/internal/server/server.go:133.42,135.3 1 0
github.com/rombintu/goyametricsv2/internal/server/templates.go:33.93,35.2 1 0
github.com/rombintu/goyametricsv2/internal/server/templates.go:51.38,62.2 2 0
github.com/rombintu/goyametricsv2/lib/ptrhelper/ptrhelper.go:7.31,9.2 1 1
github.com/rombintu/goyametricsv2/lib/ptrhelper/ptrhelper.go:13.37,15.2 1 1
github.com/rombintu/goyametricsv2/lib/myparser/parser.go:15.45,17.2 1 1
github.com/rombintu/goyametricsv2/lib/myparser/parser.go:26.41,28.2 1 1
github.com/rombintu/goyametricsv2/lib/myhash/sha256.go:26.53,30.2 3 1
github.com/rombintu/goyametricsv2/lib/myhash/sha256.go:48.58,49.54 1 0
github.com/rombintu/goyametricsv2/lib/myhash/sha256.go:49.54,50.37 1 0
github.com/rombintu/goyametricsv2/lib/myhash/sha256.go:50.37,52.63 1 0
github.com/rombintu/goyametricsv2/lib/myhash/sha256.go:52.63,54.5 1 0
github.com/rombintu/goyametricsv2/lib/myhash/sha256.go:57.4,58.18 2 0
github.com/rombintu/goyametricsv2/lib/myhash/sha256.go:58.18,60.5 1 0
github.com/rombintu/goyametricsv2/lib/myhash/sha256.go:61.4,64.82 2 0
github.com/rombintu/goyametricsv2/lib/myhash/sha256.go:64.82,66.5 1 0
github.com/rombintu/goyametricsv2/lib/myhash/sha256.go:69.4,71.25 3 0
github.com/rombintu/goyametricsv2/lib/myhash/sha256.go:71.25,73.5 1 0
github.com/rombintu/goyametricsv2/lib/myhash/sha256.go:73.10,73.42 1 0
github.com/rombintu/goyametricsv2/lib/myhash/sha256.go:73.42,76.5 2 0
github.com/rombintu/goyametricsv2/lib/myhash/sha256.go:76.10,78.5 1 0
github.com/rombintu/goyametricsv2/lib/myhash/sha256.go:81.4,82.18 2 0
github.com/rombintu/goyametricsv2/lib/mygzip/gzip.go:32.61,34.52 1 1
github.com/rombintu/goyametricsv2/lib/mygzip/gzip.go:34.52,36.3 1 1
github.com/rombintu/goyametricsv2/lib/mygzip/gzip.go:38.2,38.28 1 1
github.com/rombintu/goyametricsv2/lib/mygzip/gzip.go:50.61,51.36 1 1
github.com/rombintu/goyametricsv2/lib/mygzip/gzip.go:51.36,54.52 2 1
github.com/rombintu/goyametricsv2/lib/mygzip/gzip.go:54.52,56.4 1 0
github.com/rombintu/goyametricsv2/lib/mygzip/gzip.go:59.3,60.52 2 1
github.com/rombintu/goyametricsv2/lib/mygzip/gzip.go:60.52,63.18 2 1
github.com/rombintu/goyametricsv2/lib/mygzip/gzip.go:63.18,65.5 1 0
github.com/rombintu/goyametricsv2/lib/mygzip/gzip.go:66.4,69.47 2 1
github.com/rombintu/goyametricsv2/lib/mygzip/gzip.go:73.3,87.33 6 1
github.com/rombintu/goyametricsv2/lib/mygzip/gzip.go:87.33,89.4 1 0
github.com/rombintu/goyametricsv2/lib/mygzip/gzip.go:92.3,92.44 1 1
github.com/rombintu/goyametricsv2/lib/mygzip/gzip.go:92.44,94.4 1 0
github.com/rombintu/goyametricsv2/lib/mygzip/gzip.go:96.3,96.13 1 1
github.com/rombintu/goyametricsv2/internal/storage/pgx_driver.go:30.99,33.2 2 1
github.com/rombintu/goyametricsv2/internal/storage/pgx_driver.go:35.95,38.2 2 1
github.com/rombintu/goyametricsv2/internal/storage/pgx_driver.go:40.84,43.2 2 0
github.com/rombintu/goyametricsv2/internal/storage/pgx_driver.go:45.44,50.2 1 1
github.com/rombintu/goyametricsv2/internal/storage/pgx_driver.go:52.34,54.16 2 1
github.com/rombintu/goyametricsv2/internal/storage/pgx_driver.go:54.16,56.3 1 0
github.com/rombintu/goyametricsv2/internal/storage/pgx_driver.go:57.2,61.29 4 1
github.com/rombintu/goyametricsv2/internal/storage/pgx_driver.go:61.29,62.41 1 1
github.com/rombintu/goyametricsv2/internal/storage/pgx_driver.go:62.41,64.9 2 1
github.com/rombintu/goyametricsv2/internal/storage/pgx_driver.go:66.3,67.45 2 0
github.com/rombintu/goyametricsv2/internal/storage/pgx_driver.go:69.2,69.9 1 1
github.com/rombintu/goyametricsv2/internal/storage/pgx_driver.go:69.9,71.3 1 0
github.com/rombintu/goyametricsv2/internal/storage/pgx_driver.go:73.2,74.16 2 1
github.com/rombintu/goyametricsv2/internal/storage/pgx_driver.go:74.16,76.3 1 0
github.com/rombintu/goyametricsv2/internal/storage/pgx_driver.go:77.2,77.12 1 1
github.com/rombintu/goyametricsv2/internal/storage/pgx_driver.go:80.35,83.2 2 1
github.com/rombintu/goyametricsv2/internal/storage/pgx_driver.go:85.34,87.2 1 1
github.com/rombintu/goyametricsv2/internal/storage/pgx_driver.go:89.34,91.2 1 1
github.com/rombintu/goyametricsv2/internal/storage/pgx_driver.go:93.37,95.2 1 1
github.com/rombintu/goyametricsv2/internal/storage/pgx_driver.go:97.61,99.15 2 0
github.com/rombintu/goyametricsv2/internal/storage/pgx_driver.go:100.19,106.4 1 0
github.com/rombintu/goyametricsv2/internal/storage/pgx_driver.go:107.17,113.4 1 0
github.com/rombintu/goyametricsv2/internal/storage/pgx_driver.go:115.2,116.12 2 0
github.com/rombintu/goyametricsv2/internal/storage/pgx_driver.go:119.62,120.32 1 0
github.com/rombintu/goyametricsv2/internal/storage/pgx_driver.go:120.32,122.3 1 0
github.com/rombintu/goyametricsv2/internal/storage/pgx_driver.go:123.2,128.16 4 0
github.com/rombintu/goyametricsv2/internal/storage/pgx_driver.go:128.16,130.3 1 0
github.com/rombintu/goyametricsv2/internal/storage/pgx_driver.go:131.2,131.16 1 0
github.com/rombintu/goyametricsv2/internal/storage/pgx_driver.go:131.16,133.3 1 0
github.com/rombintu/goyametricsv2/internal/storage/pgx_driver.go:134.2,134.36 1 0
github.com/rombintu/goyametricsv2/internal/storage/pgx_driver.go:138.35,141.16 3 1
github.com/rombintu/goyametricsv2/internal/storage/pgx_driver.go:141.16,144.3 2 0
github.com/rombintu/goyametricsv2/internal/storage/pgx_driver.go:145.2,149.18 4 1
github.com/rombintu/goyametricsv2/internal/storage/pgx_driver.go:149.18,151.59 2 1
github.com/rombintu/goyametricsv2/internal/storage/pgx_driver.go:151.59,154.4 2 0
github.com/rombintu/goyametricsv2/internal/storage/pgx_driver.go:155.3,155.16 1 1
github.com/rombintu/goyametricsv2/internal/storage/pgx_driver.go:156.20,158.65 2 1
github.com/rombintu/goyametricsv2/internal/storage/pgx_driver.go:158.65,160.13 2 0
github.com/rombintu/goyametricsv2/internal/storage/pgx_driver.go:162.4,162.27 1 1
github.com/rombintu/goyametricsv2/internal/storage/pgx_driver.go:163.18,165.63 2 1
github.com/rombintu/goyametricsv2/internal/storage/pgx_driver.go:165.63,167.13 2 0
github.com/rombintu/goyametricsv2/internal/storage/pgx_driver.go:169.4,169.25 1 1
github.com/rombintu/goyametricsv2/internal/storage/pgx_driver.go:172.2,173.16 2 1
github.com/rombintu/goyametricsv2/internal/storage/pgx_driver.go:173.16,175.3 1 0
github.com/rombintu/goyametricsv2/internal/storage/pgx_driver.go:176.2,178.13 3 1
github.com/rombintu/goyametricsv2/internal/storage/pgx_driver.go:181.48,185.67 4 0
github.com/rombintu/goyametricsv2/internal/storage/pgx_driver.go:185.67,187.3 1 0
github.com/rombintu/goyametricsv2/internal/storage/pgx_driver.go:188.2,188.63 1 0
github.com/rombintu/goyametricsv2/internal/storage/pgx_driver.go:188.63,190.3 1 0
github.com/rombintu/goyametricsv2/internal/storage/pgx_driver.go:191.2,191.12 1 0
github.com/rombintu/goyametricsv2/internal/storage/pgx_driver.go:194.89,196.16 2 0
github.com/rombintu/goyametricsv2/internal/storage/pgx_driver.go:196.16,198.3 1 0
github.com/rombintu/goyametricsv2/internal/storage/pgx_driver.go:199.2,202.15 3 0
github.com/rombintu/goyametricsv2/internal/storage/pgx_driver.go:203.19,209.4 1 0
github.com/rombintu/goyametricsv2/internal/storage/pgx_driver.go:210.17,216.4 1 0
github.com/rombintu/goyametricsv2/internal/storage/pgx_driver.go:217.10,218.43 1 0
github.com/rombintu/goyametricsv2/internal/storage/pgx_driver.go:222.2,223.31 2 0
github.com/rombintu/goyametricsv2/internal/storage/pgx_driver.go:223.31,225.17 2 0
github.com/rombintu/goyametricsv2/internal/storage/pgx_driver.go:225.17,227.4 1 0
github.com/rombintu/goyametricsv2/internal/storage/pgx_driver.go:229.2,230.29 2 0
github.com/rombintu/goyametricsv2/internal/storage/pgx_driver.go:233.42,243.2 2 1
github.com/rombintu/goyametricsv2/internal/storage/storage.go:63.63,65.21 2 0
github.com/rombintu/goyametricsv2/internal/storage/storage.go:66.17,67.36 1 0
github.com/rombintu/goyametricsv2/internal/storage/storage.go:68.18,69.36 1 0
github.com/rombintu/goyametricsv2/internal/storage/storage.go:70.10,71.34 1 0
github.com/rombintu/goyametricsv2/internal/storage/storage.go:73.2,73.16 1 0
github.com/rombintu/goyametricsv2/internal/storage/tmp_driver.go:29.48,34.2 1 0
github.com/rombintu/goyametricsv2/internal/storage/tmp_driver.go:36.34,44.2 4 0
github.com/rombintu/goyametricsv2/internal/storage/tmp_driver.go:46.35,49.2 2 1
github.com/rombintu/goyametricsv2/internal/storage/tmp_driver.go:51.34,53.2 1 1
github.com/rombintu/goyametricsv2/internal/storage/tmp_driver.go:55.69,56.15 1 0
github.com/rombintu/goyametricsv2/internal/storage/tmp_driver.go:57.17,59.17 2 0
github.com/rombintu/goyametricsv2/internal/storage/tmp_driver.go:59.17,61.4 1 0
github.com/rombintu/goyametricsv2/internal/storage/tmp_driver.go:62.3,62.30 1 0
github.com/rombintu/goyametricsv2/internal/storage/tmp_driver.go:63.19,65.17 2 0
github.com/rombintu/goyametricsv2/internal/storage/tmp_driver.go:65.17,67.4 1 0
github.com/rombintu/goyametricsv2/internal/storage/tmp_driver.go:68.3,68.32 1 0
github.com/rombintu/goyametricsv2/internal/storage/tmp_driver.go:69.10,70.43 1 0
github.com/rombintu/goyametricsv2/internal/storage/tmp_driver.go:72.2,72.12 1 0
github.com/rombintu/goyametricsv2/internal/storage/tmp_driver.go:75.62,76.15 1 1
github.com/rombintu/goyametricsv2/internal/storage/tmp_driver.go:77.17,79.10 2 0
github.com/rombintu/goyametricsv2/internal/storage/tmp_driver.go:79.10,81.4 1 0
github.com/rombintu/goyametricsv2/internal/storage/tmp_driver.go:82.3,82.54 1 0
github.com/rombintu/goyametricsv2/internal/storage/tmp_driver.go:83.19,85.10 2 1
github.com/rombintu/goyametricsv2/internal/storage/tmp_driver.go:85.10,87.4 1 1
github.com/rombintu/goyametricsv2/internal/storage/tmp_driver.go:88.3,88.43 1 1
github.com/rombintu/goyametricsv2/internal/storage/tmp_driver.go:90.2,90.46 1 0
github.com/rombintu/goyametricsv2/internal/storage/tmp_driver.go:93.58,95.9 2 1
github.com/rombintu/goyametricsv2/internal/storage/tmp_driver.go:95.9,97.3 1 1
github.com/rombintu/goyametricsv2/internal/storage/tmp_driver.go:98.2,98.20 1 1
github.com/rombintu/goyametricsv2/internal/storage/tmp_driver.go:101.58,103.9 2 1
github.com/rombintu/goyametricsv2/internal/storage/tmp_driver.go:103.9,105.3 1 1
github.com/rombintu/goyametricsv2/internal/storage/tmp_driver.go:106.2,106.20 1 1
github.com/rombintu/goyametricsv2/internal/storage/tmp_driver.go:109.60,111.2 1 1
github.com/rombintu/goyametricsv2/internal/storage/tmp_driver.go:113.60,115.12 2 1
github.com/rombintu/goyametricsv2/internal/storage/tmp_driver.go:115.12,118.3 2 1
github.com/rombintu/goyametricsv2/internal/storage/tmp_driver.go:119.2,119.41 1 0
github.com/rombintu/goyametricsv2/internal/storage/tmp_driver.go:122.35,124.2 1 1
github.com/rombintu/goyametricsv2/internal/storage/tmp_driver.go:126.48,127.34 1 1
github.com/rombintu/goyametricsv2/internal/storage/tmp_driver.go:127.34,129.3 1 0
github.com/rombintu/goyametricsv2/internal/storage/tmp_driver.go:130.2,130.32 1 1
github.com/rombintu/goyametricsv2/internal/storage/tmp_driver.go:130.32,132.3 1 0
github.com/rombintu/goyametricsv2/internal/storage/tmp_driver.go:133.2,133.12 1 1
github.com/rombintu/goyametricsv2/internal/storage/tmp_driver.go:136.34,138.28 1 1
github.com/rombintu/goyametricsv2/internal/storage/tmp_driver.go:138.28,140.3 1 0
github.com/rombintu/goyametricsv2/internal/storage/tmp_driver.go:142.2,143.16 2 1
github.com/rombintu/goyametricsv2/internal/storage/tmp_driver.go:143.16,145.3 1 0
github.com/rombintu/goyametricsv2/internal/storage/tmp_driver.go:146.2,148.16 3 1
github.com/rombintu/goyametricsv2/internal/storage/tmp_driver.go:148.16,150.3 1 0
github.com/rombintu/goyametricsv2/internal/storage/tmp_driver.go:151.2,152.16 2 1
github.com/rombintu/goyametricsv2/internal/storage/tmp_driver.go:152.16,154.3 1 0
github.com/rombintu/goyametricsv2/internal/storage/tmp_driver.go:155.2,155.12 1 1
github.com/rombintu/goyametricsv2/internal/storage/tmp_driver.go:158.37,160.28 1 1
github.com/rombintu/goyametricsv2/internal/storage/tmp_driver.go:160.28,162.3 1 0
github.com/rombintu/goyametricsv2/internal/storage/tmp_driver.go:164.2,164.68 1 1
github.com/rombintu/goyametricsv2/internal/storage/tmp_driver.go:164.68,167.3 2 0
github.com/rombintu/goyametricsv2/internal/storage/tmp_driver.go:168.2,169.16 2 1
github.com/rombintu/goyametricsv2/internal/storage/tmp_driver.go:169.16,171.3 1 0
github.com/rombintu/goyametricsv2/internal/storage/tmp_driver.go:172.2,174.16 3 1
github.com/rombintu/goyametricsv2/internal/storage/tmp_driver.go:174.16,177.3 2 0
github.com/rombintu/goyametricsv2/internal/storage/tmp_driver.go:179.2,179.26 1 1
github.com/rombintu/goyametricsv2/internal/storage/tmp_driver.go:179.26,182.3 2 0
github.com/rombintu/goyametricsv2/internal/storage/tmp_driver.go:184.2,185.16 2 1
github.com/rombintu/goyametricsv2/internal/storage/tmp_driver.go:185.16,188.3 2 0
github.com/rombintu/goyametricsv2/internal/storage/tmp_driver.go:190.2,191.16 2 1
github.com/rombintu/goyametricsv2/internal/storage/tmp_driver.go:191.16,194.3 2 0
github.com/rombintu/goyametricsv2/internal/storage/tmp_driver.go:195.2,195.12 1 1
github.com/rombintu/goyametricsv2/internal/storage/tools.go:8.47,10.27 2 1
github.com/rombintu/goyametricsv2/internal/storage/tools.go:10.27,12.3 1 1
github.com/rombintu/goyametricsv2/internal/storage/tools.go:13.2,13.15 1 1
github.com/rombintu/goyametricsv2/internal/storage/tools.go:16.43,18.27 2 1
github.com/rombintu/goyametricsv2/internal/storage/tools.go:18.27,20.3 1 1
github.com/rombintu/goyametricsv2/internal/storage/tools.go:21.2,21.15 1 1
github.com/rombintu/goyametricsv2/lib/patterns/semaphore.go:18.44,22.2 1 1
github.com/rombintu/goyametricsv2/lib/patterns/semaphore.go:26.31,28.2 1 1
github.com/rombintu/goyametricsv2/lib/patterns/semaphore.go:32.31,34.2 1 1
