mode: set
github.com/rombintu/goyametricsv2/cmd/server/main.go:19.13,24.70 2 0
github.com/rombintu/goyametricsv2/cmd/server/main.go:24.70,26.3 1 0
github.com/rombintu/goyametricsv2/cmd/server/main.go:29.2,42.46 6 0
github.com/rombintu/goyametricsv2/cmd/server/main.go:42.46,43.13 1 0
github.com/rombintu/goyametricsv2/cmd/server/main.go:43.13,47.8 3 0
github.com/rombintu/goyametricsv2/cmd/server/main.go:47.8,48.12 1 0
github.com/rombintu/goyametricsv2/cmd/server/main.go:49.21,50.26 1 0
github.com/rombintu/goyametricsv2/cmd/server/main.go:51.17,53.12 2 0
github.com/rombintu/goyametricsv2/cmd/server/main.go:60.2,71.65 6 0
github.com/rombintu/goyametricsv2/cmd/agent/main.go:19.13,55.12 17 0
github.com/rombintu/goyametricsv2/cmd/agent/main.go:55.12,61.3 3 0
github.com/rombintu/goyametricsv2/cmd/agent/main.go:64.2,65.65 2 0
github.com/rombintu/goyametricsv2/cmd/staticlint/noosexit/noosexit_analyzer.go:22.60,29.48 3 0
github.com/rombintu/goyametricsv2/cmd/staticlint/noosexit/noosexit_analyzer.go:29.48,31.10 2 0
github.com/rombintu/goyametricsv2/cmd/staticlint/noosexit/noosexit_analyzer.go:31.10,33.4 1 0
github.com/rombintu/goyametricsv2/cmd/staticlint/noosexit/noosexit_analyzer.go:36.3,36.33 1 0
github.com/rombintu/goyametricsv2/cmd/staticlint/noosexit/noosexit_analyzer.go:36.33,38.4 1 0
github.com/rombintu/goyametricsv2/cmd/staticlint/noosexit/noosexit_analyzer.go:41.3,41.76 1 0
github.com/rombintu/goyametricsv2/cmd/staticlint/noosexit/noosexit_analyzer.go:41.76,43.4 1 0
github.com/rombintu/goyametricsv2/cmd/staticlint/noosexit/noosexit_analyzer.go:46.3,46.32 1 0
github.com/rombintu/goyametricsv2/cmd/staticlint/noosexit/noosexit_analyzer.go:46.32,48.4 1 0
github.com/rombintu/goyametricsv2/cmd/staticlint/noosexit/noosexit_analyzer.go:51.3,51.35 1 0
github.com/rombintu/goyametricsv2/cmd/staticlint/noosexit/noosexit_analyzer.go:51.35,53.43 2 0
github.com/rombintu/goyametricsv2/cmd/staticlint/noosexit/noosexit_analyzer.go:53.43,54.13 1 0
github.com/rombintu/goyametricsv2/cmd/staticlint/noosexit/noosexit_analyzer.go:58.4,58.53 1 0
github.com/rombintu/goyametricsv2/cmd/staticlint/noosexit/noosexit_analyzer.go:58.53,60.12 2 0
github.com/rombintu/goyametricsv2/cmd/staticlint/noosexit/noosexit_analyzer.go:60.12,62.6 1 0
github.com/rombintu/goyametricsv2/cmd/staticlint/noosexit/noosexit_analyzer.go:64.5,65.12 2 0
github.com/rombintu/goyametricsv2/cmd/staticlint/noosexit/noosexit_analyzer.go:65.12,67.6 1 0
github.com/rombintu/goyametricsv2/cmd/staticlint/noosexit/noosexit_analyzer.go:69.5,70.12 2 0
github.com/rombintu/goyametricsv2/cmd/staticlint/noosexit/noosexit_analyzer.go:70.12,72.6 1 0
github.com/rombintu/goyametricsv2/cmd/staticlint/noosexit/noosexit_analyzer.go:74.5,74.62 1 0
github.com/rombintu/goyametricsv2/cmd/staticlint/noosexit/noosexit_analyzer.go:74.62,76.6 1 0
github.com/rombintu/goyametricsv2/cmd/staticlint/noosexit/noosexit_analyzer.go:78.5,78.16 1 0
github.com/rombintu/goyametricsv2/cmd/staticlint/noosexit/noosexit_analyzer.go:83.2,83.17 1 0
github.com/rombintu/goyametricsv2/cmd/staticlint/main.go:35.13,66.42 3 0
github.com/rombintu/goyametricsv2/cmd/staticlint/main.go:66.42,68.3 1 0
github.com/rombintu/goyametricsv2/cmd/staticlint/main.go:71.2,85.33 4 0
github.com/rombintu/goyametricsv2/internal/mocks/mock_storage.go:26.59,30.2 3 0
github.com/rombintu/goyametricsv2/internal/mocks/mock_storage.go:33.57,35.2 1 0
github.com/rombintu/goyametricsv2/internal/mocks/mock_storage.go:38.37,43.2 4 0
github.com/rombintu/goyametricsv2/internal/mocks/mock_storage.go:46.57,49.2 2 0
github.com/rombintu/goyametricsv2/internal/mocks/mock_storage.go:52.62,58.2 5 0
github.com/rombintu/goyametricsv2/internal/mocks/mock_storage.go:61.77,64.2 2 0
github.com/rombintu/goyametricsv2/internal/mocks/mock_storage.go:67.45,72.2 4 0
github.com/rombintu/goyametricsv2/internal/mocks/mock_storage.go:75.58,78.2 2 0
github.com/rombintu/goyametricsv2/internal/mocks/mock_storage.go:81.36,86.2 4 0
github.com/rombintu/goyametricsv2/internal/mocks/mock_storage.go:89.56,92.2 2 0
github.com/rombintu/goyametricsv2/internal/mocks/mock_storage.go:95.36,100.2 4 0
github.com/rombintu/goyametricsv2/internal/mocks/mock_storage.go:103.56,106.2 2 0
github.com/rombintu/goyametricsv2/internal/mocks/mock_storage.go:109.39,114.2 4 0
github.com/rombintu/goyametricsv2/internal/mocks/mock_storage.go:117.59,120.2 2 0
github.com/rombintu/goyametricsv2/internal/mocks/mock_storage.go:123.36,128.2 4 0
github.com/rombintu/goyametricsv2/internal/mocks/mock_storage.go:131.56,134.2 2 0
github.com/rombintu/goyametricsv2/internal/mocks/mock_storage.go:137.61,142.2 4 0
github.com/rombintu/goyametricsv2/internal/mocks/mock_storage.go:145.86,148.2 2 0
github.com/rombintu/goyametricsv2/internal/mocks/mock_storage.go:151.58,156.2 4 0
github.com/rombintu/goyametricsv2/internal/mocks/mock_storage.go:159.77,162.2 2 0
github.com/rombintu/goyametricsv2/internal/agent/agent.go:68.44,77.2 1 1
github.com/rombintu/goyametricsv2/internal/agent/agent.go:80.29,82.21 1 0
github.com/rombintu/goyametricsv2/internal/agent/agent.go:82.21,84.3 1 0
github.com/rombintu/goyametricsv2/internal/agent/agent.go:95.38,96.39 1 1
github.com/rombintu/goyametricsv2/internal/agent/agent.go:96.39,98.3 1 1
github.com/rombintu/goyametricsv2/internal/agent/agent.go:98.8,100.3 1 1
github.com/rombintu/goyametricsv2/internal/agent/agent.go:104.32,106.2 1 1
github.com/rombintu/goyametricsv2/internal/agent/agent.go:117.61,118.47 1 0
github.com/rombintu/goyametricsv2/internal/agent/agent.go:118.47,120.3 1 0
github.com/rombintu/goyametricsv2/internal/agent/agent.go:121.2,122.16 2 0
github.com/rombintu/goyametricsv2/internal/agent/agent.go:122.16,124.3 1 0
github.com/rombintu/goyametricsv2/internal/agent/agent.go:127.2,129.16 3 0
github.com/rombintu/goyametricsv2/internal/agent/agent.go:129.16,132.3 2 0
github.com/rombintu/goyametricsv2/internal/agent/agent.go:133.2,134.16 2 0
github.com/rombintu/goyametricsv2/internal/agent/agent.go:134.16,137.3 2 0
github.com/rombintu/goyametricsv2/internal/agent/agent.go:138.2,143.16 3 0
github.com/rombintu/goyametricsv2/internal/agent/agent.go:143.16,145.3 1 0
github.com/rombintu/goyametricsv2/internal/agent/agent.go:148.2,148.21 1 0
github.com/rombintu/goyametricsv2/internal/agent/agent.go:148.21,151.3 2 0
github.com/rombintu/goyametricsv2/internal/agent/agent.go:153.2,159.16 5 0
github.com/rombintu/goyametricsv2/internal/agent/agent.go:159.16,161.3 1 0
github.com/rombintu/goyametricsv2/internal/agent/agent.go:163.2,164.12 2 0
github.com/rombintu/goyametricsv2/internal/agent/agent.go:175.54,179.34 3 0
github.com/rombintu/goyametricsv2/internal/agent/agent.go:179.34,186.3 2 0
github.com/rombintu/goyametricsv2/internal/agent/agent.go:188.2,188.32 1 0
github.com/rombintu/goyametricsv2/internal/agent/agent.go:188.32,195.3 2 0
github.com/rombintu/goyametricsv2/internal/agent/agent.go:197.2,197.56 1 0
github.com/rombintu/goyametricsv2/internal/agent/agent.go:197.56,199.3 1 0
github.com/rombintu/goyametricsv2/internal/agent/agent.go:200.2,200.12 1 0
github.com/rombintu/goyametricsv2/internal/agent/agent.go:209.68,211.6 2 0
github.com/rombintu/goyametricsv2/internal/agent/agent.go:211.6,212.10 1 0
github.com/rombintu/goyametricsv2/internal/agent/agent.go:213.21,215.10 2 0
github.com/rombintu/goyametricsv2/internal/agent/agent.go:216.11,221.23 2 0
github.com/rombintu/goyametricsv2/internal/agent/agent.go:221.23,224.5 2 0
github.com/rombintu/goyametricsv2/internal/agent/agent.go:225.4,225.56 1 0
github.com/rombintu/goyametricsv2/internal/agent/agent.go:225.56,228.5 2 0
github.com/rombintu/goyametricsv2/internal/agent/agent.go:229.4,229.23 1 0
github.com/rombintu/goyametricsv2/internal/agent/agent.go:229.23,232.5 2 0
github.com/rombintu/goyametricsv2/internal/agent/agent.go:233.4,233.61 1 0
github.com/rombintu/goyametricsv2/internal/agent/agent.go:244.66,246.6 2 0
github.com/rombintu/goyametricsv2/internal/agent/agent.go:246.6,247.10 1 0
github.com/rombintu/goyametricsv2/internal/agent/agent.go:248.21,250.10 2 0
github.com/rombintu/goyametricsv2/internal/agent/agent.go:251.11,254.59 3 0
github.com/rombintu/goyametricsv2/internal/agent/agent.go:265.68,267.6 2 0
github.com/rombintu/goyametricsv2/internal/agent/agent.go:267.6,268.10 1 0
github.com/rombintu/goyametricsv2/internal/agent/agent.go:269.21,271.10 2 0
github.com/rombintu/goyametricsv2/internal/agent/agent.go:272.11,274.23 2 0
github.com/rombintu/goyametricsv2/internal/agent/agent.go:274.23,277.5 2 0
github.com/rombintu/goyametricsv2/internal/agent/agent.go:278.4,278.57 1 0
github.com/rombintu/goyametricsv2/internal/agent/agent.go:278.57,280.5 1 0
github.com/rombintu/goyametricsv2/internal/agent/agent.go:281.4,281.23 1 0
github.com/rombintu/goyametricsv2/internal/agent/agent.go:281.23,284.5 2 0
github.com/rombintu/goyametricsv2/internal/agent/agent.go:285.4,286.59 2 0
github.com/rombintu/goyametricsv2/internal/agent/agent.go:296.43,298.16 2 1
github.com/rombintu/goyametricsv2/internal/agent/agent.go:298.16,301.3 2 0
github.com/rombintu/goyametricsv2/internal/agent/agent.go:303.2,304.16 2 1
github.com/rombintu/goyametricsv2/internal/agent/agent.go:304.16,307.3 2 0
github.com/rombintu/goyametricsv2/internal/agent/agent.go:309.2,316.3 5 1
github.com/rombintu/goyametricsv2/internal/agent/agent.go:321.31,327.16 5 1
github.com/rombintu/goyametricsv2/internal/agent/agent.go:327.16,329.3 1 0
github.com/rombintu/goyametricsv2/internal/agent/agent.go:330.2,334.44 4 1
github.com/rombintu/goyametricsv2/internal/agent/agent.go:334.44,335.28 1 1
github.com/rombintu/goyametricsv2/internal/agent/agent.go:336.16,340.6 1 1
github.com/rombintu/goyametricsv2/internal/agent/agent.go:341.14,345.6 1 0
github.com/rombintu/goyametricsv2/internal/agent/agent.go:350.2,358.24 5 1
github.com/rombintu/goyametricsv2/internal/agent/agent.go:365.30,367.16 2 0
github.com/rombintu/goyametricsv2/internal/agent/agent.go:367.16,369.3 1 0
github.com/rombintu/goyametricsv2/internal/agent/agent.go:370.2,371.12 2 0
github.com/rombintu/goyametricsv2/internal/agent/agent.go:379.44,381.32 2 0
github.com/rombintu/goyametricsv2/internal/agent/agent.go:381.32,382.30 1 0
github.com/rombintu/goyametricsv2/internal/agent/agent.go:382.30,386.35 3 0
github.com/rombintu/goyametricsv2/internal/agent/agent.go:386.35,388.5 1 0
github.com/rombintu/goyametricsv2/internal/agent/agent.go:391.2,391.12 1 0
github.com/rombintu/goyametricsv2/internal/config/agent.go:18.45,34.2 13 1
github.com/rombintu/goyametricsv2/internal/config/agent.go:37.36,49.2 8 1
github.com/rombintu/goyametricsv2/internal/config/default.go:60.51,62.9 2 1
github.com/rombintu/goyametricsv2/internal/config/default.go:62.9,64.3 1 1
github.com/rombintu/goyametricsv2/internal/config/default.go:64.8,66.3 1 1
github.com/rombintu/goyametricsv2/internal/config/default.go:78.61,80.9 2 1
github.com/rombintu/goyametricsv2/internal/config/default.go:80.9,82.3 1 0
github.com/rombintu/goyametricsv2/internal/config/default.go:82.8,84.17 2 1
github.com/rombintu/goyametricsv2/internal/config/default.go:84.17,86.4 1 0
github.com/rombintu/goyametricsv2/internal/config/default.go:86.9,88.4 1 1
github.com/rombintu/goyametricsv2/internal/config/default.go:101.58,103.9 2 1
github.com/rombintu/goyametricsv2/internal/config/default.go:103.9,105.3 1 0
github.com/rombintu/goyametricsv2/internal/config/default.go:105.8,107.17 2 1
github.com/rombintu/goyametricsv2/internal/config/default.go:107.17,109.4 1 0
github.com/rombintu/goyametricsv2/internal/config/default.go:109.9,111.4 1 1
github.com/rombintu/goyametricsv2/internal/config/server.go:25.47,55.2 19 1
github.com/rombintu/goyametricsv2/internal/config/server.go:57.38,70.31 9 1
github.com/rombintu/goyametricsv2/internal/config/server.go:70.31,72.3 1 0
github.com/rombintu/goyametricsv2/internal/config/server.go:75.2,77.29 2 1
github.com/rombintu/goyametricsv2/internal/config/server.go:77.29,79.3 1 0
github.com/rombintu/goyametricsv2/internal/config/server.go:79.8,79.85 1 1
github.com/rombintu/goyametricsv2/internal/config/server.go:79.85,81.3 1 0
github.com/rombintu/goyametricsv2/internal/config/server.go:83.2,83.15 1 1
github.com/rombintu/goyametricsv2/internal/logger/logger.go:23.42,26.14 3 1
github.com/rombintu/goyametricsv2/internal/logger/logger.go:27.16,30.17 3 1
github.com/rombintu/goyametricsv2/internal/logger/logger.go:30.17,32.4 1 0
github.com/rombintu/goyametricsv2/internal/logger/logger.go:33.10,36.17 3 1
github.com/rombintu/goyametricsv2/internal/logger/logger.go:36.17,38.4 1 0
github.com/rombintu/goyametricsv2/internal/logger/logger.go:42.2,45.16 3 1
github.com/rombintu/goyametricsv2/internal/logger/logger.go:45.16,47.3 1 0
github.com/rombintu/goyametricsv2/internal/logger/logger.go:48.2,51.12 3 1
github.com/rombintu/goyametricsv2/internal/logger/logger.go:56.60,57.36 1 0
github.com/rombintu/goyametricsv2/internal/logger/logger.go:57.36,60.17 3 0
github.com/rombintu/goyametricsv2/internal/logger/logger.go:60.17,62.4 1 0
github.com/rombintu/goyametricsv2/internal/logger/logger.go:63.3,87.13 6 0
github.com/rombintu/goyametricsv2/internal/models/models.go:28.57,30.17 1 1
github.com/rombintu/goyametricsv2/internal/models/models.go:31.25,33.17 2 0
github.com/rombintu/goyametricsv2/internal/models/models.go:33.17,35.4 1 0
github.com/rombintu/goyametricsv2/internal/models/models.go:36.3,36.19 1 0
github.com/rombintu/goyametricsv2/internal/models/models.go:37.27,39.17 2 1
github.com/rombintu/goyametricsv2/internal/models/models.go:39.17,41.4 1 1
github.com/rombintu/goyametricsv2/internal/models/models.go:42.3,42.19 1 0
github.com/rombintu/goyametricsv2/internal/models/models.go:44.2,44.12 1 0
github.com/rombintu/goyametricsv2/internal/models/models.go:51.41,53.2 1 1
github.com/rombintu/goyametricsv2/internal/models/models.go:59.43,61.2 1 1
github.com/rombintu/goyametricsv2/internal/mocks/mock_storage.go:26.59,30.2 3 1
github.com/rombintu/goyametricsv2/internal/mocks/mock_storage.go:33.57,35.2 1 1
github.com/rombintu/goyametricsv2/internal/mocks/mock_storage.go:38.37,43.2 4 1
github.com/rombintu/goyametricsv2/internal/mocks/mock_storage.go:46.57,49.2 2 1
github.com/rombintu/goyametricsv2/internal/mocks/mock_storage.go:52.62,58.2 5 1
github.com/rombintu/goyametricsv2/internal/mocks/mock_storage.go:61.77,64.2 2 1
github.com/rombintu/goyametricsv2/internal/mocks/mock_storage.go:67.45,72.2 4 0
github.com/rombintu/goyametricsv2/internal/mocks/mock_storage.go:75.58,78.2 2 0
github.com/rombintu/goyametricsv2/internal/mocks/mock_storage.go:81.36,86.2 4 0
github.com/rombintu/goyametricsv2/internal/mocks/mock_storage.go:89.56,92.2 2 0
github.com/rombintu/goyametricsv2/internal/mocks/mock_storage.go:95.36,100.2 4 1
github.com/rombintu/goyametricsv2/internal/mocks/mock_storage.go:103.56,106.2 2 1
github.com/rombintu/goyametricsv2/internal/mocks/mock_storage.go:109.39,114.2 4 0
github.com/rombintu/goyametricsv2/internal/mocks/mock_storage.go:117.59,120.2 2 0
github.com/rombintu/goyametricsv2/internal/mocks/mock_storage.go:123.36,128.2 4 1
github.com/rombintu/goyametricsv2/internal/mocks/mock_storage.go:131.56,134.2 2 1
github.com/rombintu/goyametricsv2/internal/mocks/mock_storage.go:137.61,142.2 4 1
github.com/rombintu/goyametricsv2/internal/mocks/mock_storage.go:145.86,148.2 2 1
github.com/rombintu/goyametricsv2/internal/mocks/mock_storage.go:151.58,156.2 4 1
github.com/rombintu/goyametricsv2/internal/mocks/mock_storage.go:159.77,162.2 2 1
github.com/rombintu/goyametricsv2/internal/server/handlers.go:42.55,49.17 4 1
github.com/rombintu/goyametricsv2/internal/server/handlers.go:49.17,52.3 1 0
github.com/rombintu/goyametricsv2/internal/server/handlers.go:54.2,54.63 1 1
github.com/rombintu/goyametricsv2/internal/server/handlers.go:54.63,64.3 2 0
github.com/rombintu/goyametricsv2/internal/server/handlers.go:67.2,67.23 1 1
github.com/rombintu/goyametricsv2/internal/server/handlers.go:67.23,69.3 1 0
github.com/rombintu/goyametricsv2/internal/server/handlers.go:71.2,71.43 1 1
github.com/rombintu/goyametricsv2/internal/server/handlers.go:94.57,100.16 4 1
github.com/rombintu/goyametricsv2/internal/server/handlers.go:100.16,105.3 2 1
github.com/rombintu/goyametricsv2/internal/server/handlers.go:107.2,107.39 1 1
github.com/rombintu/goyametricsv2/internal/server/handlers.go:124.52,127.2 1 0
github.com/rombintu/goyametricsv2/internal/server/handlers.go:154.64,159.74 2 1
github.com/rombintu/goyametricsv2/internal/server/handlers.go:159.74,163.3 2 0
github.com/rombintu/goyametricsv2/internal/server/handlers.go:166.2,177.22 3 1
github.com/rombintu/goyametricsv2/internal/server/handlers.go:178.25,180.26 1 0
github.com/rombintu/goyametricsv2/internal/server/handlers.go:180.26,184.4 3 0
github.com/rombintu/goyametricsv2/internal/server/handlers.go:186.3,186.59 1 0
github.com/rombintu/goyametricsv2/internal/server/handlers.go:187.27,189.26 1 1
github.com/rombintu/goyametricsv2/internal/server/handlers.go:189.26,193.4 3 0
github.com/rombintu/goyametricsv2/internal/server/handlers.go:195.3,195.48 1 1
github.com/rombintu/goyametricsv2/internal/server/handlers.go:199.2,202.74 2 1
github.com/rombintu/goyametricsv2/internal/server/handlers.go:202.74,209.3 2 1
github.com/rombintu/goyametricsv2/internal/server/handlers.go:212.2,212.23 1 1
github.com/rombintu/goyametricsv2/internal/server/handlers.go:212.23,214.3 1 0
github.com/rombintu/goyametricsv2/internal/server/handlers.go:217.2,217.28 1 1
github.com/rombintu/goyametricsv2/internal/server/handlers.go:217.28,219.17 2 0
github.com/rombintu/goyametricsv2/internal/server/handlers.go:219.17,221.4 1 0
github.com/rombintu/goyametricsv2/internal/server/handlers.go:222.3,222.102 1 0
github.com/rombintu/goyametricsv2/internal/server/handlers.go:225.2,230.53 3 1
github.com/rombintu/goyametricsv2/internal/server/handlers.go:274.65,279.75 2 1
github.com/rombintu/goyametricsv2/internal/server/handlers.go:279.75,284.3 2 0
github.com/rombintu/goyametricsv2/internal/server/handlers.go:287.2,295.28 3 1
github.com/rombintu/goyametricsv2/internal/server/handlers.go:295.28,297.39 1 1
github.com/rombintu/goyametricsv2/internal/server/handlers.go:297.39,299.13 2 1
github.com/rombintu/goyametricsv2/internal/server/handlers.go:299.13,301.5 1 0
github.com/rombintu/goyametricsv2/internal/server/handlers.go:301.10,303.5 1 1
github.com/rombintu/goyametricsv2/internal/server/handlers.go:305.9,305.46 1 1
github.com/rombintu/goyametricsv2/internal/server/handlers.go:305.46,307.4 1 1
github.com/rombintu/goyametricsv2/internal/server/handlers.go:307.9,309.4 1 0
github.com/rombintu/goyametricsv2/internal/server/handlers.go:312.2,312.50 1 1
github.com/rombintu/goyametricsv2/internal/server/handlers.go:312.50,315.3 2 0
github.com/rombintu/goyametricsv2/internal/server/handlers.go:318.2,318.23 1 1
github.com/rombintu/goyametricsv2/internal/server/handlers.go:318.23,320.3 1 0
github.com/rombintu/goyametricsv2/internal/server/handlers.go:323.2,323.28 1 1
github.com/rombintu/goyametricsv2/internal/server/handlers.go:323.28,325.17 2 0
github.com/rombintu/goyametricsv2/internal/server/handlers.go:325.17,327.4 1 0
github.com/rombintu/goyametricsv2/internal/server/handlers.go:328.3,328.102 1 0
github.com/rombintu/goyametricsv2/internal/server/handlers.go:330.2,333.54 3 1
github.com/rombintu/goyametricsv2/internal/server/handlers.go:358.63,361.74 2 1
github.com/rombintu/goyametricsv2/internal/server/handlers.go:361.74,365.3 2 0
github.com/rombintu/goyametricsv2/internal/server/handlers.go:367.2,368.16 2 1
github.com/rombintu/goyametricsv2/internal/server/handlers.go:368.16,373.3 2 0
github.com/rombintu/goyametricsv2/internal/server/handlers.go:376.2,376.55 1 1
github.com/rombintu/goyametricsv2/internal/server/handlers.go:376.55,380.3 2 0
github.com/rombintu/goyametricsv2/internal/server/handlers.go:383.2,383.28 1 1
github.com/rombintu/goyametricsv2/internal/server/handlers.go:383.28,385.17 2 0
github.com/rombintu/goyametricsv2/internal/server/handlers.go:385.17,388.4 1 0
github.com/rombintu/goyametricsv2/internal/server/handlers.go:389.3,389.102 1 0
github.com/rombintu/goyametricsv2/internal/server/handlers.go:392.2,395.53 3 1
github.com/rombintu/goyametricsv2/internal/server/handlers.go:415.53,417.41 1 1
github.com/rombintu/goyametricsv2/internal/server/handlers.go:417.41,420.3 1 0
github.com/rombintu/goyametricsv2/internal/server/handlers.go:422.2,422.38 1 1
github.com/rombintu/goyametricsv2/internal/server/server.go:33.77,39.2 1 1
github.com/rombintu/goyametricsv2/internal/server/server.go:42.30,48.2 5 0
github.com/rombintu/goyametricsv2/internal/server/server.go:53.24,55.71 2 0
github.com/rombintu/goyametricsv2/internal/server/server.go:55.71,59.3 2 0
github.com/rombintu/goyametricsv2/internal/server/server.go:64.37,65.41 1 0
github.com/rombintu/goyametricsv2/internal/server/server.go:65.41,67.3 1 0
github.com/rombintu/goyametricsv2/internal/server/server.go:69.2,69.26 1 0
github.com/rombintu/goyametricsv2/internal/server/server.go:69.26,70.45 1 0
github.com/rombintu/goyametricsv2/internal/server/server.go:70.45,72.4 1 0
github.com/rombintu/goyametricsv2/internal/server/server.go:74.2,77.3 1 0
github.com/rombintu/goyametricsv2/internal/server/server.go:82.36,94.2 7 1
github.com/rombintu/goyametricsv2/internal/server/server.go:98.41,107.2 4 0
github.com/rombintu/goyametricsv2/internal/server/server.go:111.35,113.2 1 0
github.com/rombintu/goyametricsv2/internal/server/server.go:117.32,118.41 1 1
github.com/rombintu/goyametricsv2/internal/server/server.go:118.41,120.3 1 0
github.com/rombintu/goyametricsv2/internal/server/server.go:121.2,121.41 1 1
github.com/rombintu/goyametricsv2/internal/server/server.go:121.41,123.3 1 0
github.com/rombintu/goyametricsv2/internal/server/server.go:124.2,124.84 1 1
github.com/rombintu/goyametricsv2/internal/server/server.go:129.29,134.42 3 1
github.com/rombintu/goyametricsv2/internal/server/server.go:134.42,136.3 1 0
github.com/rombintu/goyametricsv2/internal/server/templates.go:34.93,36.2 1 0
github.com/rombintu/goyametricsv2/internal/server/templates.go:52.38,63.2 2 0
github.com/rombintu/goyametricsv2/lib/ptrhelper/ptrhelper.go:7.31,9.2 1 1
github.com/rombintu/goyametricsv2/lib/ptrhelper/ptrhelper.go:13.37,15.2 1 1
github.com/rombintu/goyametricsv2/lib/myparser/parser.go:15.45,17.2 1 1
github.com/rombintu/goyametricsv2/lib/myparser/parser.go:26.41,28.2 1 1
github.com/rombintu/goyametricsv2/lib/myhash/sha256.go:26.53,30.2 3 1
github.com/rombintu/goyametricsv2/lib/myhash/sha256.go:48.58,49.54 1 0
github.com/rombintu/goyametricsv2/lib/myhash/sha256.go:49.54,50.37 1 0
github.com/rombintu/goyametricsv2/lib/myhash/sha256.go:50.37,52.63 1 0
github.com/rombintu/goyametricsv2/lib/myhash/sha256.go:52.63,54.5 1 0
github.com/rombintu/goyametricsv2/lib/myhash/sha256.go:57.4,58.18 2 0
github.com/rombintu/goyametricsv2/lib/myhash/sha256.go:58.18,60.5 1 0
github.com/rombintu/goyametricsv2/lib/myhash/sha256.go:61.4,64.82 2 0
github.com/rombintu/goyametricsv2/lib/myhash/sha256.go:64.82,66.5 1 0
github.com/rombintu/goyametricsv2/lib/myhash/sha256.go:69.4,71.25 3 0
github.com/rombintu/goyametricsv2/lib/myhash/sha256.go:71.25,73.5 1 0
github.com/rombintu/goyametricsv2/lib/myhash/sha256.go:73.10,73.42 1 0
github.com/rombintu/goyametricsv2/lib/myhash/sha256.go:73.42,76.5 2 0
github.com/rombintu/goyametricsv2/lib/myhash/sha256.go:76.10,78.5 1 0
github.com/rombintu/goyametricsv2/lib/myhash/sha256.go:81.4,82.18 2 0
github.com/rombintu/goyametricsv2/lib/mygzip/gzip.go:33.61,35.52 1 1
github.com/rombintu/goyametricsv2/lib/mygzip/gzip.go:35.52,37.3 1 1
github.com/rombintu/goyametricsv2/lib/mygzip/gzip.go:39.2,39.28 1 1
github.com/rombintu/goyametricsv2/lib/mygzip/gzip.go:51.61,52.36 1 1
github.com/rombintu/goyametricsv2/lib/mygzip/gzip.go:52.36,55.52 2 1
github.com/rombintu/goyametricsv2/lib/mygzip/gzip.go:55.52,57.4 1 0
github.com/rombintu/goyametricsv2/lib/mygzip/gzip.go:60.3,61.52 2 1
github.com/rombintu/goyametricsv2/lib/mygzip/gzip.go:61.52,64.18 2 1
github.com/rombintu/goyametricsv2/lib/mygzip/gzip.go:64.18,66.5 1 0
github.com/rombintu/goyametricsv2/lib/mygzip/gzip.go:67.4,70.47 2 1
github.com/rombintu/goyametricsv2/lib/mygzip/gzip.go:74.3,88.33 6 1
github.com/rombintu/goyametricsv2/lib/mygzip/gzip.go:88.33,90.4 1 0
github.com/rombintu/goyametricsv2/lib/mygzip/gzip.go:93.3,93.44 1 1
github.com/rombintu/goyametricsv2/lib/mygzip/gzip.go:93.44,95.4 1 0
github.com/rombintu/goyametricsv2/lib/mygzip/gzip.go:97.3,97.13 1 1
github.com/rombintu/goyametricsv2/lib/patterns/semaphore.go:18.44,22.2 1 1
github.com/rombintu/goyametricsv2/lib/patterns/semaphore.go:26.31,28.2 1 1
github.com/rombintu/goyametricsv2/lib/patterns/semaphore.go:32.31,34.2 1 1
