mode: set
github.com/rombintu/goyametricsv2/cmd/agent/main.go:25.13,62.12 18 0
github.com/rombintu/goyametricsv2/cmd/agent/main.go:62.12,68.3 3 0
github.com/rombintu/goyametricsv2/cmd/agent/main.go:71.2,72.65 2 0
github.com/rombintu/goyametricsv2/cmd/staticlint/main.go:35.13,66.42 3 0
github.com/rombintu/goyametricsv2/cmd/staticlint/main.go:66.42,68.3 1 0
github.com/rombintu/goyametricsv2/cmd/staticlint/main.go:71.2,85.33 4 0
github.com/rombintu/goyametricsv2/cmd/staticlint/noosexit/noosexit_analyzer.go:22.60,29.48 3 0
github.com/rombintu/goyametricsv2/cmd/staticlint/noosexit/noosexit_analyzer.go:29.48,31.10 2 0
github.com/rombintu/goyametricsv2/cmd/staticlint/noosexit/noosexit_analyzer.go:31.10,33.4 1 0
github.com/rombintu/goyametricsv2/cmd/staticlint/noosexit/noosexit_analyzer.go:36.3,36.33 1 0
github.com/rombintu/goyametricsv2/cmd/staticlint/noosexit/noosexit_analyzer.go:36.33,38.4 1 0
github.com/rombintu/goyametricsv2/cmd/staticlint/noosexit/noosexit_analyzer.go:41.3,41.76 1 0
github.com/rombintu/goyametricsv2/cmd/staticlint/noosexit/noosexit_analyzer.go:41.76,43.4 1 0
github.com/rombintu/goyametricsv2/cmd/staticlint/noosexit/noosexit_analyzer.go:46.3,46.32 1 0
github.com/rombintu/goyametricsv2/cmd/staticlint/noosexit/noosexit_analyzer.go:46.32,48.4 1 0
github.com/rombintu/goyametricsv2/cmd/staticlint/noosexit/noosexit_analyzer.go:51.3,51.35 1 0
github.com/rombintu/goyametricsv2/cmd/staticlint/noosexit/noosexit_analyzer.go:51.35,53.43 2 0
github.com/rombintu/goyametricsv2/cmd/staticlint/noosexit/noosexit_analyzer.go:53.43,54.13 1 0
github.com/rombintu/goyametricsv2/cmd/staticlint/noosexit/noosexit_analyzer.go:58.4,58.53 1 0
github.com/rombintu/goyametricsv2/cmd/staticlint/noosexit/noosexit_analyzer.go:58.53,60.12 2 0
github.com/rombintu/goyametricsv2/cmd/staticlint/noosexit/noosexit_analyzer.go:60.12,62.6 1 0
github.com/rombintu/goyametricsv2/cmd/staticlint/noosexit/noosexit_analyzer.go:64.5,65.12 2 0
github.com/rombintu/goyametricsv2/cmd/staticlint/noosexit/noosexit_analyzer.go:65.12,67.6 1 0
github.com/rombintu/goyametricsv2/cmd/staticlint/noosexit/noosexit_analyzer.go:69.5,70.12 2 0
github.com/rombintu/goyametricsv2/cmd/staticlint/noosexit/noosexit_analyzer.go:70.12,72.6 1 0
github.com/rombintu/goyametricsv2/cmd/staticlint/noosexit/noosexit_analyzer.go:74.5,74.62 1 0
github.com/rombintu/goyametricsv2/cmd/staticlint/noosexit/noosexit_analyzer.go:74.62,76.6 1 0
github.com/rombintu/goyametricsv2/cmd/staticlint/noosexit/noosexit_analyzer.go:78.5,78.16 1 0
github.com/rombintu/goyametricsv2/cmd/staticlint/noosexit/noosexit_analyzer.go:83.2,83.17 1 0
github.com/rombintu/goyametricsv2/cmd/server/main.go:25.13,30.70 2 0
github.com/rombintu/goyametricsv2/cmd/server/main.go:30.70,32.3 1 0
github.com/rombintu/goyametricsv2/cmd/server/main.go:35.2,50.46 7 0
github.com/rombintu/goyametricsv2/cmd/server/main.go:50.46,51.13 1 0
github.com/rombintu/goyametricsv2/cmd/server/main.go:51.13,55.8 3 0
github.com/rombintu/goyametricsv2/cmd/server/main.go:55.8,56.12 1 0
github.com/rombintu/goyametricsv2/cmd/server/main.go:57.21,58.26 1 0
github.com/rombintu/goyametricsv2/cmd/server/main.go:59.17,61.12 2 0
github.com/rombintu/goyametricsv2/cmd/server/main.go:68.2,79.65 6 0
github.com/rombintu/goyametricsv2/internal/logger/logger.go:25.42,28.14 3 1
github.com/rombintu/goyametricsv2/internal/logger/logger.go:29.16,32.17 3 1
github.com/rombintu/goyametricsv2/internal/logger/logger.go:32.17,34.4 1 0
github.com/rombintu/goyametricsv2/internal/logger/logger.go:35.10,38.17 3 1
github.com/rombintu/goyametricsv2/internal/logger/logger.go:38.17,40.4 1 0
github.com/rombintu/goyametricsv2/internal/logger/logger.go:44.2,47.16 3 1
github.com/rombintu/goyametricsv2/internal/logger/logger.go:47.16,49.3 1 0
github.com/rombintu/goyametricsv2/internal/logger/logger.go:50.2,53.12 3 1
github.com/rombintu/goyametricsv2/internal/logger/logger.go:58.60,59.36 1 0
github.com/rombintu/goyametricsv2/internal/logger/logger.go:59.36,62.17 3 0
github.com/rombintu/goyametricsv2/internal/logger/logger.go:62.17,64.4 1 0
github.com/rombintu/goyametricsv2/internal/logger/logger.go:65.3,89.13 6 0
github.com/rombintu/goyametricsv2/internal/logger/logger.go:93.36,94.15 1 1
github.com/rombintu/goyametricsv2/internal/logger/logger.go:94.15,96.3 1 1
github.com/rombintu/goyametricsv2/internal/logger/logger.go:97.2,97.12 1 1
github.com/rombintu/goyametricsv2/internal/logger/logger.go:100.49,108.2 6 1
github.com/rombintu/goyametricsv2/internal/models/models.go:28.57,30.17 1 1
github.com/rombintu/goyametricsv2/internal/models/models.go:31.25,33.17 2 0
github.com/rombintu/goyametricsv2/internal/models/models.go:33.17,35.4 1 0
github.com/rombintu/goyametricsv2/internal/models/models.go:36.3,36.19 1 0
github.com/rombintu/goyametricsv2/internal/models/models.go:37.27,39.17 2 1
github.com/rombintu/goyametricsv2/internal/models/models.go:39.17,41.4 1 1
github.com/rombintu/goyametricsv2/internal/models/models.go:42.3,42.19 1 0
github.com/rombintu/goyametricsv2/internal/models/models.go:44.2,44.12 1 0
github.com/rombintu/goyametricsv2/internal/models/models.go:51.41,53.2 1 1
github.com/rombintu/goyametricsv2/internal/models/models.go:59.43,61.2 1 1
github.com/rombintu/goyametricsv2/internal/agent/agent.go:68.44,77.2 1 1
github.com/rombintu/goyametricsv2/internal/agent/agent.go:80.29,82.21 1 0
github.com/rombintu/goyametricsv2/internal/agent/agent.go:82.21,84.3 1 0
github.com/rombintu/goyametricsv2/internal/agent/agent.go:95.38,96.39 1 1
github.com/rombintu/goyametricsv2/internal/agent/agent.go:96.39,98.3 1 1
github.com/rombintu/goyametricsv2/internal/agent/agent.go:98.8,100.3 1 1
github.com/rombintu/goyametricsv2/internal/agent/agent.go:104.32,106.2 1 1
github.com/rombintu/goyametricsv2/internal/agent/agent.go:117.61,118.47 1 0
github.com/rombintu/goyametricsv2/internal/agent/agent.go:118.47,120.3 1 0
github.com/rombintu/goyametricsv2/internal/agent/agent.go:121.2,122.16 2 0
github.com/rombintu/goyametricsv2/internal/agent/agent.go:122.16,124.3 1 0
github.com/rombintu/goyametricsv2/internal/agent/agent.go:127.2,129.16 3 0
github.com/rombintu/goyametricsv2/internal/agent/agent.go:129.16,132.3 2 0
github.com/rombintu/goyametricsv2/internal/agent/agent.go:133.2,134.16 2 0
github.com/rombintu/goyametricsv2/internal/agent/agent.go:134.16,137.3 2 0
github.com/rombintu/goyametricsv2/internal/agent/agent.go:138.2,143.16 3 0
github.com/rombintu/goyametricsv2/internal/agent/agent.go:143.16,145.3 1 0
github.com/rombintu/goyametricsv2/internal/agent/agent.go:148.2,148.21 1 0
github.com/rombintu/goyametricsv2/internal/agent/agent.go:148.21,151.3 2 0
github.com/rombintu/goyametricsv2/internal/agent/agent.go:153.2,159.16 5 0
github.com/rombintu/goyametricsv2/internal/agent/agent.go:159.16,161.3 1 0
github.com/rombintu/goyametricsv2/internal/agent/agent.go:163.2,164.12 2 0
github.com/rombintu/goyametricsv2/internal/agent/agent.go:175.54,179.34 3 0
github.com/rombintu/goyametricsv2/internal/agent/agent.go:179.34,186.3 2 0
github.com/rombintu/goyametricsv2/internal/agent/agent.go:188.2,188.32 1 0
github.com/rombintu/goyametricsv2/internal/agent/agent.go:188.32,195.3 2 0
github.com/rombintu/goyametricsv2/internal/agent/agent.go:197.2,197.56 1 0
github.com/rombintu/goyametricsv2/internal/agent/agent.go:197.56,199.3 1 0
github.com/rombintu/goyametricsv2/internal/agent/agent.go:200.2,200.12 1 0
github.com/rombintu/goyametricsv2/internal/agent/agent.go:209.68,211.6 2 0
github.com/rombintu/goyametricsv2/internal/agent/agent.go:211.6,212.10 1 0
github.com/rombintu/goyametricsv2/internal/agent/agent.go:213.21,215.10 2 0
github.com/rombintu/goyametricsv2/internal/agent/agent.go:216.11,221.23 2 0
github.com/rombintu/goyametricsv2/internal/agent/agent.go:221.23,224.5 2 0
github.com/rombintu/goyametricsv2/internal/agent/agent.go:225.4,225.56 1 0
github.com/rombintu/goyametricsv2/internal/agent/agent.go:225.56,228.5 2 0
github.com/rombintu/goyametricsv2/internal/agent/agent.go:229.4,229.23 1 0
github.com/rombintu/goyametricsv2/internal/agent/agent.go:229.23,232.5 2 0
github.com/rombintu/goyametricsv2/internal/agent/agent.go:233.4,233.61 1 0
github.com/rombintu/goyametricsv2/internal/agent/agent.go:244.66,246.6 2 0
github.com/rombintu/goyametricsv2/internal/agent/agent.go:246.6,247.10 1 0
github.com/rombintu/goyametricsv2/internal/agent/agent.go:248.21,250.10 2 0
github.com/rombintu/goyametricsv2/internal/agent/agent.go:251.11,254.59 3 0
github.com/rombintu/goyametricsv2/internal/agent/agent.go:265.68,267.6 2 0
github.com/rombintu/goyametricsv2/internal/agent/agent.go:267.6,268.10 1 0
github.com/rombintu/goyametricsv2/internal/agent/agent.go:269.21,271.10 2 0
github.com/rombintu/goyametricsv2/internal/agent/agent.go:272.11,274.23 2 0
github.com/rombintu/goyametricsv2/internal/agent/agent.go:274.23,277.5 2 0
github.com/rombintu/goyametricsv2/internal/agent/agent.go:278.4,278.57 1 0
github.com/rombintu/goyametricsv2/internal/agent/agent.go:278.57,280.5 1 0
github.com/rombintu/goyametricsv2/internal/agent/agent.go:281.4,281.23 1 0
github.com/rombintu/goyametricsv2/internal/agent/agent.go:281.23,284.5 2 0
github.com/rombintu/goyametricsv2/internal/agent/agent.go:285.4,286.59 2 0
github.com/rombintu/goyametricsv2/internal/agent/agent.go:296.43,298.16 2 1
github.com/rombintu/goyametricsv2/internal/agent/agent.go:298.16,301.3 2 0
github.com/rombintu/goyametricsv2/internal/agent/agent.go:303.2,304.16 2 1
github.com/rombintu/goyametricsv2/internal/agent/agent.go:304.16,307.3 2 0
github.com/rombintu/goyametricsv2/internal/agent/agent.go:309.2,316.3 5 1
github.com/rombintu/goyametricsv2/internal/agent/agent.go:321.31,327.16 5 1
github.com/rombintu/goyametricsv2/internal/agent/agent.go:327.16,329.3 1 0
github.com/rombintu/goyametricsv2/internal/agent/agent.go:330.2,334.44 4 1
github.com/rombintu/goyametricsv2/internal/agent/agent.go:334.44,335.28 1 1
github.com/rombintu/goyametricsv2/internal/agent/agent.go:336.16,340.6 1 1
github.com/rombintu/goyametricsv2/internal/agent/agent.go:341.14,345.6 1 0
github.com/rombintu/goyametricsv2/internal/agent/agent.go:350.2,358.24 5 1
github.com/rombintu/goyametricsv2/internal/agent/agent.go:365.30,367.16 2 0
github.com/rombintu/goyametricsv2/internal/agent/agent.go:367.16,369.3 1 0
github.com/rombintu/goyametricsv2/internal/agent/agent.go:370.2,371.12 2 0
github.com/rombintu/goyametricsv2/internal/agent/agent.go:379.44,381.32 2 0
github.com/rombintu/goyametricsv2/internal/agent/agent.go:381.32,382.30 1 0
github.com/rombintu/goyametricsv2/internal/agent/agent.go:382.30,386.35 3 0
github.com/rombintu/goyametricsv2/internal/agent/agent.go:386.35,388.5 1 0
github.com/rombintu/goyametricsv2/internal/agent/agent.go:391.2,391.12 1 0
github.com/rombintu/goyametricsv2/internal/config/agent.go:18.45,34.2 13 1
github.com/rombintu/goyametricsv2/internal/config/agent.go:37.36,49.2 8 1
github.com/rombintu/goyametricsv2/internal/config/default.go:60.51,62.9 2 1
github.com/rombintu/goyametricsv2/internal/config/default.go:62.9,64.3 1 1
github.com/rombintu/goyametricsv2/internal/config/default.go:64.8,66.3 1 1
github.com/rombintu/goyametricsv2/internal/config/default.go:78.61,80.9 2 1
github.com/rombintu/goyametricsv2/internal/config/default.go:80.9,82.3 1 0
github.com/rombintu/goyametricsv2/internal/config/default.go:82.8,84.17 2 1
github.com/rombintu/goyametricsv2/internal/config/default.go:84.17,86.4 1 0
github.com/rombintu/goyametricsv2/internal/config/default.go:86.9,88.4 1 1
github.com/rombintu/goyametricsv2/internal/config/default.go:101.58,103.9 2 1
github.com/rombintu/goyametricsv2/internal/config/default.go:103.9,105.3 1 0
github.com/rombintu/goyametricsv2/internal/config/default.go:105.8,107.17 2 1
github.com/rombintu/goyametricsv2/internal/config/default.go:107.17,109.4 1 0
github.com/rombintu/goyametricsv2/internal/config/default.go:109.9,111.4 1 1
github.com/rombintu/goyametricsv2/internal/config/server.go:25.47,55.2 19 1
github.com/rombintu/goyametricsv2/internal/config/server.go:57.38,70.31 9 1
github.com/rombintu/goyametricsv2/internal/config/server.go:70.31,72.3 1 0
github.com/rombintu/goyametricsv2/internal/config/server.go:75.2,77.29 2 1
github.com/rombintu/goyametricsv2/internal/config/server.go:77.29,79.3 1 0
github.com/rombintu/goyametricsv2/internal/config/server.go:79.8,79.85 1 1
github.com/rombintu/goyametricsv2/internal/config/server.go:79.85,81.3 1 0
github.com/rombintu/goyametricsv2/internal/config/server.go:83.2,83.15 1 1
github.com/rombintu/goyametricsv2/internal/mocks/mock_storage.go:26.59,30.2 3 0
github.com/rombintu/goyametricsv2/internal/mocks/mock_storage.go:33.57,35.2 1 0
github.com/rombintu/goyametricsv2/internal/mocks/mock_storage.go:38.37,43.2 4 0
github.com/rombintu/goyametricsv2/internal/mocks/mock_storage.go:46.57,49.2 2 0
github.com/rombintu/goyametricsv2/internal/mocks/mock_storage.go:52.62,58.2 5 0
github.com/rombintu/goyametricsv2/internal/mocks/mock_storage.go:61.77,64.2 2 0
github.com/rombintu/goyametricsv2/internal/mocks/mock_storage.go:67.45,72.2 4 0
github.com/rombintu/goyametricsv2/internal/mocks/mock_storage.go:75.58,78.2 2 0
github.com/rombintu/goyametricsv2/internal/mocks/mock_storage.go:81.36,86.2 4 0
github.com/rombintu/goyametricsv2/internal/mocks/mock_storage.go:89.56,92.2 2 0
github.com/rombintu/goyametricsv2/internal/mocks/mock_storage.go:95.36,100.2 4 0
github.com/rombintu/goyametricsv2/internal/mocks/mock_storage.go:103.56,106.2 2 0
github.com/rombintu/goyametricsv2/internal/mocks/mock_storage.go:109.39,114.2 4 0
github.com/rombintu/goyametricsv2/internal/mocks/mock_storage.go:117.59,120.2 2 0
github.com/rombintu/goyametricsv2/internal/mocks/mock_storage.go:123.36,128.2 4 0
github.com/rombintu/goyametricsv2/internal/mocks/mock_storage.go:131.56,134.2 2 0
github.com/rombintu/goyametricsv2/internal/mocks/mock_storage.go:137.61,142.2 4 0
github.com/rombintu/goyametricsv2/internal/mocks/mock_storage.go:145.86,148.2 2 0
github.com/rombintu/goyametricsv2/internal/mocks/mock_storage.go:151.58,156.2 4 0
github.com/rombintu/goyametricsv2/internal/mocks/mock_storage.go:159.77,162.2 2 0
github.com/rombintu/goyametricsv2/internal/mocks/mock_storage.go:26.59,30.2 3 1
github.com/rombintu/goyametricsv2/internal/mocks/mock_storage.go:33.57,35.2 1 1
github.com/rombintu/goyametricsv2/internal/mocks/mock_storage.go:38.37,43.2 4 1
github.com/rombintu/goyametricsv2/internal/mocks/mock_storage.go:46.57,49.2 2 1
github.com/rombintu/goyametricsv2/internal/mocks/mock_storage.go:52.62,58.2 5 1
github.com/rombintu/goyametricsv2/internal/mocks/mock_storage.go:61.77,64.2 2 1
github.com/rombintu/goyametricsv2/internal/mocks/mock_storage.go:67.45,72.2 4 0
github.com/rombintu/goyametricsv2/internal/mocks/mock_storage.go:75.58,78.2 2 0
github.com/rombintu/goyametricsv2/internal/mocks/mock_storage.go:81.36,86.2 4 0
github.com/rombintu/goyametricsv2/internal/mocks/mock_storage.go:89.56,92.2 2 0
github.com/rombintu/goyametricsv2/internal/mocks/mock_storage.go:95.36,100.2 4 1
github.com/rombintu/goyametricsv2/internal/mocks/mock_storage.go:103.56,106.2 2 1
github.com/rombintu/goyametricsv2/internal/mocks/mock_storage.go:109.39,114.2 4 0
github.com/rombintu/goyametricsv2/internal/mocks/mock_storage.go:117.59,120.2 2 0
github.com/rombintu/goyametricsv2/internal/mocks/mock_storage.go:123.36,128.2 4 1
github.com/rombintu/goyametricsv2/internal/mocks/mock_storage.go:131.56,134.2 2 1
github.com/rombintu/goyametricsv2/internal/mocks/mock_storage.go:137.61,142.2 4 1
github.com/rombintu/goyametricsv2/internal/mocks/mock_storage.go:145.86,148.2 2 1
github.com/rombintu/goyametricsv2/internal/mocks/mock_storage.go:151.58,156.2 4 1
github.com/rombintu/goyametricsv2/internal/mocks/mock_storage.go:159.77,162.2 2 1
github.com/rombintu/goyametricsv2/internal/server/handlers.go:42.55,49.17 4 1
github.com/rombintu/goyametricsv2/internal/server/handlers.go:49.17,52.3 1 0
github.com/rombintu/goyametricsv2/internal/server/handlers.go:54.2,54.63 1 1
github.com/rombintu/goyametricsv2/internal/server/handlers.go:54.63,64.3 2 0
github.com/rombintu/goyametricsv2/internal/server/handlers.go:67.2,67.23 1 1
github.com/rombintu/goyametricsv2/internal/server/handlers.go:67.23,69.3 1 0
github.com/rombintu/goyametricsv2/internal/server/handlers.go:71.2,71.43 1 1
github.com/rombintu/goyametricsv2/internal/server/handlers.go:94.57,100.16 4 1
github.com/rombintu/goyametricsv2/internal/server/handlers.go:100.16,105.3 2 1
github.com/rombintu/goyametricsv2/internal/server/handlers.go:107.2,107.39 1 1
github.com/rombintu/goyametricsv2/internal/server/handlers.go:124.52,127.2 1 0
github.com/rombintu/goyametricsv2/internal/server/handlers.go:154.64,159.74 2 1
github.com/rombintu/goyametricsv2/internal/server/handlers.go:159.74,163.3 2 0
github.com/rombintu/goyametricsv2/internal/server/handlers.go:166.2,177.22 3 1
github.com/rombintu/goyametricsv2/internal/server/handlers.go:178.25,180.26 1 0
github.com/rombintu/goyametricsv2/internal/server/handlers.go:180.26,184.4 3 0
github.com/rombintu/goyametricsv2/internal/server/handlers.go:186.3,186.59 1 0
github.com/rombintu/goyametricsv2/internal/server/handlers.go:187.27,189.26 1 1
github.com/rombintu/goyametricsv2/internal/server/handlers.go:189.26,193.4 3 0
github.com/rombintu/goyametricsv2/internal/server/handlers.go:195.3,195.48 1 1
github.com/rombintu/goyametricsv2/internal/server/handlers.go:199.2,202.74 2 1
github.com/rombintu/goyametricsv2/internal/server/handlers.go:202.74,209.3 2 1
github.com/rombintu/goyametricsv2/internal/server/handlers.go:212.2,212.23 1 1
github.com/rombintu/goyametricsv2/internal/server/handlers.go:212.23,214.3 1 0
github.com/rombintu/goyametricsv2/internal/server/handlers.go:217.2,217.28 1 1
github.com/rombintu/goyametricsv2/internal/server/handlers.go:217.28,219.17 2 0
github.com/rombintu/goyametricsv2/internal/server/handlers.go:219.17,221.4 1 0
github.com/rombintu/goyametricsv2/internal/server/handlers.go:222.3,222.102 1 0
github.com/rombintu/goyametricsv2/internal/server/handlers.go:225.2,230.53 3 1
github.com/rombintu/goyametricsv2/internal/server/handlers.go:274.65,279.75 2 1
github.com/rombintu/goyametricsv2/internal/server/handlers.go:279.75,284.3 2 0
github.com/rombintu/goyametricsv2/internal/server/handlers.go:287.2,295.28 3 1
github.com/rombintu/goyametricsv2/internal/server/handlers.go:295.28,297.39 1 1
github.com/rombintu/goyametricsv2/internal/server/handlers.go:297.39,299.13 2 1
github.com/rombintu/goyametricsv2/internal/server/handlers.go:299.13,301.5 1 0
github.com/rombintu/goyametricsv2/internal/server/handlers.go:301.10,303.5 1 1
github.com/rombintu/goyametricsv2/internal/server/handlers.go:305.9,305.46 1 1
github.com/rombintu/goyametricsv2/internal/server/handlers.go:305.46,307.4 1 1
github.com/rombintu/goyametricsv2/internal/server/handlers.go:307.9,309.4 1 0
github.com/rombintu/goyametricsv2/internal/server/handlers.go:312.2,312.50 1 1
github.com/rombintu/goyametricsv2/internal/server/handlers.go:312.50,315.3 2 0
github.com/rombintu/goyametricsv2/internal/server/handlers.go:318.2,318.23 1 1
github.com/rombintu/goyametricsv2/internal/server/handlers.go:318.23,320.3 1 0
github.com/rombintu/goyametricsv2/internal/server/handlers.go:323.2,323.28 1 1
github.com/rombintu/goyametricsv2/internal/server/handlers.go:323.28,325.17 2 0
github.com/rombintu/goyametricsv2/internal/server/handlers.go:325.17,327.4 1 0
github.com/rombintu/goyametricsv2/internal/server/handlers.go:328.3,328.102 1 0
github.com/rombintu/goyametricsv2/internal/server/handlers.go:330.2,333.54 3 1
github.com/rombintu/goyametricsv2/internal/server/handlers.go:358.63,361.74 2 1
github.com/rombintu/goyametricsv2/internal/server/handlers.go:361.74,365.3 2 0
github.com/rombintu/goyametricsv2/internal/server/handlers.go:367.2,368.16 2 1
github.com/rombintu/goyametricsv2/internal/server/handlers.go:368.16,373.3 2 0
github.com/rombintu/goyametricsv2/internal/server/handlers.go:376.2,376.55 1 1
github.com/rombintu/goyametricsv2/internal/server/handlers.go:376.55,380.3 2 0
github.com/rombintu/goyametricsv2/internal/server/handlers.go:383.2,383.28 1 1
github.com/rombintu/goyametricsv2/internal/server/handlers.go:383.28,385.17 2 0
github.com/rombintu/goyametricsv2/internal/server/handlers.go:385.17,388.4 1 0
github.com/rombintu/goyametricsv2/internal/server/handlers.go:389.3,389.102 1 0
github.com/rombintu/goyametricsv2/internal/server/handlers.go:392.2,395.53 3 1
github.com/rombintu/goyametricsv2/internal/server/handlers.go:415.53,417.41 1 1
github.com/rombintu/goyametricsv2/internal/server/handlers.go:417.41,420.3 1 0
github.com/rombintu/goyametricsv2/internal/server/handlers.go:422.2,422.38 1 1
github.com/rombintu/goyametricsv2/internal/server/server.go:33.77,39.2 1 1
github.com/rombintu/goyametricsv2/internal/server/server.go:42.30,48.2 5 0
github.com/rombintu/goyametricsv2/internal/server/server.go:53.24,55.71 2 0
github.com/rombintu/goyametricsv2/internal/server/server.go:55.71,59.3 2 0
github.com/rombintu/goyametricsv2/internal/server/server.go:64.37,65.41 1 0
github.com/rombintu/goyametricsv2/internal/server/server.go:65.41,67.3 1 0
github.com/rombintu/goyametricsv2/internal/server/server.go:69.2,69.26 1 0
github.com/rombintu/goyametricsv2/internal/server/server.go:69.26,70.45 1 0
github.com/rombintu/goyametricsv2/internal/server/server.go:70.45,72.4 1 0
github.com/rombintu/goyametricsv2/internal/server/server.go:74.2,77.3 1 0
github.com/rombintu/goyametricsv2/internal/server/server.go:82.36,94.2 7 1
github.com/rombintu/goyametricsv2/internal/server/server.go:98.41,107.2 4 0
github.com/rombintu/goyametricsv2/internal/server/server.go:111.35,113.2 1 0
github.com/rombintu/goyametricsv2/internal/server/server.go:117.32,118.41 1 1
github.com/rombintu/goyametricsv2/internal/server/server.go:118.41,120.3 1 0
github.com/rombintu/goyametricsv2/internal/server/server.go:121.2,121.41 1 1
github.com/rombintu/goyametricsv2/internal/server/server.go:121.41,123.3 1 0
github.com/rombintu/goyametricsv2/internal/server/server.go:124.2,124.84 1 1
github.com/rombintu/goyametricsv2/internal/server/server.go:129.29,134.42 3 1
github.com/rombintu/goyametricsv2/internal/server/server.go:134.42,136.3 1 0
github.com/rombintu/goyametricsv2/internal/server/templates.go:34.93,36.2 1 0
github.com/rombintu/goyametricsv2/internal/server/templates.go:52.38,63.2 2 0
github.com/rombintu/goyametricsv2/lib/ptrhelper/ptrhelper.go:7.31,9.2 1 1
github.com/rombintu/goyametricsv2/lib/ptrhelper/ptrhelper.go:13.37,15.2 1 1
github.com/rombintu/goyametricsv2/lib/myparser/parser.go:15.45,17.2 1 1
github.com/rombintu/goyametricsv2/lib/myparser/parser.go:26.41,28.2 1 1
github.com/rombintu/goyametricsv2/lib/myhash/sha256.go:26.53,30.2 3 1
github.com/rombintu/goyametricsv2/lib/myhash/sha256.go:48.58,49.54 1 0
github.com/rombintu/goyametricsv2/lib/myhash/sha256.go:49.54,50.37 1 0
github.com/rombintu/goyametricsv2/lib/myhash/sha256.go:50.37,52.63 1 0
github.com/rombintu/goyametricsv2/lib/myhash/sha256.go:52.63,54.5 1 0
github.com/rombintu/goyametricsv2/lib/myhash/sha256.go:57.4,58.18 2 0
github.com/rombintu/goyametricsv2/lib/myhash/sha256.go:58.18,60.5 1 0
github.com/rombintu/goyametricsv2/lib/myhash/sha256.go:61.4,64.82 2 0
github.com/rombintu/goyametricsv2/lib/myhash/sha256.go:64.82,66.5 1 0
github.com/rombintu/goyametricsv2/lib/myhash/sha256.go:69.4,71.25 3 0
github.com/rombintu/goyametricsv2/lib/myhash/sha256.go:71.25,73.5 1 0
github.com/rombintu/goyametricsv2/lib/myhash/sha256.go:73.10,73.42 1 0
github.com/rombintu/goyametricsv2/lib/myhash/sha256.go:73.42,76.5 2 0
github.com/rombintu/goyametricsv2/lib/myhash/sha256.go:76.10,78.5 1 0
github.com/rombintu/goyametricsv2/lib/myhash/sha256.go:81.4,82.18 2 0
github.com/rombintu/goyametricsv2/lib/mygzip/gzip.go:33.61,35.52 1 1
github.com/rombintu/goyametricsv2/lib/mygzip/gzip.go:35.52,37.3 1 1
github.com/rombintu/goyametricsv2/lib/mygzip/gzip.go:39.2,39.28 1 1
github.com/rombintu/goyametricsv2/lib/mygzip/gzip.go:51.61,52.36 1 1
github.com/rombintu/goyametricsv2/lib/mygzip/gzip.go:52.36,55.52 2 1
github.com/rombintu/goyametricsv2/lib/mygzip/gzip.go:55.52,57.4 1 0
github.com/rombintu/goyametricsv2/lib/mygzip/gzip.go:60.3,61.52 2 1
github.com/rombintu/goyametricsv2/lib/mygzip/gzip.go:61.52,64.18 2 1
github.com/rombintu/goyametricsv2/lib/mygzip/gzip.go:64.18,66.5 1 0
github.com/rombintu/goyametricsv2/lib/mygzip/gzip.go:67.4,70.47 2 1
github.com/rombintu/goyametricsv2/lib/mygzip/gzip.go:74.3,88.33 6 1
github.com/rombintu/goyametricsv2/lib/mygzip/gzip.go:88.33,90.4 1 0
github.com/rombintu/goyametricsv2/lib/mygzip/gzip.go:93.3,93.44 1 1
github.com/rombintu/goyametricsv2/lib/mygzip/gzip.go:93.44,95.4 1 0
github.com/rombintu/goyametricsv2/lib/mygzip/gzip.go:97.3,97.13 1 1
github.com/rombintu/goyametricsv2/internal/storage/pgx_driver.go:31.99,34.2 2 1
github.com/rombintu/goyametricsv2/internal/storage/pgx_driver.go:36.95,39.2 2 1
github.com/rombintu/goyametricsv2/internal/storage/pgx_driver.go:41.84,44.2 2 0
github.com/rombintu/goyametricsv2/internal/storage/pgx_driver.go:46.44,51.2 1 1
github.com/rombintu/goyametricsv2/internal/storage/pgx_driver.go:53.34,55.16 2 1
github.com/rombintu/goyametricsv2/internal/storage/pgx_driver.go:55.16,57.3 1 0
github.com/rombintu/goyametricsv2/internal/storage/pgx_driver.go:58.2,62.29 4 1
github.com/rombintu/goyametricsv2/internal/storage/pgx_driver.go:62.29,63.41 1 1
github.com/rombintu/goyametricsv2/internal/storage/pgx_driver.go:63.41,65.9 2 1
github.com/rombintu/goyametricsv2/internal/storage/pgx_driver.go:67.3,68.45 2 0
github.com/rombintu/goyametricsv2/internal/storage/pgx_driver.go:70.2,70.9 1 1
github.com/rombintu/goyametricsv2/internal/storage/pgx_driver.go:70.9,72.3 1 0
github.com/rombintu/goyametricsv2/internal/storage/pgx_driver.go:74.2,75.16 2 1
github.com/rombintu/goyametricsv2/internal/storage/pgx_driver.go:75.16,77.3 1 0
github.com/rombintu/goyametricsv2/internal/storage/pgx_driver.go:78.2,78.12 1 1
github.com/rombintu/goyametricsv2/internal/storage/pgx_driver.go:81.35,84.2 2 1
github.com/rombintu/goyametricsv2/internal/storage/pgx_driver.go:86.34,88.2 1 1
github.com/rombintu/goyametricsv2/internal/storage/pgx_driver.go:90.34,92.2 1 1
github.com/rombintu/goyametricsv2/internal/storage/pgx_driver.go:94.37,96.2 1 1
github.com/rombintu/goyametricsv2/internal/storage/pgx_driver.go:98.61,100.15 2 0
github.com/rombintu/goyametricsv2/internal/storage/pgx_driver.go:101.19,107.4 1 0
github.com/rombintu/goyametricsv2/internal/storage/pgx_driver.go:108.17,114.4 1 0
github.com/rombintu/goyametricsv2/internal/storage/pgx_driver.go:116.2,117.12 2 0
github.com/rombintu/goyametricsv2/internal/storage/pgx_driver.go:120.62,121.32 1 0
github.com/rombintu/goyametricsv2/internal/storage/pgx_driver.go:121.32,123.3 1 0
github.com/rombintu/goyametricsv2/internal/storage/pgx_driver.go:124.2,129.16 4 0
github.com/rombintu/goyametricsv2/internal/storage/pgx_driver.go:129.16,131.3 1 0
github.com/rombintu/goyametricsv2/internal/storage/pgx_driver.go:132.2,132.16 1 0
github.com/rombintu/goyametricsv2/internal/storage/pgx_driver.go:132.16,134.3 1 0
github.com/rombintu/goyametricsv2/internal/storage/pgx_driver.go:135.2,135.36 1 0
github.com/rombintu/goyametricsv2/internal/storage/pgx_driver.go:139.35,142.16 3 1
github.com/rombintu/goyametricsv2/internal/storage/pgx_driver.go:142.16,145.3 2 0
github.com/rombintu/goyametricsv2/internal/storage/pgx_driver.go:146.2,150.18 4 1
github.com/rombintu/goyametricsv2/internal/storage/pgx_driver.go:150.18,152.59 2 1
github.com/rombintu/goyametricsv2/internal/storage/pgx_driver.go:152.59,155.4 2 0
github.com/rombintu/goyametricsv2/internal/storage/pgx_driver.go:156.3,156.16 1 1
github.com/rombintu/goyametricsv2/internal/storage/pgx_driver.go:157.20,159.65 2 1
github.com/rombintu/goyametricsv2/internal/storage/pgx_driver.go:159.65,161.13 2 0
github.com/rombintu/goyametricsv2/internal/storage/pgx_driver.go:163.4,163.27 1 1
github.com/rombintu/goyametricsv2/internal/storage/pgx_driver.go:164.18,166.63 2 1
github.com/rombintu/goyametricsv2/internal/storage/pgx_driver.go:166.63,168.13 2 0
github.com/rombintu/goyametricsv2/internal/storage/pgx_driver.go:170.4,170.25 1 1
github.com/rombintu/goyametricsv2/internal/storage/pgx_driver.go:173.2,174.16 2 1
github.com/rombintu/goyametricsv2/internal/storage/pgx_driver.go:174.16,176.3 1 0
github.com/rombintu/goyametricsv2/internal/storage/pgx_driver.go:177.2,179.13 3 1
github.com/rombintu/goyametricsv2/internal/storage/pgx_driver.go:182.48,186.67 4 0
github.com/rombintu/goyametricsv2/internal/storage/pgx_driver.go:186.67,188.3 1 0
github.com/rombintu/goyametricsv2/internal/storage/pgx_driver.go:189.2,189.63 1 0
github.com/rombintu/goyametricsv2/internal/storage/pgx_driver.go:189.63,191.3 1 0
github.com/rombintu/goyametricsv2/internal/storage/pgx_driver.go:192.2,192.12 1 0
github.com/rombintu/goyametricsv2/internal/storage/pgx_driver.go:195.89,197.16 2 0
github.com/rombintu/goyametricsv2/internal/storage/pgx_driver.go:197.16,199.3 1 0
github.com/rombintu/goyametricsv2/internal/storage/pgx_driver.go:200.2,203.15 3 0
github.com/rombintu/goyametricsv2/internal/storage/pgx_driver.go:204.19,210.4 1 0
github.com/rombintu/goyametricsv2/internal/storage/pgx_driver.go:211.17,217.4 1 0
github.com/rombintu/goyametricsv2/internal/storage/pgx_driver.go:218.10,219.43 1 0
github.com/rombintu/goyametricsv2/internal/storage/pgx_driver.go:223.2,224.31 2 0
github.com/rombintu/goyametricsv2/internal/storage/pgx_driver.go:224.31,226.17 2 0
github.com/rombintu/goyametricsv2/internal/storage/pgx_driver.go:226.17,228.4 1 0
github.com/rombintu/goyametricsv2/internal/storage/pgx_driver.go:230.2,231.29 2 0
github.com/rombintu/goyametricsv2/internal/storage/pgx_driver.go:234.42,244.2 2 1
github.com/rombintu/goyametricsv2/internal/storage/storage.go:64.63,66.21 2 0
github.com/rombintu/goyametricsv2/internal/storage/storage.go:67.17,68.36 1 0
github.com/rombintu/goyametricsv2/internal/storage/storage.go:69.18,70.36 1 0
github.com/rombintu/goyametricsv2/internal/storage/storage.go:71.10,72.34 1 0
github.com/rombintu/goyametricsv2/internal/storage/storage.go:74.2,74.16 1 0
github.com/rombintu/goyametricsv2/internal/storage/tmp_driver.go:30.48,35.2 1 0
github.com/rombintu/goyametricsv2/internal/storage/tmp_driver.go:37.34,45.2 4 1
github.com/rombintu/goyametricsv2/internal/storage/tmp_driver.go:47.35,50.2 2 1
github.com/rombintu/goyametricsv2/internal/storage/tmp_driver.go:52.34,54.2 1 1
github.com/rombintu/goyametricsv2/internal/storage/tmp_driver.go:56.69,57.15 1 1
github.com/rombintu/goyametricsv2/internal/storage/tmp_driver.go:58.17,60.17 2 0
github.com/rombintu/goyametricsv2/internal/storage/tmp_driver.go:60.17,62.4 1 0
github.com/rombintu/goyametricsv2/internal/storage/tmp_driver.go:63.3,63.30 1 0
github.com/rombintu/goyametricsv2/internal/storage/tmp_driver.go:64.19,66.17 2 1
github.com/rombintu/goyametricsv2/internal/storage/tmp_driver.go:66.17,68.4 1 0
github.com/rombintu/goyametricsv2/internal/storage/tmp_driver.go:69.3,69.32 1 1
github.com/rombintu/goyametricsv2/internal/storage/tmp_driver.go:70.10,71.43 1 0
github.com/rombintu/goyametricsv2/internal/storage/tmp_driver.go:73.2,73.12 1 1
github.com/rombintu/goyametricsv2/internal/storage/tmp_driver.go:76.62,77.15 1 1
github.com/rombintu/goyametricsv2/internal/storage/tmp_driver.go:78.17,80.10 2 0
github.com/rombintu/goyametricsv2/internal/storage/tmp_driver.go:80.10,82.4 1 0
github.com/rombintu/goyametricsv2/internal/storage/tmp_driver.go:83.3,83.54 1 0
github.com/rombintu/goyametricsv2/internal/storage/tmp_driver.go:84.19,86.10 2 1
github.com/rombintu/goyametricsv2/internal/storage/tmp_driver.go:86.10,88.4 1 1
github.com/rombintu/goyametricsv2/internal/storage/tmp_driver.go:89.3,89.43 1 1
github.com/rombintu/goyametricsv2/internal/storage/tmp_driver.go:91.2,91.46 1 0
github.com/rombintu/goyametricsv2/internal/storage/tmp_driver.go:94.58,96.9 2 1
github.com/rombintu/goyametricsv2/internal/storage/tmp_driver.go:96.9,98.3 1 1
github.com/rombintu/goyametricsv2/internal/storage/tmp_driver.go:99.2,99.20 1 1
github.com/rombintu/goyametricsv2/internal/storage/tmp_driver.go:102.58,104.9 2 1
github.com/rombintu/goyametricsv2/internal/storage/tmp_driver.go:104.9,106.3 1 1
github.com/rombintu/goyametricsv2/internal/storage/tmp_driver.go:107.2,107.20 1 1
github.com/rombintu/goyametricsv2/internal/storage/tmp_driver.go:110.60,112.2 1 1
github.com/rombintu/goyametricsv2/internal/storage/tmp_driver.go:114.60,116.12 2 1
github.com/rombintu/goyametricsv2/internal/storage/tmp_driver.go:116.12,119.3 2 1
github.com/rombintu/goyametricsv2/internal/storage/tmp_driver.go:120.2,120.41 1 0
github.com/rombintu/goyametricsv2/internal/storage/tmp_driver.go:123.35,125.2 1 1
github.com/rombintu/goyametricsv2/internal/storage/tmp_driver.go:127.48,128.34 1 1
github.com/rombintu/goyametricsv2/internal/storage/tmp_driver.go:128.34,130.3 1 0
github.com/rombintu/goyametricsv2/internal/storage/tmp_driver.go:131.2,131.32 1 1
github.com/rombintu/goyametricsv2/internal/storage/tmp_driver.go:131.32,133.3 1 0
github.com/rombintu/goyametricsv2/internal/storage/tmp_driver.go:134.2,134.12 1 1
github.com/rombintu/goyametricsv2/internal/storage/tmp_driver.go:137.34,139.28 1 1
github.com/rombintu/goyametricsv2/internal/storage/tmp_driver.go:139.28,141.3 1 0
github.com/rombintu/goyametricsv2/internal/storage/tmp_driver.go:143.2,144.16 2 1
github.com/rombintu/goyametricsv2/internal/storage/tmp_driver.go:144.16,146.3 1 0
github.com/rombintu/goyametricsv2/internal/storage/tmp_driver.go:147.2,149.16 3 1
github.com/rombintu/goyametricsv2/internal/storage/tmp_driver.go:149.16,151.3 1 0
github.com/rombintu/goyametricsv2/internal/storage/tmp_driver.go:152.2,153.16 2 1
github.com/rombintu/goyametricsv2/internal/storage/tmp_driver.go:153.16,155.3 1 0
github.com/rombintu/goyametricsv2/internal/storage/tmp_driver.go:156.2,156.12 1 1
github.com/rombintu/goyametricsv2/internal/storage/tmp_driver.go:159.37,161.28 1 1
github.com/rombintu/goyametricsv2/internal/storage/tmp_driver.go:161.28,163.3 1 0
github.com/rombintu/goyametricsv2/internal/storage/tmp_driver.go:165.2,165.68 1 1
github.com/rombintu/goyametricsv2/internal/storage/tmp_driver.go:165.68,168.3 2 0
github.com/rombintu/goyametricsv2/internal/storage/tmp_driver.go:169.2,170.16 2 1
github.com/rombintu/goyametricsv2/internal/storage/tmp_driver.go:170.16,172.3 1 0
github.com/rombintu/goyametricsv2/internal/storage/tmp_driver.go:173.2,175.16 3 1
github.com/rombintu/goyametricsv2/internal/storage/tmp_driver.go:175.16,178.3 2 0
github.com/rombintu/goyametricsv2/internal/storage/tmp_driver.go:180.2,180.26 1 1
github.com/rombintu/goyametricsv2/internal/storage/tmp_driver.go:180.26,183.3 2 0
github.com/rombintu/goyametricsv2/internal/storage/tmp_driver.go:185.2,186.16 2 1
github.com/rombintu/goyametricsv2/internal/storage/tmp_driver.go:186.16,189.3 2 0
github.com/rombintu/goyametricsv2/internal/storage/tmp_driver.go:191.2,192.16 2 1
github.com/rombintu/goyametricsv2/internal/storage/tmp_driver.go:192.16,195.3 2 0
github.com/rombintu/goyametricsv2/internal/storage/tmp_driver.go:196.2,196.12 1 1
github.com/rombintu/goyametricsv2/internal/storage/tools.go:9.47,11.27 2 1
github.com/rombintu/goyametricsv2/internal/storage/tools.go:11.27,13.3 1 1
github.com/rombintu/goyametricsv2/internal/storage/tools.go:14.2,14.15 1 1
github.com/rombintu/goyametricsv2/internal/storage/tools.go:17.43,19.27 2 1
github.com/rombintu/goyametricsv2/internal/storage/tools.go:19.27,21.3 1 1
github.com/rombintu/goyametricsv2/internal/storage/tools.go:22.2,22.15 1 1
github.com/rombintu/goyametricsv2/lib/patterns/semaphore.go:18.44,22.2 1 1
github.com/rombintu/goyametricsv2/lib/patterns/semaphore.go:26.31,28.2 1 1
github.com/rombintu/goyametricsv2/lib/patterns/semaphore.go:32.31,34.2 1 1
