mode: set
github.com/rombintu/goyametricsv2/cmd/staticlint/main.go:35.13,66.42 3 0
github.com/rombintu/goyametricsv2/cmd/staticlint/main.go:66.42,68.3 1 0
github.com/rombintu/goyametricsv2/cmd/staticlint/main.go:71.2,85.33 4 0
github.com/rombintu/goyametricsv2/cmd/server/main.go:25.13,30.70 2 0
github.com/rombintu/goyametricsv2/cmd/server/main.go:30.70,32.3 1 0
github.com/rombintu/goyametricsv2/cmd/server/main.go:35.2,35.31 1 0
github.com/rombintu/goyametricsv2/cmd/server/main.go:35.31,37.3 1 0
github.com/rombintu/goyametricsv2/cmd/server/main.go:40.2,55.46 7 0
github.com/rombintu/goyametricsv2/cmd/server/main.go:55.46,56.13 1 0
github.com/rombintu/goyametricsv2/cmd/server/main.go:56.13,60.8 3 0
github.com/rombintu/goyametricsv2/cmd/server/main.go:60.8,61.12 1 0
github.com/rombintu/goyametricsv2/cmd/server/main.go:62.21,63.26 1 0
github.com/rombintu/goyametricsv2/cmd/server/main.go:64.17,66.12 2 0
github.com/rombintu/goyametricsv2/cmd/server/main.go:73.2,84.65 6 0
github.com/rombintu/goyametricsv2/internal/mocks/mock_storage.go:26.59,30.2 3 0
github.com/rombintu/goyametricsv2/internal/mocks/mock_storage.go:33.57,35.2 1 0
github.com/rombintu/goyametricsv2/internal/mocks/mock_storage.go:38.37,43.2 4 0
github.com/rombintu/goyametricsv2/internal/mocks/mock_storage.go:46.57,49.2 2 0
github.com/rombintu/goyametricsv2/internal/mocks/mock_storage.go:52.62,58.2 5 0
github.com/rombintu/goyametricsv2/internal/mocks/mock_storage.go:61.77,64.2 2 0
github.com/rombintu/goyametricsv2/internal/mocks/mock_storage.go:67.45,72.2 4 0
github.com/rombintu/goyametricsv2/internal/mocks/mock_storage.go:75.58,78.2 2 0
github.com/rombintu/goyametricsv2/internal/mocks/mock_storage.go:81.36,86.2 4 0
github.com/rombintu/goyametricsv2/internal/mocks/mock_storage.go:89.56,92.2 2 0
github.com/rombintu/goyametricsv2/internal/mocks/mock_storage.go:95.36,100.2 4 0
github.com/rombintu/goyametricsv2/internal/mocks/mock_storage.go:103.56,106.2 2 0
github.com/rombintu/goyametricsv2/internal/mocks/mock_storage.go:109.39,114.2 4 0
github.com/rombintu/goyametricsv2/internal/mocks/mock_storage.go:117.59,120.2 2 0
github.com/rombintu/goyametricsv2/internal/mocks/mock_storage.go:123.36,128.2 4 0
github.com/rombintu/goyametricsv2/internal/mocks/mock_storage.go:131.56,134.2 2 0
github.com/rombintu/goyametricsv2/internal/mocks/mock_storage.go:137.61,142.2 4 0
github.com/rombintu/goyametricsv2/internal/mocks/mock_storage.go:145.86,148.2 2 0
github.com/rombintu/goyametricsv2/internal/mocks/mock_storage.go:151.58,156.2 4 0
github.com/rombintu/goyametricsv2/internal/mocks/mock_storage.go:159.77,162.2 2 0
github.com/rombintu/goyametricsv2/internal/models/models.go:28.57,30.17 1 1
github.com/rombintu/goyametricsv2/internal/models/models.go:31.25,33.17 2 0
github.com/rombintu/goyametricsv2/internal/models/models.go:33.17,35.4 1 0
github.com/rombintu/goyametricsv2/internal/models/models.go:36.3,36.19 1 0
github.com/rombintu/goyametricsv2/internal/models/models.go:37.27,39.17 2 1
github.com/rombintu/goyametricsv2/internal/models/models.go:39.17,41.4 1 1
github.com/rombintu/goyametricsv2/internal/models/models.go:42.3,42.19 1 1
github.com/rombintu/goyametricsv2/internal/models/models.go:44.2,44.12 1 1
github.com/rombintu/goyametricsv2/internal/models/models.go:51.41,53.2 1 1
github.com/rombintu/goyametricsv2/internal/models/models.go:59.43,61.2 1 1
github.com/rombintu/goyametricsv2/internal/config/agent.go:26.45,47.2 17 1
github.com/rombintu/goyametricsv2/internal/config/agent.go:50.36,57.33 5 1
github.com/rombintu/goyametricsv2/internal/config/agent.go:57.33,60.17 3 0
github.com/rombintu/goyametricsv2/internal/config/agent.go:60.17,62.4 1 0
github.com/rombintu/goyametricsv2/internal/config/agent.go:67.2,75.15 7 1
github.com/rombintu/goyametricsv2/internal/config/agent.go:78.74,83.16 3 1
github.com/rombintu/goyametricsv2/internal/config/agent.go:83.16,85.3 1 1
github.com/rombintu/goyametricsv2/internal/config/agent.go:88.2,89.16 2 1
github.com/rombintu/goyametricsv2/internal/config/agent.go:89.16,91.3 1 0
github.com/rombintu/goyametricsv2/internal/config/agent.go:93.2,93.23 1 1
github.com/rombintu/goyametricsv2/internal/config/default.go:55.65,58.23 2 1
github.com/rombintu/goyametricsv2/internal/config/default.go:58.23,64.31 3 1
github.com/rombintu/goyametricsv2/internal/config/default.go:65.23,66.75 1 1
github.com/rombintu/goyametricsv2/internal/config/default.go:67.22,69.18 2 1
github.com/rombintu/goyametricsv2/internal/config/default.go:69.18,71.5 1 0
github.com/rombintu/goyametricsv2/internal/config/default.go:72.4,72.78 1 1
github.com/rombintu/goyametricsv2/internal/config/default.go:73.21,75.18 2 1
github.com/rombintu/goyametricsv2/internal/config/default.go:75.18,77.5 1 0
github.com/rombintu/goyametricsv2/internal/config/default.go:78.4,78.79 1 1
github.com/rombintu/goyametricsv2/internal/config/default.go:79.11,80.20 1 0
github.com/rombintu/goyametricsv2/internal/config/default.go:85.2,85.42 1 1
github.com/rombintu/goyametricsv2/internal/config/default.go:85.42,87.3 1 0
github.com/rombintu/goyametricsv2/internal/config/default.go:90.2,90.17 1 1
github.com/rombintu/goyametricsv2/internal/config/server.go:36.47,74.2 23 1
github.com/rombintu/goyametricsv2/internal/config/server.go:76.38,83.33 5 1
github.com/rombintu/goyametricsv2/internal/config/server.go:83.33,86.17 3 1
github.com/rombintu/goyametricsv2/internal/config/server.go:86.17,88.4 1 1
github.com/rombintu/goyametricsv2/internal/config/server.go:91.2,101.31 7 1
github.com/rombintu/goyametricsv2/internal/config/server.go:101.31,103.3 1 0
github.com/rombintu/goyametricsv2/internal/config/server.go:106.2,108.29 2 1
github.com/rombintu/goyametricsv2/internal/config/server.go:108.29,110.3 1 0
github.com/rombintu/goyametricsv2/internal/config/server.go:110.8,110.85 1 1
github.com/rombintu/goyametricsv2/internal/config/server.go:110.85,112.3 1 0
github.com/rombintu/goyametricsv2/internal/config/server.go:115.2,117.15 2 1
github.com/rombintu/goyametricsv2/internal/config/server.go:120.76,125.16 3 1
github.com/rombintu/goyametricsv2/internal/config/server.go:125.16,127.3 1 1
github.com/rombintu/goyametricsv2/internal/config/server.go:131.2,132.16 2 1
github.com/rombintu/goyametricsv2/internal/config/server.go:132.16,134.3 1 0
github.com/rombintu/goyametricsv2/internal/config/server.go:136.2,136.23 1 1
github.com/rombintu/goyametricsv2/internal/config/server.go:139.57,148.51 3 1
github.com/rombintu/goyametricsv2/internal/config/server.go:148.51,150.3 1 0
github.com/rombintu/goyametricsv2/internal/config/server.go:153.2,153.29 1 1
github.com/rombintu/goyametricsv2/internal/config/server.go:153.29,155.3 1 0
github.com/rombintu/goyametricsv2/internal/config/server.go:158.2,160.23 3 1
github.com/rombintu/goyametricsv2/internal/config/server.go:160.23,162.3 1 0
github.com/rombintu/goyametricsv2/internal/config/server.go:165.2,166.16 2 1
github.com/rombintu/goyametricsv2/internal/config/server.go:166.16,168.3 1 0
github.com/rombintu/goyametricsv2/internal/config/server.go:171.2,172.14 2 1
github.com/rombintu/goyametricsv2/internal/config/server.go:173.11,173.11 0 1
github.com/rombintu/goyametricsv2/internal/config/server.go:175.11,176.14 1 0
github.com/rombintu/goyametricsv2/internal/config/server.go:177.11,178.16 1 0
github.com/rombintu/goyametricsv2/internal/config/server.go:179.10,180.64 1 0
github.com/rombintu/goyametricsv2/internal/config/server.go:184.2,186.12 2 1
github.com/rombintu/goyametricsv2/internal/logger/logger.go:34.42,37.14 3 1
github.com/rombintu/goyametricsv2/internal/logger/logger.go:38.16,41.17 3 1
github.com/rombintu/goyametricsv2/internal/logger/logger.go:41.17,43.4 1 0
github.com/rombintu/goyametricsv2/internal/logger/logger.go:44.10,47.17 3 1
github.com/rombintu/goyametricsv2/internal/logger/logger.go:47.17,49.4 1 0
github.com/rombintu/goyametricsv2/internal/logger/logger.go:53.2,56.16 3 1
github.com/rombintu/goyametricsv2/internal/logger/logger.go:56.16,58.3 1 0
github.com/rombintu/goyametricsv2/internal/logger/logger.go:59.2,63.12 3 1
github.com/rombintu/goyametricsv2/internal/logger/logger.go:68.60,69.36 1 1
github.com/rombintu/goyametricsv2/internal/logger/logger.go:69.36,72.17 3 1
github.com/rombintu/goyametricsv2/internal/logger/logger.go:72.17,74.4 1 0
github.com/rombintu/goyametricsv2/internal/logger/logger.go:75.3,99.13 6 1
github.com/rombintu/goyametricsv2/internal/logger/logger.go:103.36,104.15 1 1
github.com/rombintu/goyametricsv2/internal/logger/logger.go:104.15,106.3 1 1
github.com/rombintu/goyametricsv2/internal/logger/logger.go:107.2,107.12 1 1
github.com/rombintu/goyametricsv2/internal/logger/logger.go:110.49,118.2 6 1
github.com/rombintu/goyametricsv2/lib/common/common.go:10.41,11.53 1 1
github.com/rombintu/goyametricsv2/lib/common/common.go:11.53,13.3 1 1
github.com/rombintu/goyametricsv2/lib/common/common.go:14.2,14.13 1 1
github.com/rombintu/goyametricsv2/lib/common/common.go:19.54,21.2 1 1
github.com/rombintu/goyametricsv2/internal/mocks/mock_storage.go:26.59,30.2 3 1
github.com/rombintu/goyametricsv2/internal/mocks/mock_storage.go:33.57,35.2 1 1
github.com/rombintu/goyametricsv2/internal/mocks/mock_storage.go:38.37,43.2 4 1
github.com/rombintu/goyametricsv2/internal/mocks/mock_storage.go:46.57,49.2 2 1
github.com/rombintu/goyametricsv2/internal/mocks/mock_storage.go:52.62,58.2 5 1
github.com/rombintu/goyametricsv2/internal/mocks/mock_storage.go:61.77,64.2 2 1
github.com/rombintu/goyametricsv2/internal/mocks/mock_storage.go:67.45,72.2 4 0
github.com/rombintu/goyametricsv2/internal/mocks/mock_storage.go:75.58,78.2 2 0
github.com/rombintu/goyametricsv2/internal/mocks/mock_storage.go:81.36,86.2 4 1
github.com/rombintu/goyametricsv2/internal/mocks/mock_storage.go:89.56,92.2 2 1
github.com/rombintu/goyametricsv2/internal/mocks/mock_storage.go:95.36,100.2 4 1
github.com/rombintu/goyametricsv2/internal/mocks/mock_storage.go:103.56,106.2 2 1
github.com/rombintu/goyametricsv2/internal/mocks/mock_storage.go:109.39,114.2 4 0
github.com/rombintu/goyametricsv2/internal/mocks/mock_storage.go:117.59,120.2 2 0
github.com/rombintu/goyametricsv2/internal/mocks/mock_storage.go:123.36,128.2 4 1
github.com/rombintu/goyametricsv2/internal/mocks/mock_storage.go:131.56,134.2 2 1
github.com/rombintu/goyametricsv2/internal/mocks/mock_storage.go:137.61,142.2 4 1
github.com/rombintu/goyametricsv2/internal/mocks/mock_storage.go:145.86,148.2 2 1
github.com/rombintu/goyametricsv2/internal/mocks/mock_storage.go:151.58,156.2 4 1
github.com/rombintu/goyametricsv2/internal/mocks/mock_storage.go:159.77,162.2 2 1
github.com/rombintu/goyametricsv2/internal/server/handlers.go:42.55,49.17 4 1
github.com/rombintu/goyametricsv2/internal/server/handlers.go:49.17,52.3 1 0
github.com/rombintu/goyametricsv2/internal/server/handlers.go:54.2,54.63 1 1
github.com/rombintu/goyametricsv2/internal/server/handlers.go:54.63,64.3 2 0
github.com/rombintu/goyametricsv2/internal/server/handlers.go:67.2,67.23 1 1
github.com/rombintu/goyametricsv2/internal/server/handlers.go:67.23,69.3 1 0
github.com/rombintu/goyametricsv2/internal/server/handlers.go:71.2,71.43 1 1
github.com/rombintu/goyametricsv2/internal/server/handlers.go:94.57,100.16 4 1
github.com/rombintu/goyametricsv2/internal/server/handlers.go:100.16,105.3 2 1
github.com/rombintu/goyametricsv2/internal/server/handlers.go:107.2,107.39 1 1
github.com/rombintu/goyametricsv2/internal/server/handlers.go:124.52,127.2 1 0
github.com/rombintu/goyametricsv2/internal/server/handlers.go:154.64,159.74 2 1
github.com/rombintu/goyametricsv2/internal/server/handlers.go:159.74,163.3 2 0
github.com/rombintu/goyametricsv2/internal/server/handlers.go:166.2,177.22 3 1
github.com/rombintu/goyametricsv2/internal/server/handlers.go:178.25,180.26 1 0
github.com/rombintu/goyametricsv2/internal/server/handlers.go:180.26,184.4 3 0
github.com/rombintu/goyametricsv2/internal/server/handlers.go:186.3,186.59 1 0
github.com/rombintu/goyametricsv2/internal/server/handlers.go:187.27,189.26 1 1
github.com/rombintu/goyametricsv2/internal/server/handlers.go:189.26,193.4 3 0
github.com/rombintu/goyametricsv2/internal/server/handlers.go:195.3,195.48 1 1
github.com/rombintu/goyametricsv2/internal/server/handlers.go:199.2,202.74 2 1
github.com/rombintu/goyametricsv2/internal/server/handlers.go:202.74,209.3 2 1
github.com/rombintu/goyametricsv2/internal/server/handlers.go:212.2,212.23 1 1
github.com/rombintu/goyametricsv2/internal/server/handlers.go:212.23,214.3 1 0
github.com/rombintu/goyametricsv2/internal/server/handlers.go:217.2,217.28 1 1
github.com/rombintu/goyametricsv2/internal/server/handlers.go:217.28,219.17 2 0
github.com/rombintu/goyametricsv2/internal/server/handlers.go:219.17,221.4 1 0
github.com/rombintu/goyametricsv2/internal/server/handlers.go:222.3,222.102 1 0
github.com/rombintu/goyametricsv2/internal/server/handlers.go:225.2,230.53 3 1
github.com/rombintu/goyametricsv2/internal/server/handlers.go:274.65,279.75 2 1
github.com/rombintu/goyametricsv2/internal/server/handlers.go:279.75,284.3 2 0
github.com/rombintu/goyametricsv2/internal/server/handlers.go:287.2,295.28 3 1
github.com/rombintu/goyametricsv2/internal/server/handlers.go:295.28,297.39 1 1
github.com/rombintu/goyametricsv2/internal/server/handlers.go:297.39,299.13 2 1
github.com/rombintu/goyametricsv2/internal/server/handlers.go:299.13,301.5 1 0
github.com/rombintu/goyametricsv2/internal/server/handlers.go:301.10,303.5 1 1
github.com/rombintu/goyametricsv2/internal/server/handlers.go:305.9,305.46 1 1
github.com/rombintu/goyametricsv2/internal/server/handlers.go:305.46,307.4 1 1
github.com/rombintu/goyametricsv2/internal/server/handlers.go:307.9,309.4 1 0
github.com/rombintu/goyametricsv2/internal/server/handlers.go:312.2,312.50 1 1
github.com/rombintu/goyametricsv2/internal/server/handlers.go:312.50,315.3 2 0
github.com/rombintu/goyametricsv2/internal/server/handlers.go:318.2,318.23 1 1
github.com/rombintu/goyametricsv2/internal/server/handlers.go:318.23,320.3 1 0
github.com/rombintu/goyametricsv2/internal/server/handlers.go:323.2,323.28 1 1
github.com/rombintu/goyametricsv2/internal/server/handlers.go:323.28,325.17 2 0
github.com/rombintu/goyametricsv2/internal/server/handlers.go:325.17,327.4 1 0
github.com/rombintu/goyametricsv2/internal/server/handlers.go:328.3,328.102 1 0
github.com/rombintu/goyametricsv2/internal/server/handlers.go:330.2,333.54 3 1
github.com/rombintu/goyametricsv2/internal/server/handlers.go:358.63,361.74 2 1
github.com/rombintu/goyametricsv2/internal/server/handlers.go:361.74,365.3 2 0
github.com/rombintu/goyametricsv2/internal/server/handlers.go:367.2,368.16 2 1
github.com/rombintu/goyametricsv2/internal/server/handlers.go:368.16,373.3 2 0
github.com/rombintu/goyametricsv2/internal/server/handlers.go:376.2,376.55 1 1
github.com/rombintu/goyametricsv2/internal/server/handlers.go:376.55,380.3 2 0
github.com/rombintu/goyametricsv2/internal/server/handlers.go:383.2,383.28 1 1
github.com/rombintu/goyametricsv2/internal/server/handlers.go:383.28,385.17 2 0
github.com/rombintu/goyametricsv2/internal/server/handlers.go:385.17,388.4 1 0
github.com/rombintu/goyametricsv2/internal/server/handlers.go:389.3,389.102 1 0
github.com/rombintu/goyametricsv2/internal/server/handlers.go:392.2,395.53 3 1
github.com/rombintu/goyametricsv2/internal/server/handlers.go:415.53,417.41 1 1
github.com/rombintu/goyametricsv2/internal/server/handlers.go:417.41,420.3 1 0
github.com/rombintu/goyametricsv2/internal/server/handlers.go:422.2,422.38 1 1
github.com/rombintu/goyametricsv2/internal/server/server.go:40.77,46.2 1 1
github.com/rombintu/goyametricsv2/internal/server/server.go:49.30,56.2 6 0
github.com/rombintu/goyametricsv2/internal/server/server.go:61.24,63.71 2 0
github.com/rombintu/goyametricsv2/internal/server/server.go:63.71,67.3 2 0
github.com/rombintu/goyametricsv2/internal/server/server.go:72.37,73.41 1 1
github.com/rombintu/goyametricsv2/internal/server/server.go:73.41,75.3 1 0
github.com/rombintu/goyametricsv2/internal/server/server.go:77.2,77.26 1 1
github.com/rombintu/goyametricsv2/internal/server/server.go:77.26,78.45 1 0
github.com/rombintu/goyametricsv2/internal/server/server.go:78.45,80.4 1 0
github.com/rombintu/goyametricsv2/internal/server/server.go:82.2,85.3 1 1
github.com/rombintu/goyametricsv2/internal/server/server.go:90.36,102.2 7 1
github.com/rombintu/goyametricsv2/internal/server/server.go:106.41,110.25 2 1
github.com/rombintu/goyametricsv2/internal/server/server.go:110.25,112.3 1 0
github.com/rombintu/goyametricsv2/internal/server/server.go:114.2,120.60 3 1
github.com/rombintu/goyametricsv2/internal/server/server.go:126.35,128.2 1 1
github.com/rombintu/goyametricsv2/internal/server/server.go:130.36,132.25 1 1
github.com/rombintu/goyametricsv2/internal/server/server.go:132.25,134.56 1 0
github.com/rombintu/goyametricsv2/internal/server/server.go:134.56,138.18 4 0
github.com/rombintu/goyametricsv2/internal/server/server.go:138.18,142.19 3 0
github.com/rombintu/goyametricsv2/internal/server/server.go:142.19,144.6 1 0
github.com/rombintu/goyametricsv2/internal/server/server.go:147.4,147.45 1 0
github.com/rombintu/goyametricsv2/internal/server/server.go:149.8,151.3 1 1
github.com/rombintu/goyametricsv2/internal/server/server.go:156.32,157.41 1 1
github.com/rombintu/goyametricsv2/internal/server/server.go:157.41,159.3 1 0
github.com/rombintu/goyametricsv2/internal/server/server.go:160.2,160.41 1 1
github.com/rombintu/goyametricsv2/internal/server/server.go:160.41,162.3 1 0
github.com/rombintu/goyametricsv2/internal/server/server.go:163.2,163.84 1 1
github.com/rombintu/goyametricsv2/internal/server/server.go:168.29,173.42 3 1
github.com/rombintu/goyametricsv2/internal/server/server.go:173.42,175.3 1 0
github.com/rombintu/goyametricsv2/internal/server/templates.go:35.93,37.2 1 1
github.com/rombintu/goyametricsv2/internal/server/templates.go:53.58,54.25 1 1
github.com/rombintu/goyametricsv2/internal/server/templates.go:54.25,62.3 2 0
github.com/rombintu/goyametricsv2/internal/server/templates.go:63.2,68.23 2 1
github.com/rombintu/goyametricsv2/cmd/staticlint/noosexit/noosexit_analyzer.go:22.60,29.48 3 1
github.com/rombintu/goyametricsv2/cmd/staticlint/noosexit/noosexit_analyzer.go:29.48,31.10 2 1
github.com/rombintu/goyametricsv2/cmd/staticlint/noosexit/noosexit_analyzer.go:31.10,33.4 1 0
github.com/rombintu/goyametricsv2/cmd/staticlint/noosexit/noosexit_analyzer.go:36.3,36.33 1 1
github.com/rombintu/goyametricsv2/cmd/staticlint/noosexit/noosexit_analyzer.go:36.33,38.4 1 0
github.com/rombintu/goyametricsv2/cmd/staticlint/noosexit/noosexit_analyzer.go:41.3,41.76 1 1
github.com/rombintu/goyametricsv2/cmd/staticlint/noosexit/noosexit_analyzer.go:41.76,43.4 1 0
github.com/rombintu/goyametricsv2/cmd/staticlint/noosexit/noosexit_analyzer.go:46.3,46.32 1 1
github.com/rombintu/goyametricsv2/cmd/staticlint/noosexit/noosexit_analyzer.go:46.32,48.4 1 0
github.com/rombintu/goyametricsv2/cmd/staticlint/noosexit/noosexit_analyzer.go:51.3,51.35 1 1
github.com/rombintu/goyametricsv2/cmd/staticlint/noosexit/noosexit_analyzer.go:51.35,53.43 2 1
github.com/rombintu/goyametricsv2/cmd/staticlint/noosexit/noosexit_analyzer.go:53.43,54.13 1 0
github.com/rombintu/goyametricsv2/cmd/staticlint/noosexit/noosexit_analyzer.go:58.4,58.53 1 1
github.com/rombintu/goyametricsv2/cmd/staticlint/noosexit/noosexit_analyzer.go:58.53,60.12 2 1
github.com/rombintu/goyametricsv2/cmd/staticlint/noosexit/noosexit_analyzer.go:60.12,62.6 1 1
github.com/rombintu/goyametricsv2/cmd/staticlint/noosexit/noosexit_analyzer.go:64.5,65.12 2 0
github.com/rombintu/goyametricsv2/cmd/staticlint/noosexit/noosexit_analyzer.go:65.12,67.6 1 0
github.com/rombintu/goyametricsv2/cmd/staticlint/noosexit/noosexit_analyzer.go:69.5,70.12 2 0
github.com/rombintu/goyametricsv2/cmd/staticlint/noosexit/noosexit_analyzer.go:70.12,72.6 1 0
github.com/rombintu/goyametricsv2/cmd/staticlint/noosexit/noosexit_analyzer.go:74.5,74.62 1 0
github.com/rombintu/goyametricsv2/cmd/staticlint/noosexit/noosexit_analyzer.go:74.62,76.6 1 0
github.com/rombintu/goyametricsv2/cmd/staticlint/noosexit/noosexit_analyzer.go:78.5,78.16 1 0
github.com/rombintu/goyametricsv2/cmd/staticlint/noosexit/noosexit_analyzer.go:83.2,83.17 1 1
github.com/rombintu/goyametricsv2/internal/storage/pgx_driver.go:31.99,34.2 2 1
github.com/rombintu/goyametricsv2/internal/storage/pgx_driver.go:36.95,39.2 2 1
github.com/rombintu/goyametricsv2/internal/storage/pgx_driver.go:41.84,44.2 2 1
github.com/rombintu/goyametricsv2/internal/storage/pgx_driver.go:46.44,51.2 1 1
github.com/rombintu/goyametricsv2/internal/storage/pgx_driver.go:53.34,55.16 2 1
github.com/rombintu/goyametricsv2/internal/storage/pgx_driver.go:55.16,57.3 1 0
github.com/rombintu/goyametricsv2/internal/storage/pgx_driver.go:58.2,62.29 4 1
github.com/rombintu/goyametricsv2/internal/storage/pgx_driver.go:62.29,63.41 1 1
github.com/rombintu/goyametricsv2/internal/storage/pgx_driver.go:63.41,65.9 2 1
github.com/rombintu/goyametricsv2/internal/storage/pgx_driver.go:67.3,68.45 2 0
github.com/rombintu/goyametricsv2/internal/storage/pgx_driver.go:70.2,70.9 1 1
github.com/rombintu/goyametricsv2/internal/storage/pgx_driver.go:70.9,72.3 1 0
github.com/rombintu/goyametricsv2/internal/storage/pgx_driver.go:74.2,75.16 2 1
github.com/rombintu/goyametricsv2/internal/storage/pgx_driver.go:75.16,77.3 1 0
github.com/rombintu/goyametricsv2/internal/storage/pgx_driver.go:78.2,78.12 1 1
github.com/rombintu/goyametricsv2/internal/storage/pgx_driver.go:81.35,84.2 2 1
github.com/rombintu/goyametricsv2/internal/storage/pgx_driver.go:86.34,88.2 1 1
github.com/rombintu/goyametricsv2/internal/storage/pgx_driver.go:90.34,92.2 1 1
github.com/rombintu/goyametricsv2/internal/storage/pgx_driver.go:94.37,96.2 1 1
github.com/rombintu/goyametricsv2/internal/storage/pgx_driver.go:98.61,100.15 2 1
github.com/rombintu/goyametricsv2/internal/storage/pgx_driver.go:101.19,107.4 1 1
github.com/rombintu/goyametricsv2/internal/storage/pgx_driver.go:108.17,114.4 1 0
github.com/rombintu/goyametricsv2/internal/storage/pgx_driver.go:116.2,117.12 2 1
github.com/rombintu/goyametricsv2/internal/storage/pgx_driver.go:120.62,121.32 1 1
github.com/rombintu/goyametricsv2/internal/storage/pgx_driver.go:121.32,123.3 1 0
github.com/rombintu/goyametricsv2/internal/storage/pgx_driver.go:124.2,129.16 4 1
github.com/rombintu/goyametricsv2/internal/storage/pgx_driver.go:129.16,131.3 1 0
github.com/rombintu/goyametricsv2/internal/storage/pgx_driver.go:132.2,132.16 1 1
github.com/rombintu/goyametricsv2/internal/storage/pgx_driver.go:132.16,134.3 1 1
github.com/rombintu/goyametricsv2/internal/storage/pgx_driver.go:135.2,135.36 1 0
github.com/rombintu/goyametricsv2/internal/storage/pgx_driver.go:139.35,142.16 3 1
github.com/rombintu/goyametricsv2/internal/storage/pgx_driver.go:142.16,145.3 2 0
github.com/rombintu/goyametricsv2/internal/storage/pgx_driver.go:146.2,150.18 4 1
github.com/rombintu/goyametricsv2/internal/storage/pgx_driver.go:150.18,152.59 2 1
github.com/rombintu/goyametricsv2/internal/storage/pgx_driver.go:152.59,155.4 2 0
github.com/rombintu/goyametricsv2/internal/storage/pgx_driver.go:156.3,156.16 1 1
github.com/rombintu/goyametricsv2/internal/storage/pgx_driver.go:157.20,159.65 2 1
github.com/rombintu/goyametricsv2/internal/storage/pgx_driver.go:159.65,161.13 2 0
github.com/rombintu/goyametricsv2/internal/storage/pgx_driver.go:163.4,163.27 1 1
github.com/rombintu/goyametricsv2/internal/storage/pgx_driver.go:164.18,166.63 2 1
github.com/rombintu/goyametricsv2/internal/storage/pgx_driver.go:166.63,168.13 2 0
github.com/rombintu/goyametricsv2/internal/storage/pgx_driver.go:170.4,170.25 1 1
github.com/rombintu/goyametricsv2/internal/storage/pgx_driver.go:173.2,174.16 2 1
github.com/rombintu/goyametricsv2/internal/storage/pgx_driver.go:174.16,176.3 1 0
github.com/rombintu/goyametricsv2/internal/storage/pgx_driver.go:177.2,179.13 3 1
github.com/rombintu/goyametricsv2/internal/storage/pgx_driver.go:182.48,186.67 4 1
github.com/rombintu/goyametricsv2/internal/storage/pgx_driver.go:186.67,188.3 1 0
github.com/rombintu/goyametricsv2/internal/storage/pgx_driver.go:189.2,189.63 1 1
github.com/rombintu/goyametricsv2/internal/storage/pgx_driver.go:189.63,191.3 1 0
github.com/rombintu/goyametricsv2/internal/storage/pgx_driver.go:192.2,192.12 1 1
github.com/rombintu/goyametricsv2/internal/storage/pgx_driver.go:195.89,197.16 2 1
github.com/rombintu/goyametricsv2/internal/storage/pgx_driver.go:197.16,199.3 1 0
github.com/rombintu/goyametricsv2/internal/storage/pgx_driver.go:200.2,203.15 3 1
github.com/rombintu/goyametricsv2/internal/storage/pgx_driver.go:204.19,210.4 1 1
github.com/rombintu/goyametricsv2/internal/storage/pgx_driver.go:211.17,217.4 1 1
github.com/rombintu/goyametricsv2/internal/storage/pgx_driver.go:218.10,219.43 1 0
github.com/rombintu/goyametricsv2/internal/storage/pgx_driver.go:223.2,224.31 2 1
github.com/rombintu/goyametricsv2/internal/storage/pgx_driver.go:224.31,226.17 2 1
github.com/rombintu/goyametricsv2/internal/storage/pgx_driver.go:226.17,228.4 1 0
github.com/rombintu/goyametricsv2/internal/storage/pgx_driver.go:230.2,231.29 2 1
github.com/rombintu/goyametricsv2/internal/storage/pgx_driver.go:234.42,244.2 2 1
github.com/rombintu/goyametricsv2/internal/storage/storage.go:64.63,66.21 2 1
github.com/rombintu/goyametricsv2/internal/storage/storage.go:67.17,68.36 1 1
github.com/rombintu/goyametricsv2/internal/storage/storage.go:69.18,70.36 1 0
github.com/rombintu/goyametricsv2/internal/storage/storage.go:71.10,72.34 1 1
github.com/rombintu/goyametricsv2/internal/storage/storage.go:74.2,74.16 1 1
github.com/rombintu/goyametricsv2/internal/storage/tmp_driver.go:30.48,35.2 1 1
github.com/rombintu/goyametricsv2/internal/storage/tmp_driver.go:37.34,45.2 4 1
github.com/rombintu/goyametricsv2/internal/storage/tmp_driver.go:47.35,50.2 2 1
github.com/rombintu/goyametricsv2/internal/storage/tmp_driver.go:52.34,54.2 1 1
github.com/rombintu/goyametricsv2/internal/storage/tmp_driver.go:56.69,57.15 1 1
github.com/rombintu/goyametricsv2/internal/storage/tmp_driver.go:58.17,60.17 2 0
github.com/rombintu/goyametricsv2/internal/storage/tmp_driver.go:60.17,62.4 1 0
github.com/rombintu/goyametricsv2/internal/storage/tmp_driver.go:63.3,63.30 1 0
github.com/rombintu/goyametricsv2/internal/storage/tmp_driver.go:64.19,66.17 2 1
github.com/rombintu/goyametricsv2/internal/storage/tmp_driver.go:66.17,68.4 1 0
github.com/rombintu/goyametricsv2/internal/storage/tmp_driver.go:69.3,69.32 1 1
github.com/rombintu/goyametricsv2/internal/storage/tmp_driver.go:70.10,71.43 1 0
github.com/rombintu/goyametricsv2/internal/storage/tmp_driver.go:73.2,73.12 1 1
github.com/rombintu/goyametricsv2/internal/storage/tmp_driver.go:76.62,77.15 1 1
github.com/rombintu/goyametricsv2/internal/storage/tmp_driver.go:78.17,80.10 2 0
github.com/rombintu/goyametricsv2/internal/storage/tmp_driver.go:80.10,82.4 1 0
github.com/rombintu/goyametricsv2/internal/storage/tmp_driver.go:83.3,83.54 1 0
github.com/rombintu/goyametricsv2/internal/storage/tmp_driver.go:84.19,86.10 2 1
github.com/rombintu/goyametricsv2/internal/storage/tmp_driver.go:86.10,88.4 1 1
github.com/rombintu/goyametricsv2/internal/storage/tmp_driver.go:89.3,89.43 1 1
github.com/rombintu/goyametricsv2/internal/storage/tmp_driver.go:91.2,91.46 1 0
github.com/rombintu/goyametricsv2/internal/storage/tmp_driver.go:94.58,96.9 2 1
github.com/rombintu/goyametricsv2/internal/storage/tmp_driver.go:96.9,98.3 1 1
github.com/rombintu/goyametricsv2/internal/storage/tmp_driver.go:99.2,99.20 1 1
github.com/rombintu/goyametricsv2/internal/storage/tmp_driver.go:102.58,104.9 2 1
github.com/rombintu/goyametricsv2/internal/storage/tmp_driver.go:104.9,106.3 1 1
github.com/rombintu/goyametricsv2/internal/storage/tmp_driver.go:107.2,107.20 1 1
github.com/rombintu/goyametricsv2/internal/storage/tmp_driver.go:110.60,112.2 1 1
github.com/rombintu/goyametricsv2/internal/storage/tmp_driver.go:114.60,116.12 2 1
github.com/rombintu/goyametricsv2/internal/storage/tmp_driver.go:116.12,119.3 2 1
github.com/rombintu/goyametricsv2/internal/storage/tmp_driver.go:120.2,120.41 1 0
github.com/rombintu/goyametricsv2/internal/storage/tmp_driver.go:123.35,125.2 1 1
github.com/rombintu/goyametricsv2/internal/storage/tmp_driver.go:127.48,128.34 1 1
github.com/rombintu/goyametricsv2/internal/storage/tmp_driver.go:128.34,130.3 1 0
github.com/rombintu/goyametricsv2/internal/storage/tmp_driver.go:131.2,131.32 1 1
github.com/rombintu/goyametricsv2/internal/storage/tmp_driver.go:131.32,133.3 1 0
github.com/rombintu/goyametricsv2/internal/storage/tmp_driver.go:134.2,134.12 1 1
github.com/rombintu/goyametricsv2/internal/storage/tmp_driver.go:137.34,139.28 1 1
github.com/rombintu/goyametricsv2/internal/storage/tmp_driver.go:139.28,141.3 1 0
github.com/rombintu/goyametricsv2/internal/storage/tmp_driver.go:143.2,144.16 2 1
github.com/rombintu/goyametricsv2/internal/storage/tmp_driver.go:144.16,146.3 1 0
github.com/rombintu/goyametricsv2/internal/storage/tmp_driver.go:147.2,149.16 3 1
github.com/rombintu/goyametricsv2/internal/storage/tmp_driver.go:149.16,151.3 1 0
github.com/rombintu/goyametricsv2/internal/storage/tmp_driver.go:152.2,153.16 2 1
github.com/rombintu/goyametricsv2/internal/storage/tmp_driver.go:153.16,155.3 1 0
github.com/rombintu/goyametricsv2/internal/storage/tmp_driver.go:156.2,156.12 1 1
github.com/rombintu/goyametricsv2/internal/storage/tmp_driver.go:159.37,161.28 1 1
github.com/rombintu/goyametricsv2/internal/storage/tmp_driver.go:161.28,163.3 1 0
github.com/rombintu/goyametricsv2/internal/storage/tmp_driver.go:165.2,165.68 1 1
github.com/rombintu/goyametricsv2/internal/storage/tmp_driver.go:165.68,168.3 2 0
github.com/rombintu/goyametricsv2/internal/storage/tmp_driver.go:169.2,170.16 2 1
github.com/rombintu/goyametricsv2/internal/storage/tmp_driver.go:170.16,172.3 1 0
github.com/rombintu/goyametricsv2/internal/storage/tmp_driver.go:173.2,175.16 3 1
github.com/rombintu/goyametricsv2/internal/storage/tmp_driver.go:175.16,178.3 2 0
github.com/rombintu/goyametricsv2/internal/storage/tmp_driver.go:180.2,180.26 1 1
github.com/rombintu/goyametricsv2/internal/storage/tmp_driver.go:180.26,183.3 2 0
github.com/rombintu/goyametricsv2/internal/storage/tmp_driver.go:185.2,186.16 2 1
github.com/rombintu/goyametricsv2/internal/storage/tmp_driver.go:186.16,189.3 2 0
github.com/rombintu/goyametricsv2/internal/storage/tmp_driver.go:191.2,192.16 2 1
github.com/rombintu/goyametricsv2/internal/storage/tmp_driver.go:192.16,195.3 2 0
github.com/rombintu/goyametricsv2/internal/storage/tmp_driver.go:196.2,196.12 1 1
github.com/rombintu/goyametricsv2/internal/storage/tools.go:9.47,11.27 2 1
github.com/rombintu/goyametricsv2/internal/storage/tools.go:11.27,13.3 1 1
github.com/rombintu/goyametricsv2/internal/storage/tools.go:14.2,14.15 1 1
github.com/rombintu/goyametricsv2/internal/storage/tools.go:17.43,19.27 2 1
github.com/rombintu/goyametricsv2/internal/storage/tools.go:19.27,21.3 1 1
github.com/rombintu/goyametricsv2/internal/storage/tools.go:22.2,22.15 1 1
github.com/rombintu/goyametricsv2/lib/mygzip/gzip.go:33.61,35.52 1 1
github.com/rombintu/goyametricsv2/lib/mygzip/gzip.go:35.52,37.3 1 1
github.com/rombintu/goyametricsv2/lib/mygzip/gzip.go:39.2,39.28 1 1
github.com/rombintu/goyametricsv2/lib/mygzip/gzip.go:51.61,52.36 1 1
github.com/rombintu/goyametricsv2/lib/mygzip/gzip.go:52.36,55.52 2 1
github.com/rombintu/goyametricsv2/lib/mygzip/gzip.go:55.52,57.4 1 0
github.com/rombintu/goyametricsv2/lib/mygzip/gzip.go:60.3,61.52 2 1
github.com/rombintu/goyametricsv2/lib/mygzip/gzip.go:61.52,64.18 2 1
github.com/rombintu/goyametricsv2/lib/mygzip/gzip.go:64.18,66.5 1 0
github.com/rombintu/goyametricsv2/lib/mygzip/gzip.go:67.4,70.47 2 1
github.com/rombintu/goyametricsv2/lib/mygzip/gzip.go:74.3,88.33 6 1
github.com/rombintu/goyametricsv2/lib/mygzip/gzip.go:88.33,90.4 1 0
github.com/rombintu/goyametricsv2/lib/mygzip/gzip.go:93.3,93.44 1 1
github.com/rombintu/goyametricsv2/lib/mygzip/gzip.go:93.44,95.4 1 0
github.com/rombintu/goyametricsv2/lib/mygzip/gzip.go:97.3,97.13 1 1
github.com/rombintu/goyametricsv2/lib/ptrhelper/ptrhelper.go:7.31,9.2 1 1
github.com/rombintu/goyametricsv2/lib/ptrhelper/ptrhelper.go:13.37,15.2 1 1
github.com/rombintu/goyametricsv2/lib/myparser/parser.go:15.45,17.2 1 1
github.com/rombintu/goyametricsv2/lib/myparser/parser.go:26.41,28.2 1 1
github.com/rombintu/goyametricsv2/lib/myhash/sha256.go:26.53,30.2 3 1
github.com/rombintu/goyametricsv2/lib/myhash/sha256.go:48.58,49.54 1 1
github.com/rombintu/goyametricsv2/lib/myhash/sha256.go:49.54,50.37 1 1
github.com/rombintu/goyametricsv2/lib/myhash/sha256.go:50.37,52.63 1 1
github.com/rombintu/goyametricsv2/lib/myhash/sha256.go:52.63,54.5 1 1
github.com/rombintu/goyametricsv2/lib/myhash/sha256.go:57.4,58.18 2 1
github.com/rombintu/goyametricsv2/lib/myhash/sha256.go:58.18,60.5 1 0
github.com/rombintu/goyametricsv2/lib/myhash/sha256.go:61.4,64.82 2 1
github.com/rombintu/goyametricsv2/lib/myhash/sha256.go:64.82,66.5 1 1
github.com/rombintu/goyametricsv2/lib/myhash/sha256.go:69.4,71.25 3 1
github.com/rombintu/goyametricsv2/lib/myhash/sha256.go:71.25,73.5 1 0
github.com/rombintu/goyametricsv2/lib/myhash/sha256.go:73.10,73.42 1 1
github.com/rombintu/goyametricsv2/lib/myhash/sha256.go:73.42,76.5 2 1
github.com/rombintu/goyametricsv2/lib/myhash/sha256.go:76.10,78.5 1 0
github.com/rombintu/goyametricsv2/lib/myhash/sha256.go:81.4,82.18 2 0
github.com/rombintu/goyametricsv2/lib/patterns/semaphore.go:18.44,22.2 1 1
github.com/rombintu/goyametricsv2/lib/patterns/semaphore.go:26.31,28.2 1 1
github.com/rombintu/goyametricsv2/lib/patterns/semaphore.go:32.31,34.2 1 1
github.com/rombintu/goyametricsv2/cmd/agent/main.go:25.13,62.12 18 1
github.com/rombintu/goyametricsv2/cmd/agent/main.go:62.12,68.3 3 1
github.com/rombintu/goyametricsv2/cmd/agent/main.go:71.2,72.65 2 1
github.com/rombintu/goyametricsv2/lib/mycrypt/crypto.go:22.44,23.36 1 1
github.com/rombintu/goyametricsv2/lib/mycrypt/crypto.go:23.36,26.3 2 1
github.com/rombintu/goyametricsv2/lib/mycrypt/crypto.go:29.2,30.16 2 1
github.com/rombintu/goyametricsv2/lib/mycrypt/crypto.go:30.16,33.3 2 0
github.com/rombintu/goyametricsv2/lib/mycrypt/crypto.go:36.2,37.53 2 1
github.com/rombintu/goyametricsv2/lib/mycrypt/crypto.go:37.53,40.3 2 1
github.com/rombintu/goyametricsv2/lib/mycrypt/crypto.go:43.2,44.16 2 1
github.com/rombintu/goyametricsv2/lib/mycrypt/crypto.go:44.16,47.3 2 0
github.com/rombintu/goyametricsv2/lib/mycrypt/crypto.go:50.2,50.35 1 1
github.com/rombintu/goyametricsv2/lib/mycrypt/crypto.go:50.35,53.3 2 1
github.com/rombintu/goyametricsv2/lib/mycrypt/crypto.go:56.2,56.46 1 1
github.com/rombintu/goyametricsv2/lib/mycrypt/crypto.go:56.46,59.3 2 0
github.com/rombintu/goyametricsv2/lib/mycrypt/crypto.go:61.2,61.13 1 1
github.com/rombintu/goyametricsv2/lib/mycrypt/crypto.go:66.62,69.16 2 1
github.com/rombintu/goyametricsv2/lib/mycrypt/crypto.go:69.16,71.3 1 0
github.com/rombintu/goyametricsv2/lib/mycrypt/crypto.go:74.2,76.61 2 1
github.com/rombintu/goyametricsv2/lib/mycrypt/crypto.go:76.61,78.3 1 0
github.com/rombintu/goyametricsv2/lib/mycrypt/crypto.go:79.2,79.66 1 1
github.com/rombintu/goyametricsv2/lib/mycrypt/crypto.go:79.66,81.3 1 0
github.com/rombintu/goyametricsv2/lib/mycrypt/crypto.go:83.2,83.24 1 1
github.com/rombintu/goyametricsv2/lib/mycrypt/crypto.go:87.65,99.16 4 1
github.com/rombintu/goyametricsv2/lib/mycrypt/crypto.go:99.16,101.3 1 1
github.com/rombintu/goyametricsv2/lib/mycrypt/crypto.go:102.2,104.32 2 1
github.com/rombintu/goyametricsv2/lib/mycrypt/crypto.go:108.63,119.16 4 1
github.com/rombintu/goyametricsv2/lib/mycrypt/crypto.go:119.16,121.3 1 1
github.com/rombintu/goyametricsv2/lib/mycrypt/crypto.go:122.2,124.32 2 1
github.com/rombintu/goyametricsv2/lib/mycrypt/crypto.go:128.63,130.16 2 1
github.com/rombintu/goyametricsv2/lib/mycrypt/crypto.go:130.16,132.3 1 1
github.com/rombintu/goyametricsv2/lib/mycrypt/crypto.go:133.2,135.16 3 1
github.com/rombintu/goyametricsv2/lib/mycrypt/crypto.go:135.16,137.3 1 0
github.com/rombintu/goyametricsv2/lib/mycrypt/crypto.go:138.2,138.24 1 1
github.com/rombintu/goyametricsv2/lib/mycrypt/crypto.go:142.61,144.16 2 1
github.com/rombintu/goyametricsv2/lib/mycrypt/crypto.go:144.16,146.3 1 1
github.com/rombintu/goyametricsv2/lib/mycrypt/crypto.go:147.2,149.16 3 1
github.com/rombintu/goyametricsv2/lib/mycrypt/crypto.go:149.16,151.3 1 0
github.com/rombintu/goyametricsv2/lib/mycrypt/crypto.go:152.2,152.23 1 1
github.com/rombintu/goyametricsv2/lib/mycrypt/crypto.go:157.67,158.54 1 0
github.com/rombintu/goyametricsv2/lib/mycrypt/crypto.go:158.54,159.37 1 0
github.com/rombintu/goyametricsv2/lib/mycrypt/crypto.go:159.37,161.85 1 0
github.com/rombintu/goyametricsv2/lib/mycrypt/crypto.go:161.85,163.19 2 0
github.com/rombintu/goyametricsv2/lib/mycrypt/crypto.go:163.19,165.6 1 0
github.com/rombintu/goyametricsv2/lib/mycrypt/crypto.go:168.5,169.19 2 0
github.com/rombintu/goyametricsv2/lib/mycrypt/crypto.go:169.19,171.6 1 0
github.com/rombintu/goyametricsv2/lib/mycrypt/crypto.go:172.5,173.19 2 0
github.com/rombintu/goyametricsv2/lib/mycrypt/crypto.go:173.19,175.6 1 0
github.com/rombintu/goyametricsv2/lib/mycrypt/crypto.go:176.5,176.69 1 0
github.com/rombintu/goyametricsv2/lib/mycrypt/crypto.go:180.4,180.34 1 0
github.com/rombintu/goyametricsv2/lib/mycrypt/crypto.go:180.34,182.5 1 0
github.com/rombintu/goyametricsv2/lib/mycrypt/crypto.go:184.4,184.14 1 0
github.com/rombintu/goyametricsv2/lib/mycrypt/crypto.go:191.76,197.16 3 1
github.com/rombintu/goyametricsv2/lib/mycrypt/crypto.go:197.16,199.3 1 0
github.com/rombintu/goyametricsv2/lib/mycrypt/crypto.go:202.2,204.16 3 1
github.com/rombintu/goyametricsv2/lib/mycrypt/crypto.go:204.16,206.3 1 0
github.com/rombintu/goyametricsv2/lib/mycrypt/crypto.go:208.2,208.12 1 1
github.com/rombintu/goyametricsv2/internal/agent/agent.go:75.44,86.2 1 1
github.com/rombintu/goyametricsv2/internal/agent/agent.go:89.29,91.21 1 0
github.com/rombintu/goyametricsv2/internal/agent/agent.go:91.21,93.3 1 0
github.com/rombintu/goyametricsv2/internal/agent/agent.go:95.2,95.18 1 0
github.com/rombintu/goyametricsv2/internal/agent/agent.go:95.18,97.17 2 0
github.com/rombintu/goyametricsv2/internal/agent/agent.go:97.17,101.4 3 0
github.com/rombintu/goyametricsv2/internal/agent/agent.go:102.3,102.26 1 0
github.com/rombintu/goyametricsv2/internal/agent/agent.go:114.38,115.39 1 1
github.com/rombintu/goyametricsv2/internal/agent/agent.go:115.39,117.3 1 1
github.com/rombintu/goyametricsv2/internal/agent/agent.go:117.8,119.3 1 1
github.com/rombintu/goyametricsv2/internal/agent/agent.go:123.32,125.2 1 1
github.com/rombintu/goyametricsv2/internal/agent/agent.go:136.61,137.47 1 1
github.com/rombintu/goyametricsv2/internal/agent/agent.go:137.47,139.3 1 1
github.com/rombintu/goyametricsv2/internal/agent/agent.go:140.2,141.16 2 0
github.com/rombintu/goyametricsv2/internal/agent/agent.go:141.16,143.3 1 0
github.com/rombintu/goyametricsv2/internal/agent/agent.go:146.2,148.16 3 0
github.com/rombintu/goyametricsv2/internal/agent/agent.go:148.16,151.3 2 0
github.com/rombintu/goyametricsv2/internal/agent/agent.go:152.2,153.16 2 0
github.com/rombintu/goyametricsv2/internal/agent/agent.go:153.16,156.3 2 0
github.com/rombintu/goyametricsv2/internal/agent/agent.go:157.2,162.73 2 0
github.com/rombintu/goyametricsv2/internal/agent/agent.go:162.73,165.3 2 0
github.com/rombintu/goyametricsv2/internal/agent/agent.go:168.2,169.16 2 0
github.com/rombintu/goyametricsv2/internal/agent/agent.go:169.16,171.3 1 0
github.com/rombintu/goyametricsv2/internal/agent/agent.go:174.2,174.21 1 0
github.com/rombintu/goyametricsv2/internal/agent/agent.go:174.21,177.3 2 0
github.com/rombintu/goyametricsv2/internal/agent/agent.go:179.2,185.16 5 0
github.com/rombintu/goyametricsv2/internal/agent/agent.go:185.16,187.3 1 0
github.com/rombintu/goyametricsv2/internal/agent/agent.go:189.2,190.12 2 0
github.com/rombintu/goyametricsv2/internal/agent/agent.go:201.54,205.34 3 0
github.com/rombintu/goyametricsv2/internal/agent/agent.go:205.34,212.3 2 0
github.com/rombintu/goyametricsv2/internal/agent/agent.go:214.2,214.32 1 0
github.com/rombintu/goyametricsv2/internal/agent/agent.go:214.32,221.3 2 0
github.com/rombintu/goyametricsv2/internal/agent/agent.go:223.2,223.56 1 0
github.com/rombintu/goyametricsv2/internal/agent/agent.go:223.56,225.3 1 0
github.com/rombintu/goyametricsv2/internal/agent/agent.go:226.2,226.12 1 0
github.com/rombintu/goyametricsv2/internal/agent/agent.go:235.68,237.6 2 0
github.com/rombintu/goyametricsv2/internal/agent/agent.go:237.6,238.10 1 0
github.com/rombintu/goyametricsv2/internal/agent/agent.go:239.21,241.10 2 0
github.com/rombintu/goyametricsv2/internal/agent/agent.go:242.11,247.23 2 0
github.com/rombintu/goyametricsv2/internal/agent/agent.go:247.23,250.5 2 0
github.com/rombintu/goyametricsv2/internal/agent/agent.go:251.4,251.56 1 0
github.com/rombintu/goyametricsv2/internal/agent/agent.go:251.56,254.5 2 0
github.com/rombintu/goyametricsv2/internal/agent/agent.go:255.4,255.23 1 0
github.com/rombintu/goyametricsv2/internal/agent/agent.go:255.23,258.5 2 0
github.com/rombintu/goyametricsv2/internal/agent/agent.go:259.4,259.61 1 0
github.com/rombintu/goyametricsv2/internal/agent/agent.go:270.66,272.6 2 0
github.com/rombintu/goyametricsv2/internal/agent/agent.go:272.6,273.10 1 0
github.com/rombintu/goyametricsv2/internal/agent/agent.go:274.21,276.10 2 0
github.com/rombintu/goyametricsv2/internal/agent/agent.go:277.11,280.59 3 0
github.com/rombintu/goyametricsv2/internal/agent/agent.go:291.68,293.6 2 0
github.com/rombintu/goyametricsv2/internal/agent/agent.go:293.6,294.10 1 0
github.com/rombintu/goyametricsv2/internal/agent/agent.go:295.21,297.10 2 0
github.com/rombintu/goyametricsv2/internal/agent/agent.go:298.11,300.23 2 0
github.com/rombintu/goyametricsv2/internal/agent/agent.go:300.23,303.5 2 0
github.com/rombintu/goyametricsv2/internal/agent/agent.go:304.4,304.57 1 0
github.com/rombintu/goyametricsv2/internal/agent/agent.go:304.57,306.5 1 0
github.com/rombintu/goyametricsv2/internal/agent/agent.go:307.4,307.23 1 0
github.com/rombintu/goyametricsv2/internal/agent/agent.go:307.23,310.5 2 0
github.com/rombintu/goyametricsv2/internal/agent/agent.go:311.4,312.59 2 0
github.com/rombintu/goyametricsv2/internal/agent/agent.go:322.43,324.16 2 1
github.com/rombintu/goyametricsv2/internal/agent/agent.go:324.16,327.3 2 0
github.com/rombintu/goyametricsv2/internal/agent/agent.go:329.2,330.16 2 1
github.com/rombintu/goyametricsv2/internal/agent/agent.go:330.16,333.3 2 0
github.com/rombintu/goyametricsv2/internal/agent/agent.go:335.2,342.3 5 1
github.com/rombintu/goyametricsv2/internal/agent/agent.go:347.31,353.16 5 1
github.com/rombintu/goyametricsv2/internal/agent/agent.go:353.16,355.3 1 0
github.com/rombintu/goyametricsv2/internal/agent/agent.go:356.2,360.44 4 1
github.com/rombintu/goyametricsv2/internal/agent/agent.go:360.44,361.28 1 1
github.com/rombintu/goyametricsv2/internal/agent/agent.go:362.16,366.6 1 1
github.com/rombintu/goyametricsv2/internal/agent/agent.go:367.14,371.6 1 0
github.com/rombintu/goyametricsv2/internal/agent/agent.go:376.2,384.24 5 1
github.com/rombintu/goyametricsv2/internal/agent/agent.go:391.30,393.16 2 1
github.com/rombintu/goyametricsv2/internal/agent/agent.go:393.16,395.3 1 1
github.com/rombintu/goyametricsv2/internal/agent/agent.go:396.2,397.12 2 0
github.com/rombintu/goyametricsv2/internal/agent/agent.go:405.44,407.32 2 1
github.com/rombintu/goyametricsv2/internal/agent/agent.go:407.32,408.30 1 1
github.com/rombintu/goyametricsv2/internal/agent/agent.go:408.30,412.35 3 1
github.com/rombintu/goyametricsv2/internal/agent/agent.go:412.35,414.5 1 0
github.com/rombintu/goyametricsv2/internal/agent/agent.go:417.2,417.12 1 1
